
AVRASM ver. 2.1.30  C:\Users\PC\OneDrive\Desktop\CodeVisionCoding\Sensor\List\Sensor.asm Wed Dec 16 16:54:09 2020

C:\Users\PC\OneDrive\Desktop\CodeVisionCoding\Sensor\List\Sensor.asm(1061): warning: Register r5 already defined by the .DEF directive
C:\Users\PC\OneDrive\Desktop\CodeVisionCoding\Sensor\List\Sensor.asm(1062): warning: Register r4 already defined by the .DEF directive
C:\Users\PC\OneDrive\Desktop\CodeVisionCoding\Sensor\List\Sensor.asm(1063): warning: Register r6 already defined by the .DEF directive
C:\Users\PC\OneDrive\Desktop\CodeVisionCoding\Sensor\List\Sensor.asm(1064): warning: Register r8 already defined by the .DEF directive
C:\Users\PC\OneDrive\Desktop\CodeVisionCoding\Sensor\List\Sensor.asm(1065): warning: Register r10 already defined by the .DEF directive
C:\Users\PC\OneDrive\Desktop\CodeVisionCoding\Sensor\List\Sensor.asm(1066): warning: Register r12 already defined by the .DEF directive
                 
                 
                 ;CodeVisionAVR C Compiler V2.05.0 Professional
                 ;(C) Copyright 1998-2010 Pavel Haiduc, HP InfoTech s.r.l.
                 ;http://www.hpinfotech.com
                 
                 ;Chip type                : ATmega128L
                 ;Program type             : Application
                 ;Clock frequency          : 16.000000 MHz
                 ;Memory model             : Small
                 ;Optimize for             : Size
                 ;(s)printf features       : int, width
                 ;(s)scanf features        : int, width
                 ;External RAM size        : 0
                 ;Data Stack size          : 1024 byte(s)
                 ;Heap size                : 0 byte(s)
                 ;Promote 'char' to 'int'  : Yes
                 ;'char' is unsigned       : Yes
                 ;8 bit enums              : Yes
                 ;global 'const' stored in FLASH: No
                 ;Enhanced core instructions    : On
                 ;Smart register allocation     : On
                 ;Automatic register allocation : On
                 
                 	#pragma AVRPART ADMIN PART_NAME ATmega128L
                 	#pragma AVRPART MEMORY PROG_FLASH 131072
                 	#pragma AVRPART MEMORY EEPROM 4096
                 	#pragma AVRPART MEMORY INT_SRAM SIZE 4351
                 	#pragma AVRPART MEMORY INT_SRAM START_ADDR 0x100
                 
                 	#define CALL_SUPPORTED 1
                 
                 	.LISTMAC
                 	.EQU UDRE=0x5
                 	.EQU RXC=0x7
                 	.EQU USR=0xB
                 	.EQU UDR=0xC
                 	.EQU SPSR=0xE
                 	.EQU SPDR=0xF
                 	.EQU EERE=0x0
                 	.EQU EEWE=0x1
                 	.EQU EEMWE=0x2
                 	.EQU EECR=0x1C
                 	.EQU EEDR=0x1D
                 	.EQU EEARL=0x1E
                 	.EQU EEARH=0x1F
                 	.EQU WDTCR=0x21
                 	.EQU MCUCR=0x35
                 	.EQU RAMPZ=0x3B
                 	.EQU SPL=0x3D
                 	.EQU SPH=0x3E
                 	.EQU SREG=0x3F
                 	.EQU XMCRA=0x6D
                 	.EQU XMCRB=0x6C
                 
                 	.DEF R0X0=R0
                 	.DEF R0X1=R1
                 	.DEF R0X2=R2
                 	.DEF R0X3=R3
                 	.DEF R0X4=R4
                 	.DEF R0X5=R5
                 	.DEF R0X6=R6
                 	.DEF R0X7=R7
                 	.DEF R0X8=R8
                 	.DEF R0X9=R9
                 	.DEF R0XA=R10
                 	.DEF R0XB=R11
                 	.DEF R0XC=R12
                 	.DEF R0XD=R13
                 	.DEF R0XE=R14
                 	.DEF R0XF=R15
                 	.DEF R0X10=R16
                 	.DEF R0X11=R17
                 	.DEF R0X12=R18
                 	.DEF R0X13=R19
                 	.DEF R0X14=R20
                 	.DEF R0X15=R21
                 	.DEF R0X16=R22
                 	.DEF R0X17=R23
                 	.DEF R0X18=R24
                 	.DEF R0X19=R25
                 	.DEF R0X1A=R26
                 	.DEF R0X1B=R27
                 	.DEF R0X1C=R28
                 	.DEF R0X1D=R29
                 	.DEF R0X1E=R30
                 	.DEF R0X1F=R31
                 
                 	.EQU __SRAM_START=0x0100
                 	.EQU __SRAM_END=0x10FF
                 	.EQU __DSTACK_SIZE=0x0400
                 	.EQU __HEAP_SIZE=0x0000
                 	.EQU __CLEAR_SRAM_SIZE=__SRAM_END-__SRAM_START+1
                 
                 	.MACRO __CPD1N
                 	CPI  R30,LOW(@0)
                 	LDI  R26,HIGH(@0)
                 	CPC  R31,R26
                 	LDI  R26,BYTE3(@0)
                 	CPC  R22,R26
                 	LDI  R26,BYTE4(@0)
                 	CPC  R23,R26
                 	.ENDM
                 
                 	.MACRO __CPD2N
                 	CPI  R26,LOW(@0)
                 	LDI  R30,HIGH(@0)
                 	CPC  R27,R30
                 	LDI  R30,BYTE3(@0)
                 	CPC  R24,R30
                 	LDI  R30,BYTE4(@0)
                 	CPC  R25,R30
                 	.ENDM
                 
                 	.MACRO __CPWRR
                 	CP   R@0,R@2
                 	CPC  R@1,R@3
                 	.ENDM
                 
                 	.MACRO __CPWRN
                 	CPI  R@0,LOW(@2)
                 	LDI  R30,HIGH(@2)
                 	CPC  R@1,R30
                 	.ENDM
                 
                 	.MACRO __ADDB1MN
                 	SUBI R30,LOW(-@0-(@1))
                 	.ENDM
                 
                 	.MACRO __ADDB2MN
                 	SUBI R26,LOW(-@0-(@1))
                 	.ENDM
                 
                 	.MACRO __ADDW1MN
                 	SUBI R30,LOW(-@0-(@1))
                 	SBCI R31,HIGH(-@0-(@1))
                 	.ENDM
                 
                 	.MACRO __ADDW2MN
                 	SUBI R26,LOW(-@0-(@1))
                 	SBCI R27,HIGH(-@0-(@1))
                 	.ENDM
                 
                 	.MACRO __ADDW1FN
                 	SUBI R30,LOW(-2*@0-(@1))
                 	SBCI R31,HIGH(-2*@0-(@1))
                 	.ENDM
                 
                 	.MACRO __ADDD1FN
                 	SUBI R30,LOW(-2*@0-(@1))
                 	SBCI R31,HIGH(-2*@0-(@1))
                 	SBCI R22,BYTE3(-2*@0-(@1))
                 	.ENDM
                 
                 	.MACRO __ADDD1N
                 	SUBI R30,LOW(-@0)
                 	SBCI R31,HIGH(-@0)
                 	SBCI R22,BYTE3(-@0)
                 	SBCI R23,BYTE4(-@0)
                 	.ENDM
                 
                 	.MACRO __ADDD2N
                 	SUBI R26,LOW(-@0)
                 	SBCI R27,HIGH(-@0)
                 	SBCI R24,BYTE3(-@0)
                 	SBCI R25,BYTE4(-@0)
                 	.ENDM
                 
                 	.MACRO __SUBD1N
                 	SUBI R30,LOW(@0)
                 	SBCI R31,HIGH(@0)
                 	SBCI R22,BYTE3(@0)
                 	SBCI R23,BYTE4(@0)
                 	.ENDM
                 
                 	.MACRO __SUBD2N
                 	SUBI R26,LOW(@0)
                 	SBCI R27,HIGH(@0)
                 	SBCI R24,BYTE3(@0)
                 	SBCI R25,BYTE4(@0)
                 	.ENDM
                 
                 	.MACRO __ANDBMNN
                 	LDS  R30,@0+(@1)
                 	ANDI R30,LOW(@2)
                 	STS  @0+(@1),R30
                 	.ENDM
                 
                 	.MACRO __ANDWMNN
                 	LDS  R30,@0+(@1)
                 	ANDI R30,LOW(@2)
                 	STS  @0+(@1),R30
                 	LDS  R30,@0+(@1)+1
                 	ANDI R30,HIGH(@2)
                 	STS  @0+(@1)+1,R30
                 	.ENDM
                 
                 	.MACRO __ANDD1N
                 	ANDI R30,LOW(@0)
                 	ANDI R31,HIGH(@0)
                 	ANDI R22,BYTE3(@0)
                 	ANDI R23,BYTE4(@0)
                 	.ENDM
                 
                 	.MACRO __ANDD2N
                 	ANDI R26,LOW(@0)
                 	ANDI R27,HIGH(@0)
                 	ANDI R24,BYTE3(@0)
                 	ANDI R25,BYTE4(@0)
                 	.ENDM
                 
                 	.MACRO __ORBMNN
                 	LDS  R30,@0+(@1)
                 	ORI  R30,LOW(@2)
                 	STS  @0+(@1),R30
                 	.ENDM
                 
                 	.MACRO __ORWMNN
                 	LDS  R30,@0+(@1)
                 	ORI  R30,LOW(@2)
                 	STS  @0+(@1),R30
                 	LDS  R30,@0+(@1)+1
                 	ORI  R30,HIGH(@2)
                 	STS  @0+(@1)+1,R30
                 	.ENDM
                 
                 	.MACRO __ORD1N
                 	ORI  R30,LOW(@0)
                 	ORI  R31,HIGH(@0)
                 	ORI  R22,BYTE3(@0)
                 	ORI  R23,BYTE4(@0)
                 	.ENDM
                 
                 	.MACRO __ORD2N
                 	ORI  R26,LOW(@0)
                 	ORI  R27,HIGH(@0)
                 	ORI  R24,BYTE3(@0)
                 	ORI  R25,BYTE4(@0)
                 	.ENDM
                 
                 	.MACRO __DELAY_USB
                 	LDI  R24,LOW(@0)
                 __DELAY_USB_LOOP:
                 	DEC  R24
                 	BRNE __DELAY_USB_LOOP
                 	.ENDM
                 
                 	.MACRO __DELAY_USW
                 	LDI  R24,LOW(@0)
                 	LDI  R25,HIGH(@0)
                 __DELAY_USW_LOOP:
                 	SBIW R24,1
                 	BRNE __DELAY_USW_LOOP
                 	.ENDM
                 
                 	.MACRO __GETD1S
                 	LDD  R30,Y+@0
                 	LDD  R31,Y+@0+1
                 	LDD  R22,Y+@0+2
                 	LDD  R23,Y+@0+3
                 	.ENDM
                 
                 	.MACRO __GETD2S
                 	LDD  R26,Y+@0
                 	LDD  R27,Y+@0+1
                 	LDD  R24,Y+@0+2
                 	LDD  R25,Y+@0+3
                 	.ENDM
                 
                 	.MACRO __PUTD1S
                 	STD  Y+@0,R30
                 	STD  Y+@0+1,R31
                 	STD  Y+@0+2,R22
                 	STD  Y+@0+3,R23
                 	.ENDM
                 
                 	.MACRO __PUTD2S
                 	STD  Y+@0,R26
                 	STD  Y+@0+1,R27
                 	STD  Y+@0+2,R24
                 	STD  Y+@0+3,R25
                 	.ENDM
                 
                 	.MACRO __PUTDZ2
                 	STD  Z+@0,R26
                 	STD  Z+@0+1,R27
                 	STD  Z+@0+2,R24
                 	STD  Z+@0+3,R25
                 	.ENDM
                 
                 	.MACRO __CLRD1S
                 	STD  Y+@0,R30
                 	STD  Y+@0+1,R30
                 	STD  Y+@0+2,R30
                 	STD  Y+@0+3,R30
                 	.ENDM
                 
                 	.MACRO __POINTB1MN
                 	LDI  R30,LOW(@0+(@1))
                 	.ENDM
                 
                 	.MACRO __POINTW1MN
                 	LDI  R30,LOW(@0+(@1))
                 	LDI  R31,HIGH(@0+(@1))
                 	.ENDM
                 
                 	.MACRO __POINTD1M
                 	LDI  R30,LOW(@0)
                 	LDI  R31,HIGH(@0)
                 	LDI  R22,BYTE3(@0)
                 	LDI  R23,BYTE4(@0)
                 	.ENDM
                 
                 	.MACRO __POINTW1FN
                 	LDI  R30,LOW(2*@0+(@1))
                 	LDI  R31,HIGH(2*@0+(@1))
                 	.ENDM
                 
                 	.MACRO __POINTD1FN
                 	LDI  R30,LOW(2*@0+(@1))
                 	LDI  R31,HIGH(2*@0+(@1))
                 	LDI  R22,BYTE3(2*@0+(@1))
                 	LDI  R23,BYTE4(2*@0+(@1))
                 	.ENDM
                 
                 	.MACRO __POINTB2MN
                 	LDI  R26,LOW(@0+(@1))
                 	.ENDM
                 
                 	.MACRO __POINTW2MN
                 	LDI  R26,LOW(@0+(@1))
                 	LDI  R27,HIGH(@0+(@1))
                 	.ENDM
                 
                 	.MACRO __POINTBRM
                 	LDI  R@0,LOW(@1)
                 	.ENDM
                 
                 	.MACRO __POINTWRM
                 	LDI  R@0,LOW(@2)
                 	LDI  R@1,HIGH(@2)
                 	.ENDM
                 
                 	.MACRO __POINTBRMN
                 	LDI  R@0,LOW(@1+(@2))
                 	.ENDM
                 
                 	.MACRO __POINTWRMN
                 	LDI  R@0,LOW(@2+(@3))
                 	LDI  R@1,HIGH(@2+(@3))
                 	.ENDM
                 
                 	.MACRO __POINTWRFN
                 	LDI  R@0,LOW(@2*2+(@3))
                 	LDI  R@1,HIGH(@2*2+(@3))
                 	.ENDM
                 
                 	.MACRO __GETD1N
                 	LDI  R30,LOW(@0)
                 	LDI  R31,HIGH(@0)
                 	LDI  R22,BYTE3(@0)
                 	LDI  R23,BYTE4(@0)
                 	.ENDM
                 
                 	.MACRO __GETD2N
                 	LDI  R26,LOW(@0)
                 	LDI  R27,HIGH(@0)
                 	LDI  R24,BYTE3(@0)
                 	LDI  R25,BYTE4(@0)
                 	.ENDM
                 
                 	.MACRO __GETB1MN
                 	LDS  R30,@0+(@1)
                 	.ENDM
                 
                 	.MACRO __GETB1HMN
                 	LDS  R31,@0+(@1)
                 	.ENDM
                 
                 	.MACRO __GETW1MN
                 	LDS  R30,@0+(@1)
                 	LDS  R31,@0+(@1)+1
                 	.ENDM
                 
                 	.MACRO __GETD1MN
                 	LDS  R30,@0+(@1)
                 	LDS  R31,@0+(@1)+1
                 	LDS  R22,@0+(@1)+2
                 	LDS  R23,@0+(@1)+3
                 	.ENDM
                 
                 	.MACRO __GETBRMN
                 	LDS  R@0,@1+(@2)
                 	.ENDM
                 
                 	.MACRO __GETWRMN
                 	LDS  R@0,@2+(@3)
                 	LDS  R@1,@2+(@3)+1
                 	.ENDM
                 
                 	.MACRO __GETWRZ
                 	LDD  R@0,Z+@2
                 	LDD  R@1,Z+@2+1
                 	.ENDM
                 
                 	.MACRO __GETD2Z
                 	LDD  R26,Z+@0
                 	LDD  R27,Z+@0+1
                 	LDD  R24,Z+@0+2
                 	LDD  R25,Z+@0+3
                 	.ENDM
                 
                 	.MACRO __GETB2MN
                 	LDS  R26,@0+(@1)
                 	.ENDM
                 
                 	.MACRO __GETW2MN
                 	LDS  R26,@0+(@1)
                 	LDS  R27,@0+(@1)+1
                 	.ENDM
                 
                 	.MACRO __GETD2MN
                 	LDS  R26,@0+(@1)
                 	LDS  R27,@0+(@1)+1
                 	LDS  R24,@0+(@1)+2
                 	LDS  R25,@0+(@1)+3
                 	.ENDM
                 
                 	.MACRO __PUTB1MN
                 	STS  @0+(@1),R30
                 	.ENDM
                 
                 	.MACRO __PUTW1MN
                 	STS  @0+(@1),R30
                 	STS  @0+(@1)+1,R31
                 	.ENDM
                 
                 	.MACRO __PUTD1MN
                 	STS  @0+(@1),R30
                 	STS  @0+(@1)+1,R31
                 	STS  @0+(@1)+2,R22
                 	STS  @0+(@1)+3,R23
                 	.ENDM
                 
                 	.MACRO __PUTB1EN
                 	LDI  R26,LOW(@0+(@1))
                 	LDI  R27,HIGH(@0+(@1))
                 	CALL __EEPROMWRB
                 	.ENDM
                 
                 	.MACRO __PUTW1EN
                 	LDI  R26,LOW(@0+(@1))
                 	LDI  R27,HIGH(@0+(@1))
                 	CALL __EEPROMWRW
                 	.ENDM
                 
                 	.MACRO __PUTD1EN
                 	LDI  R26,LOW(@0+(@1))
                 	LDI  R27,HIGH(@0+(@1))
                 	CALL __EEPROMWRD
                 	.ENDM
                 
                 	.MACRO __PUTBR0MN
                 	STS  @0+(@1),R0
                 	.ENDM
                 
                 	.MACRO __PUTBMRN
                 	STS  @0+(@1),R@2
                 	.ENDM
                 
                 	.MACRO __PUTWMRN
                 	STS  @0+(@1),R@2
                 	STS  @0+(@1)+1,R@3
                 	.ENDM
                 
                 	.MACRO __PUTBZR
                 	STD  Z+@1,R@0
                 	.ENDM
                 
                 	.MACRO __PUTWZR
                 	STD  Z+@2,R@0
                 	STD  Z+@2+1,R@1
                 	.ENDM
                 
                 	.MACRO __GETW1R
                 	MOV  R30,R@0
                 	MOV  R31,R@1
                 	.ENDM
                 
                 	.MACRO __GETW2R
                 	MOV  R26,R@0
                 	MOV  R27,R@1
                 	.ENDM
                 
                 	.MACRO __GETWRN
                 	LDI  R@0,LOW(@2)
                 	LDI  R@1,HIGH(@2)
                 	.ENDM
                 
                 	.MACRO __PUTW1R
                 	MOV  R@0,R30
                 	MOV  R@1,R31
                 	.ENDM
                 
                 	.MACRO __PUTW2R
                 	MOV  R@0,R26
                 	MOV  R@1,R27
                 	.ENDM
                 
                 	.MACRO __ADDWRN
                 	SUBI R@0,LOW(-@2)
                 	SBCI R@1,HIGH(-@2)
                 	.ENDM
                 
                 	.MACRO __ADDWRR
                 	ADD  R@0,R@2
                 	ADC  R@1,R@3
                 	.ENDM
                 
                 	.MACRO __SUBWRN
                 	SUBI R@0,LOW(@2)
                 	SBCI R@1,HIGH(@2)
                 	.ENDM
                 
                 	.MACRO __SUBWRR
                 	SUB  R@0,R@2
                 	SBC  R@1,R@3
                 	.ENDM
                 
                 	.MACRO __ANDWRN
                 	ANDI R@0,LOW(@2)
                 	ANDI R@1,HIGH(@2)
                 	.ENDM
                 
                 	.MACRO __ANDWRR
                 	AND  R@0,R@2
                 	AND  R@1,R@3
                 	.ENDM
                 
                 	.MACRO __ORWRN
                 	ORI  R@0,LOW(@2)
                 	ORI  R@1,HIGH(@2)
                 	.ENDM
                 
                 	.MACRO __ORWRR
                 	OR   R@0,R@2
                 	OR   R@1,R@3
                 	.ENDM
                 
                 	.MACRO __EORWRR
                 	EOR  R@0,R@2
                 	EOR  R@1,R@3
                 	.ENDM
                 
                 	.MACRO __GETWRS
                 	LDD  R@0,Y+@2
                 	LDD  R@1,Y+@2+1
                 	.ENDM
                 
                 	.MACRO __PUTBSR
                 	STD  Y+@1,R@0
                 	.ENDM
                 
                 	.MACRO __PUTWSR
                 	STD  Y+@2,R@0
                 	STD  Y+@2+1,R@1
                 	.ENDM
                 
                 	.MACRO __MOVEWRR
                 	MOV  R@0,R@2
                 	MOV  R@1,R@3
                 	.ENDM
                 
                 	.MACRO __INWR
                 	IN   R@0,@2
                 	IN   R@1,@2+1
                 	.ENDM
                 
                 	.MACRO __OUTWR
                 	OUT  @2+1,R@1
                 	OUT  @2,R@0
                 	.ENDM
                 
                 	.MACRO __CALL1MN
                 	LDS  R30,@0+(@1)
                 	LDS  R31,@0+(@1)+1
                 	ICALL
                 	.ENDM
                 
                 	.MACRO __CALL1FN
                 	LDI  R30,LOW(2*@0+(@1))
                 	LDI  R31,HIGH(2*@0+(@1))
                 	CALL __GETW1PF
                 	ICALL
                 	.ENDM
                 
                 	.MACRO __CALL2EN
                 	LDI  R26,LOW(@0+(@1))
                 	LDI  R27,HIGH(@0+(@1))
                 	CALL __EEPROMRDW
                 	ICALL
                 	.ENDM
                 
                 	.MACRO __GETW1STACK
                 	IN   R26,SPL
                 	IN   R27,SPH
                 	ADIW R26,@0+1
                 	LD   R30,X+
                 	LD   R31,X
                 	.ENDM
                 
                 	.MACRO __GETD1STACK
                 	IN   R26,SPL
                 	IN   R27,SPH
                 	ADIW R26,@0+1
                 	LD   R30,X+
                 	LD   R31,X+
                 	LD   R22,X
                 	.ENDM
                 
                 	.MACRO __NBST
                 	BST  R@0,@1
                 	IN   R30,SREG
                 	LDI  R31,0x40
                 	EOR  R30,R31
                 	OUT  SREG,R30
                 	.ENDM
                 
                 
                 	.MACRO __PUTB1SN
                 	LDD  R26,Y+@0
                 	LDD  R27,Y+@0+1
                 	SUBI R26,LOW(-@1)
                 	SBCI R27,HIGH(-@1)
                 	ST   X,R30
                 	.ENDM
                 
                 	.MACRO __PUTW1SN
                 	LDD  R26,Y+@0
                 	LDD  R27,Y+@0+1
                 	SUBI R26,LOW(-@1)
                 	SBCI R27,HIGH(-@1)
                 	ST   X+,R30
                 	ST   X,R31
                 	.ENDM
                 
                 	.MACRO __PUTD1SN
                 	LDD  R26,Y+@0
                 	LDD  R27,Y+@0+1
                 	SUBI R26,LOW(-@1)
                 	SBCI R27,HIGH(-@1)
                 	CALL __PUTDP1
                 	.ENDM
                 
                 	.MACRO __PUTB1SNS
                 	LDD  R26,Y+@0
                 	LDD  R27,Y+@0+1
                 	ADIW R26,@1
                 	ST   X,R30
                 	.ENDM
                 
                 	.MACRO __PUTW1SNS
                 	LDD  R26,Y+@0
                 	LDD  R27,Y+@0+1
                 	ADIW R26,@1
                 	ST   X+,R30
                 	ST   X,R31
                 	.ENDM
                 
                 	.MACRO __PUTD1SNS
                 	LDD  R26,Y+@0
                 	LDD  R27,Y+@0+1
                 	ADIW R26,@1
                 	CALL __PUTDP1
                 	.ENDM
                 
                 	.MACRO __PUTB1PMN
                 	LDS  R26,@0
                 	LDS  R27,@0+1
                 	SUBI R26,LOW(-@1)
                 	SBCI R27,HIGH(-@1)
                 	ST   X,R30
                 	.ENDM
                 
                 	.MACRO __PUTW1PMN
                 	LDS  R26,@0
                 	LDS  R27,@0+1
                 	SUBI R26,LOW(-@1)
                 	SBCI R27,HIGH(-@1)
                 	ST   X+,R30
                 	ST   X,R31
                 	.ENDM
                 
                 	.MACRO __PUTD1PMN
                 	LDS  R26,@0
                 	LDS  R27,@0+1
                 	SUBI R26,LOW(-@1)
                 	SBCI R27,HIGH(-@1)
                 	CALL __PUTDP1
                 	.ENDM
                 
                 	.MACRO __PUTB1PMNS
                 	LDS  R26,@0
                 	LDS  R27,@0+1
                 	ADIW R26,@1
                 	ST   X,R30
                 	.ENDM
                 
                 	.MACRO __PUTW1PMNS
                 	LDS  R26,@0
                 	LDS  R27,@0+1
                 	ADIW R26,@1
                 	ST   X+,R30
                 	ST   X,R31
                 	.ENDM
                 
                 	.MACRO __PUTD1PMNS
                 	LDS  R26,@0
                 	LDS  R27,@0+1
                 	ADIW R26,@1
                 	CALL __PUTDP1
                 	.ENDM
                 
                 	.MACRO __PUTB1RN
                 	MOVW R26,R@0
                 	SUBI R26,LOW(-@1)
                 	SBCI R27,HIGH(-@1)
                 	ST   X,R30
                 	.ENDM
                 
                 	.MACRO __PUTW1RN
                 	MOVW R26,R@0
                 	SUBI R26,LOW(-@1)
                 	SBCI R27,HIGH(-@1)
                 	ST   X+,R30
                 	ST   X,R31
                 	.ENDM
                 
                 	.MACRO __PUTD1RN
                 	MOVW R26,R@0
                 	SUBI R26,LOW(-@1)
                 	SBCI R27,HIGH(-@1)
                 	CALL __PUTDP1
                 	.ENDM
                 
                 	.MACRO __PUTB1RNS
                 	MOVW R26,R@0
                 	ADIW R26,@1
                 	ST   X,R30
                 	.ENDM
                 
                 	.MACRO __PUTW1RNS
                 	MOVW R26,R@0
                 	ADIW R26,@1
                 	ST   X+,R30
                 	ST   X,R31
                 	.ENDM
                 
                 	.MACRO __PUTD1RNS
                 	MOVW R26,R@0
                 	ADIW R26,@1
                 	CALL __PUTDP1
                 	.ENDM
                 
                 	.MACRO __PUTB1RON
                 	MOV  R26,R@0
                 	MOV  R27,R@1
                 	SUBI R26,LOW(-@2)
                 	SBCI R27,HIGH(-@2)
                 	ST   X,R30
                 	.ENDM
                 
                 	.MACRO __PUTW1RON
                 	MOV  R26,R@0
                 	MOV  R27,R@1
                 	SUBI R26,LOW(-@2)
                 	SBCI R27,HIGH(-@2)
                 	ST   X+,R30
                 	ST   X,R31
                 	.ENDM
                 
                 	.MACRO __PUTD1RON
                 	MOV  R26,R@0
                 	MOV  R27,R@1
                 	SUBI R26,LOW(-@2)
                 	SBCI R27,HIGH(-@2)
                 	CALL __PUTDP1
                 	.ENDM
                 
                 	.MACRO __PUTB1RONS
                 	MOV  R26,R@0
                 	MOV  R27,R@1
                 	ADIW R26,@2
                 	ST   X,R30
                 	.ENDM
                 
                 	.MACRO __PUTW1RONS
                 	MOV  R26,R@0
                 	MOV  R27,R@1
                 	ADIW R26,@2
                 	ST   X+,R30
                 	ST   X,R31
                 	.ENDM
                 
                 	.MACRO __PUTD1RONS
                 	MOV  R26,R@0
                 	MOV  R27,R@1
                 	ADIW R26,@2
                 	CALL __PUTDP1
                 	.ENDM
                 
                 
                 	.MACRO __GETB1SX
                 	MOVW R30,R28
                 	SUBI R30,LOW(-@0)
                 	SBCI R31,HIGH(-@0)
                 	LD   R30,Z
                 	.ENDM
                 
                 	.MACRO __GETB1HSX
                 	MOVW R30,R28
                 	SUBI R30,LOW(-@0)
                 	SBCI R31,HIGH(-@0)
                 	LD   R31,Z
                 	.ENDM
                 
                 	.MACRO __GETW1SX
                 	MOVW R30,R28
                 	SUBI R30,LOW(-@0)
                 	SBCI R31,HIGH(-@0)
                 	LD   R0,Z+
                 	LD   R31,Z
                 	MOV  R30,R0
                 	.ENDM
                 
                 	.MACRO __GETD1SX
                 	MOVW R30,R28
                 	SUBI R30,LOW(-@0)
                 	SBCI R31,HIGH(-@0)
                 	LD   R0,Z+
                 	LD   R1,Z+
                 	LD   R22,Z+
                 	LD   R23,Z
                 	MOVW R30,R0
                 	.ENDM
                 
                 	.MACRO __GETB2SX
                 	MOVW R26,R28
                 	SUBI R26,LOW(-@0)
                 	SBCI R27,HIGH(-@0)
                 	LD   R26,X
                 	.ENDM
                 
                 	.MACRO __GETW2SX
                 	MOVW R26,R28
                 	SUBI R26,LOW(-@0)
                 	SBCI R27,HIGH(-@0)
                 	LD   R0,X+
                 	LD   R27,X
                 	MOV  R26,R0
                 	.ENDM
                 
                 	.MACRO __GETD2SX
                 	MOVW R26,R28
                 	SUBI R26,LOW(-@0)
                 	SBCI R27,HIGH(-@0)
                 	LD   R0,X+
                 	LD   R1,X+
                 	LD   R24,X+
                 	LD   R25,X
                 	MOVW R26,R0
                 	.ENDM
                 
                 	.MACRO __GETBRSX
                 	MOVW R30,R28
                 	SUBI R30,LOW(-@1)
                 	SBCI R31,HIGH(-@1)
                 	LD   R@0,Z
                 	.ENDM
                 
                 	.MACRO __GETWRSX
                 	MOVW R30,R28
                 	SUBI R30,LOW(-@2)
                 	SBCI R31,HIGH(-@2)
                 	LD   R@0,Z+
                 	LD   R@1,Z
                 	.ENDM
                 
                 	.MACRO __GETBRSX2
                 	MOVW R26,R28
                 	SUBI R26,LOW(-@1)
                 	SBCI R27,HIGH(-@1)
                 	LD   R@0,X
                 	.ENDM
                 
                 	.MACRO __GETWRSX2
                 	MOVW R26,R28
                 	SUBI R26,LOW(-@2)
                 	SBCI R27,HIGH(-@2)
                 	LD   R@0,X+
                 	LD   R@1,X
                 	.ENDM
                 
                 	.MACRO __LSLW8SX
                 	MOVW R30,R28
                 	SUBI R30,LOW(-@0)
                 	SBCI R31,HIGH(-@0)
                 	LD   R31,Z
                 	CLR  R30
                 	.ENDM
                 
                 	.MACRO __PUTB1SX
                 	MOVW R26,R28
                 	SUBI R26,LOW(-@0)
                 	SBCI R27,HIGH(-@0)
                 	ST   X,R30
                 	.ENDM
                 
                 	.MACRO __PUTW1SX
                 	MOVW R26,R28
                 	SUBI R26,LOW(-@0)
                 	SBCI R27,HIGH(-@0)
                 	ST   X+,R30
                 	ST   X,R31
                 	.ENDM
                 
                 	.MACRO __PUTD1SX
                 	MOVW R26,R28
                 	SUBI R26,LOW(-@0)
                 	SBCI R27,HIGH(-@0)
                 	ST   X+,R30
                 	ST   X+,R31
                 	ST   X+,R22
                 	ST   X,R23
                 	.ENDM
                 
                 	.MACRO __CLRW1SX
                 	MOVW R26,R28
                 	SUBI R26,LOW(-@0)
                 	SBCI R27,HIGH(-@0)
                 	ST   X+,R30
                 	ST   X,R30
                 	.ENDM
                 
                 	.MACRO __CLRD1SX
                 	MOVW R26,R28
                 	SUBI R26,LOW(-@0)
                 	SBCI R27,HIGH(-@0)
                 	ST   X+,R30
                 	ST   X+,R30
                 	ST   X+,R30
                 	ST   X,R30
                 	.ENDM
                 
                 	.MACRO __PUTB2SX
                 	MOVW R30,R28
                 	SUBI R30,LOW(-@0)
                 	SBCI R31,HIGH(-@0)
                 	ST   Z,R26
                 	.ENDM
                 
                 	.MACRO __PUTW2SX
                 	MOVW R30,R28
                 	SUBI R30,LOW(-@0)
                 	SBCI R31,HIGH(-@0)
                 	ST   Z+,R26
                 	ST   Z,R27
                 	.ENDM
                 
                 	.MACRO __PUTD2SX
                 	MOVW R30,R28
                 	SUBI R30,LOW(-@0)
                 	SBCI R31,HIGH(-@0)
                 	ST   Z+,R26
                 	ST   Z+,R27
                 	ST   Z+,R24
                 	ST   Z,R25
                 	.ENDM
                 
                 	.MACRO __PUTBSRX
                 	MOVW R30,R28
                 	SUBI R30,LOW(-@1)
                 	SBCI R31,HIGH(-@1)
                 	ST   Z,R@0
                 	.ENDM
                 
                 	.MACRO __PUTWSRX
                 	MOVW R30,R28
                 	SUBI R30,LOW(-@2)
                 	SBCI R31,HIGH(-@2)
                 	ST   Z+,R@0
                 	ST   Z,R@1
                 	.ENDM
                 
                 	.MACRO __PUTB1SNX
                 	MOVW R26,R28
                 	SUBI R26,LOW(-@0)
                 	SBCI R27,HIGH(-@0)
                 	LD   R0,X+
                 	LD   R27,X
                 	MOV  R26,R0
                 	SUBI R26,LOW(-@1)
                 	SBCI R27,HIGH(-@1)
                 	ST   X,R30
                 	.ENDM
                 
                 	.MACRO __PUTW1SNX
                 	MOVW R26,R28
                 	SUBI R26,LOW(-@0)
                 	SBCI R27,HIGH(-@0)
                 	LD   R0,X+
                 	LD   R27,X
                 	MOV  R26,R0
                 	SUBI R26,LOW(-@1)
                 	SBCI R27,HIGH(-@1)
                 	ST   X+,R30
                 	ST   X,R31
                 	.ENDM
                 
                 	.MACRO __PUTD1SNX
                 	MOVW R26,R28
                 	SUBI R26,LOW(-@0)
                 	SBCI R27,HIGH(-@0)
                 	LD   R0,X+
                 	LD   R27,X
                 	MOV  R26,R0
                 	SUBI R26,LOW(-@1)
                 	SBCI R27,HIGH(-@1)
                 	ST   X+,R30
                 	ST   X+,R31
                 	ST   X+,R22
                 	ST   X,R23
                 	.ENDM
                 
                 	.MACRO __MULBRR
                 	MULS R@0,R@1
                 	MOVW R30,R0
                 	.ENDM
                 
                 	.MACRO __MULBRRU
                 	MUL  R@0,R@1
                 	MOVW R30,R0
                 	.ENDM
                 
                 	.MACRO __MULBRR0
                 	MULS R@0,R@1
                 	.ENDM
                 
                 	.MACRO __MULBRRU0
                 	MUL  R@0,R@1
                 	.ENDM
                 
                 	.MACRO __MULBNWRU
                 	LDI  R26,@2
                 	MUL  R26,R@0
                 	MOVW R30,R0
                 	MUL  R26,R@1
                 	ADD  R31,R0
                 	.ENDM
                 
                 ;NAME DEFINITIONS FOR GLOBAL VARIABLES ALLOCATED TO REGISTERS
                 	.DEF _switch1=R5
                 	.DEF _switch2=R4
                 	.DEF _count_SW=R6
                 	.DEF _Front=R8
                 	.DEF _Right=R10
                 	.DEF _Left=R12
                 
                 	.CSEG
                 	.ORG 0x00
                 
                 ;START OF CODE MARKER
                 __START_OF_CODE:
                 
                 ;INTERRUPT VECTORS
000000 940c 0069 	JMP  __RESET
000002 940c 009c 	JMP  _ext_int0_isr
000004 940c 00a0 	JMP  _ext_int1_isr
000006 940c 0000 	JMP  0x00
000008 940c 0000 	JMP  0x00
00000a 940c 0000 	JMP  0x00
00000c 940c 0000 	JMP  0x00
00000e 940c 0000 	JMP  0x00
000010 940c 0000 	JMP  0x00
000012 940c 0000 	JMP  0x00
000014 940c 0000 	JMP  0x00
000016 940c 0000 	JMP  0x00
000018 940c 0000 	JMP  0x00
00001a 940c 0000 	JMP  0x00
00001c 940c 0000 	JMP  0x00
00001e 940c 0000 	JMP  0x00
000020 940c 0000 	JMP  0x00
000022 940c 0000 	JMP  0x00
000024 940c 0000 	JMP  0x00
000026 940c 0000 	JMP  0x00
000028 940c 0000 	JMP  0x00
00002a 940c 0000 	JMP  0x00
00002c 940c 0000 	JMP  0x00
00002e 940c 0000 	JMP  0x00
000030 940c 0000 	JMP  0x00
000032 940c 0000 	JMP  0x00
000034 940c 0000 	JMP  0x00
000036 940c 0000 	JMP  0x00
000038 940c 0000 	JMP  0x00
00003a 940c 0000 	JMP  0x00
00003c 940c 0000 	JMP  0x00
00003e 940c 0000 	JMP  0x00
000040 940c 0000 	JMP  0x00
000042 940c 0000 	JMP  0x00
000044 940c 0000 	JMP  0x00
                 
                 _tbl10_G100:
000046 2710
000047 03e8
000048 0064
000049 000a      	.DB  0x10,0x27,0xE8,0x3,0x64,0x0,0xA,0x0
00004a 0001      	.DB  0x1,0x0
                 _tbl16_G100:
00004b 1000
00004c 0100
00004d 0010
00004e 0001      	.DB  0x0,0x10,0x0,0x1,0x10,0x0,0x1,0x0
                 
                 _0x1D:
00004f 0000
000050 0000
000051 0000
000052 0000      	.DB  0x0,0x0,0x0,0x0,0x0,0x0,0x0,0x0
                 _0x0:
000053 4543
000054 544e
000055 5245
000056 3a20      	.DB  0x43,0x45,0x4E,0x54,0x45,0x52,0x20,0x3A
000057 2520
000058 2064
000059 454c
00005a 5446      	.DB  0x20,0x25,0x64,0x20,0x4C,0x45,0x46,0x54
00005b 3a20
00005c 2520
00005d 2064
00005e 4952      	.DB  0x20,0x3A,0x20,0x25,0x64,0x20,0x52,0x49
00005f 4847
000060 2054
000061 203a
000062 6425      	.DB  0x47,0x48,0x54,0x20,0x3A,0x20,0x25,0x64
000063 0a0d
C:\Users\PC\OneDrive\Desktop\CodeVisionCoding\Sensor\List\Sensor.asm(1124): warning: .cseg .db misalignment - padding zero byte
000064 0000      	.DB  0xD,0xA,0x0
                 
                 __GLOBAL_INI_TBL:
000065 0008      	.DW  0x08
000066 0006      	.DW  0x06
000067 009e      	.DW  _0x1D*2
                 
                 _0xFFFFFFFF:
000068 0000      	.DW  0
                 
                 __RESET:
000069 94f8      	CLI
00006a 27ee      	CLR  R30
00006b bbec      	OUT  EECR,R30
                 
                 ;INTERRUPT VECTORS ARE PLACED
                 ;AT THE START OF FLASH
00006c e0f1      	LDI  R31,1
00006d bff5      	OUT  MCUCR,R31
00006e bfe5      	OUT  MCUCR,R30
00006f 93e0 006c 	STS  XMCRB,R30
                 
                 ;DISABLE WATCHDOG
000071 e1f8      	LDI  R31,0x18
000072 bdf1      	OUT  WDTCR,R31
000073 bde1      	OUT  WDTCR,R30
                 
                 ;CLEAR R2-R14
000074 e08d      	LDI  R24,(14-2)+1
000075 e0a2      	LDI  R26,2
000076 27bb      	CLR  R27
                 __CLEAR_REG:
000077 93ed      	ST   X+,R30
000078 958a      	DEC  R24
000079 f7e9      	BRNE __CLEAR_REG
                 
                 ;CLEAR SRAM
00007a e080      	LDI  R24,LOW(__CLEAR_SRAM_SIZE)
00007b e190      	LDI  R25,HIGH(__CLEAR_SRAM_SIZE)
00007c e0a0      	LDI  R26,LOW(__SRAM_START)
00007d e0b1      	LDI  R27,HIGH(__SRAM_START)
                 __CLEAR_SRAM:
00007e 93ed      	ST   X+,R30
00007f 9701      	SBIW R24,1
000080 f7e9      	BRNE __CLEAR_SRAM
                 
                 ;GLOBAL VARIABLES INITIALIZATION
000081 ecea      	LDI  R30,LOW(__GLOBAL_INI_TBL*2)
000082 e0f0      	LDI  R31,HIGH(__GLOBAL_INI_TBL*2)
                 __GLOBAL_INI_NEXT:
000083 9185      	LPM  R24,Z+
000084 9195      	LPM  R25,Z+
000085 9700      	SBIW R24,0
000086 f061      	BREQ __GLOBAL_INI_END
000087 91a5      	LPM  R26,Z+
000088 91b5      	LPM  R27,Z+
000089 9005      	LPM  R0,Z+
00008a 9015      	LPM  R1,Z+
00008b 01bf      	MOVW R22,R30
00008c 01f0      	MOVW R30,R0
                 __GLOBAL_INI_LOOP:
00008d 9005      	LPM  R0,Z+
00008e 920d      	ST   X+,R0
00008f 9701      	SBIW R24,1
000090 f7e1      	BRNE __GLOBAL_INI_LOOP
000091 01fb      	MOVW R30,R22
000092 cff0      	RJMP __GLOBAL_INI_NEXT
                 __GLOBAL_INI_END:
                 
000093 bf8b      	OUT  RAMPZ,R24
                 
                 ;HARDWARE STACK POINTER INITIALIZATION
000094 efef      	LDI  R30,LOW(__SRAM_END-__HEAP_SIZE)
000095 bfed      	OUT  SPL,R30
000096 e1e0      	LDI  R30,HIGH(__SRAM_END-__HEAP_SIZE)
000097 bfee      	OUT  SPH,R30
                 
                 ;DATA STACK POINTER INITIALIZATION
000098 e0c0      	LDI  R28,LOW(__SRAM_START+__DSTACK_SIZE)
000099 e0d5      	LDI  R29,HIGH(__SRAM_START+__DSTACK_SIZE)
                 
00009a 940c 0108 	JMP  _main
                 
                 	.ESEG
                 	.ORG 0
                 
                 	.DSEG
                 	.ORG 0x500
                 
                 	.CSEG
                 ;#include <mega128.h>
                 	#ifndef __SLEEP_DEFINED__
                 	#define __SLEEP_DEFINED__
                 	.EQU __se_bit=0x20
                 	.EQU __sm_mask=0x1C
                 	.EQU __sm_powerdown=0x10
                 	.EQU __sm_powersave=0x18
                 	.EQU __sm_standby=0x14
                 	.EQU __sm_ext_standby=0x1C
                 	.EQU __sm_adc_noise_red=0x08
                 	.SET power_ctrl_reg=mcucr
                 	#endif
                 ;#include <stdio.h>
                 ;#include <delay.h>
                 ;// Standard Input/Output functions
                 ;#include <stdio.h>
                 ;#include "Sensor.h"
                 ;#include "switch.h"
                 ;#include "LED.h"
                 ;
                 ;char switch1;   // 새롭게 선언한 switch1, switch2입니다. (boolean 변수)
                 ;char switch2;
                 ;int count_SW = 0;
                 ;unsigned int Front=0, Right=0, Left = 0;
                 ;int i=0, j=0 ,k=0;
                 ;// External Interrupt 0 service routine
                 ;interrupt [EXT_INT0] void ext_int0_isr(void)        // INT0에 대한 ISR 함수입니다. (SW1에 해당합니다.)
                 ; 0000 0011 {
                 
                 	.CSEG
                 _ext_int0_isr:
00009c 93ea      	ST   -Y,R30
                 ; 0000 0012 // Place your code here
                 ; 0000 0013      switch1 = TRUE;    // 해당 Interrupt가 호출되면 switch1의 boolean 값을 TRUE로 바꿔줍니다.
00009d e0e1      	LDI  R30,LOW(1)
00009e 2e5e      	MOV  R5,R30
                 ; 0000 0014 }
00009f c003      	RJMP _0x1C
                 ;
                 ;// External Interrupt 1 service routine
                 ;interrupt [EXT_INT1] void ext_int1_isr(void)        // INT1에 대한 ISR 함수입니다. (SW2에 해당합니다.)
                 ; 0000 0018 {
                 _ext_int1_isr:
0000a0 93ea      	ST   -Y,R30
                 ; 0000 0019 // Place your code here
                 ; 0000 001A      switch2 = TRUE;    // 해당 Interrupt가 호출되면 switch2의 boolean 값을 TRUE로 바꿔줍니다.
0000a1 e0e1      	LDI  R30,LOW(1)
0000a2 2e4e      	MOV  R4,R30
                 ; 0000 001B }
                 _0x1C:
0000a3 91e9      	LD   R30,Y+
0000a4 9518      	RETI
                 ;
                 ;void InitializeSwitch(void)    // Switch 관련 레지스터를 설정하는 함수입니다.
                 ; 0000 001E {
                 _InitializeSwitch:
                 ; 0000 001F // 스위치 PORTD 0,1
                 ; 0000 0020      PORTD &= 0xfc;
0000a5 b3e2      	IN   R30,0x12
0000a6 7fec      	ANDI R30,LOW(0xFC)
0000a7 bbe2      	OUT  0x12,R30
                 ; 0000 0021      DDRD &= 0xfc;
0000a8 b3e1      	IN   R30,0x11
0000a9 7fec      	ANDI R30,LOW(0xFC)
0000aa bbe1      	OUT  0x11,R30
                 ; 0000 0022 
                 ; 0000 0023 // External Interrupt(s) initialization
                 ; 0000 0024 // INT0: On
                 ; 0000 0025 // INT0 Mode: Falling Edge
                 ; 0000 0026 // INT1: On
                 ; 0000 0027 // INT1 Mode: Falling Edge
                 ; 0000 0028 // INT2: Off
                 ; 0000 0029 // INT3: Off
                 ; 0000 002A // INT4: Off
                 ; 0000 002B // INT5: Off
                 ; 0000 002C // INT6: Off
                 ; 0000 002D // INT7: Off
                 ; 0000 002E      EICRA=0x0A;    // SW1, 2에 대해 모두 Falling Edge로 선언합니다.
0000ab e0ea      	LDI  R30,LOW(10)
0000ac 93e0 006a 	STS  106,R30
                 ; 0000 002F      EICRB=0x00;    // 아무런 Interrupt를 사용하지 않습니다.
0000ae e0e0      	LDI  R30,LOW(0)
0000af bfea      	OUT  0x3A,R30
                 ; 0000 0030      EIMSK=0x03;    // INT0, 1을 Enable 해줍니다.
0000b0 e0e3      	LDI  R30,LOW(3)
0000b1 bfe9      	OUT  0x39,R30
                 ; 0000 0031      EIFR=0x03;        // INT0, 1을 Enable 해줍니다.
0000b2 bfe8      	OUT  0x38,R30
                 ; 0000 0032 }
0000b3 9508      	RET
                 ;
                 ;char SW1(void)    // SW1에 대한 함수입니다.
                 ; 0000 0035 {
                 ; 0000 0036      char ret;    // return 해줄 변수를 새롭게 선언합니다.
                 ; 0000 0037 
                 ; 0000 0038      ret = switch1;    // switch1의 현재 값과 바꿉니다.
                 ;	ret -> R17
                 ; 0000 0039      switch1 = FALSE;    // switch1에 FALSE 값을 넣습니다.
                 ; 0000 003A 
                 ; 0000 003B      return ret;     // ret를 반환합니다.
                 ; 0000 003C }
                 ;
                 ;char SW2(void)   // SW2에 대한 함수입니다.
                 ; 0000 003F {
                 ; 0000 0040      char ret;   // return 해줄 변수를 새롭게 선언합니다.
                 ; 0000 0041 
                 ; 0000 0042      ret = switch2;   // switch2의 현재 값과 바꿉니다.
                 ;	ret -> R17
                 ; 0000 0043      switch2 = FALSE;   // switch2에 FALSE 값을 넣습니다.
                 ; 0000 0044 
                 ; 0000 0045      return ret;     // ret를 반환합니다.
                 ; 0000 0046 }
                 ;
                 ;void InitializeSensor(void)
                 ; 0000 0049 {
                 _InitializeSensor:
                 ; 0000 004A  // PORTB 5,6,7 발광센서
                 ; 0000 004B  PORTB &= 0X1F;
0000b4 b3e8      	IN   R30,0x18
0000b5 71ef      	ANDI R30,LOW(0x1F)
0000b6 bbe8      	OUT  0x18,R30
                 ; 0000 004C  DDRB |= 0XE0;
0000b7 b3e7      	IN   R30,0x17
0000b8 6ee0      	ORI  R30,LOW(0xE0)
0000b9 bbe7      	OUT  0x17,R30
                 ; 0000 004D  // PORTF 0,1,2 수광부센서
                 ; 0000 004E  PORTF &= 0XF8;
0000ba 91e0 0062 	LDS  R30,98
0000bc 7fe8      	ANDI R30,LOW(0xF8)
0000bd 93e0 0062 	STS  98,R30
                 ; 0000 004F  DDRF &= 0XF8;
0000bf 91e0 0061 	LDS  R30,97
0000c1 7fe8      	ANDI R30,LOW(0xF8)
0000c2 93e0 0061 	STS  97,R30
                 ; 0000 0050  //ADC initialization
                 ; 0000 0051  //ADC Clock frequency: 125.000kHz
                 ; 0000 0052  //ADC Voltage Reference: AVCC pin
                 ; 0000 0053  ADMUX = ADC_VREF_TYPE;
0000c4 e4e0      	LDI  R30,LOW(64)
0000c5 b9e7      	OUT  0x7,R30
                 ; 0000 0054  ADCSRA = 0X87;
0000c6 e8e7      	LDI  R30,LOW(135)
0000c7 b9e6      	OUT  0x6,R30
                 ; 0000 0055 }
0000c8 9508      	RET
                 ;
                 ;unsigned int read_adc(unsigned char adc_input)
                 ; 0000 0058 {
                 _read_adc:
                 ; 0000 0059  ADMUX=adc_input | (ADC_VREF_TYPE & 0xff); // 채널 선택
                 ;	adc_input -> Y+0
0000c9 81e8      	LD   R30,Y
0000ca 64e0      	ORI  R30,0x40
0000cb b9e7      	OUT  0x7,R30
                 ; 0000 005A // Delay needed for the stabilization of the ADC input voltage
                 ; 0000 005B  delay_us(10);
                +
0000cc e385     +LDI R24 , LOW ( 53 )
                +__DELAY_USB_LOOP :
0000cd 958a     +DEC R24
0000ce f7f1     +BRNE __DELAY_USB_LOOP
                 	__DELAY_USB 53
                 ; 0000 005C // Start the AD conversion(single conversion mode)
                 ; 0000 005D  ADCSRA|=0x40;
0000cf 9a36      	SBI  0x6,6
                 ; 0000 005E // Wait for the AD conversion to complete
                 ; 0000 005F  while ((ADCSRA & 0x10)==0);
                 _0x3:
0000d0 9b34      	SBIS 0x6,4
0000d1 cffe      	RJMP _0x3
                 ; 0000 0060   ADCSRA|=0x10;
0000d2 9a34      	SBI  0x6,4
                 ; 0000 0061  return ADCW;
0000d3 b1e4      	IN   R30,0x4
0000d4 b1f5      	IN   R31,0x4+1
0000d5 940c 013a 	JMP  _0x2060002
                 ; 0000 0062 }
                 ;unsigned int readSensor(char si)
                 ; 0000 0064 {
                 _readSensor:
                 ; 0000 0065  unsigned int ret;
                 ; 0000 0066 
                 ; 0000 0067  switch(si)
0000d7 931a      	ST   -Y,R17
0000d8 930a      	ST   -Y,R16
                 ;	si -> Y+2
                 ;	ret -> R16,R17
0000d9 81ea      	LDD  R30,Y+2
0000da e0f0      	LDI  R31,0
                 ; 0000 0068  {
                 ; 0000 0069  case FRONT_SENSOR: // 앞쪽을 관찰함
0000db 9730      	SBIW R30,0
0000dc f429      	BRNE _0x9
                 ; 0000 006A  PORTB.5 = 1;
0000dd 9ac5      	SBI  0x18,5
                 ; 0000 006B  delay_us(50);
0000de 940e 02b9 	CALL SUBOPT_0x0
                 ; 0000 006C  ret = read_adc(si); // adc값을 읽음
                 ; 0000 006D  PORTB.5 = 0;
0000e0 98c5      	CBI  0x18,5
                 ; 0000 006E  break;
0000e1 c011      	RJMP _0x8
                 ; 0000 006F  case LEFT_SENSOR: // 왼쪽을 관찰함
                 _0x9:
0000e2 30e1      	CPI  R30,LOW(0x1)
0000e3 e0a0      	LDI  R26,HIGH(0x1)
0000e4 07fa      	CPC  R31,R26
0000e5 f429      	BRNE _0xE
                 ; 0000 0070  PORTB.6 = 1;
0000e6 9ac6      	SBI  0x18,6
                 ; 0000 0071  delay_us(50);
0000e7 940e 02b9 	CALL SUBOPT_0x0
                 ; 0000 0072  ret = read_adc(si); // adc값을 읽음
                 ; 0000 0073  PORTB.6 = 0;
0000e9 98c6      	CBI  0x18,6
                 ; 0000 0074  break;
0000ea c008      	RJMP _0x8
                 ; 0000 0075  case RIGHT_SENSOR: // 오른쪽을 관찰함
                 _0xE:
0000eb 30e2      	CPI  R30,LOW(0x2)
0000ec e0a0      	LDI  R26,HIGH(0x2)
0000ed 07fa      	CPC  R31,R26
0000ee f421      	BRNE _0x8
                 ; 0000 0076  PORTB.7 = 1;
0000ef 9ac7      	SBI  0x18,7
                 ; 0000 0077  delay_us(50);
0000f0 940e 02b9 	CALL SUBOPT_0x0
                 ; 0000 0078  ret = read_adc(si); // adc값을 읽음
                 ; 0000 0079  PORTB.7 = 0;
0000f2 98c7      	CBI  0x18,7
                 ; 0000 007A  break;
                 ; 0000 007B  }
                 _0x8:
                 ; 0000 007C  return ret; // adc값을 반환함
0000f3 01f8      	MOVW R30,R16
0000f4 8119      	LDD  R17,Y+1
0000f5 8108      	LDD  R16,Y+0
0000f6 940c 0146 	JMP  _0x2060001
                 ; 0000 007D }
                 ;
                 ;void InitializeUART(void){
                 ; 0000 007F void InitializeUART(void){
                 _InitializeUART:
                 ; 0000 0080     // USART1 initialization
                 ; 0000 0081     // Communication Parameters: 8 Data, 1 Stop, No Parity
                 ; 0000 0082     // USART1 Receiver: On
                 ; 0000 0083     // USART1 Transmitter: On
                 ; 0000 0084     // USART1 Mode: Asynchronous
                 ; 0000 0085     // USART1 Baud Rate: 9600
                 ; 0000 0086     UCSR1A=0x00;
0000f8 e0e0      	LDI  R30,LOW(0)
0000f9 93e0 009b 	STS  155,R30
                 ; 0000 0087     UCSR1B=0x18;
0000fb e1e8      	LDI  R30,LOW(24)
0000fc 93e0 009a 	STS  154,R30
                 ; 0000 0088     UCSR1C=0x06;
0000fe e0e6      	LDI  R30,LOW(6)
0000ff 93e0 009d 	STS  157,R30
                 ; 0000 0089     UBRR1H=0x00;
000101 e0e0      	LDI  R30,LOW(0)
000102 93e0 0098 	STS  152,R30
                 ; 0000 008A     UBRR1L=0x67;
000104 e6e7      	LDI  R30,LOW(103)
000105 93e0 0099 	STS  153,R30
                 ; 0000 008B }
000107 9508      	RET
                 ;
                 ;void main(void)
                 ; 0000 008E {
                 _main:
                 ; 0000 008F      InitializeLED();
000108 d01f      	RCALL _InitializeLED
                 ; 0000 0090      InitializeSensor();
000109 dfaa      	RCALL _InitializeSensor
                 ; 0000 0091      InitializeUART();
00010a dfed      	RCALL _InitializeUART
                 ; 0000 0092      InitializeSwitch();
00010b df99      	RCALL _InitializeSwitch
                 ; 0000 0093 
                 ; 0000 0094      switch1 = FALSE;   // switch1, 2의 초기값은 FALSE 입니다.
00010c 2455      	CLR  R5
                 ; 0000 0095      switch2 = FALSE;
00010d 2444      	CLR  R4
                 ; 0000 0096 
                 ; 0000 0097      // Global enable interrupts
                 ; 0000 0098     #asm("sei")   // 전역 Interrupt를 Enable 합니다.
00010e 9478      	sei
                 ; 0000 0099 
                 ; 0000 009A while (1)
                 _0x18:
                 ; 0000 009B  {
                 ; 0000 009C 
                 ; 0000 009D   delay_ms(20); // 통신할 때 생기는 렉 때문에 추가했다.
00010f e1e4      	LDI  R30,LOW(20)
000110 e0f0      	LDI  R31,HIGH(20)
000111 93fa      	ST   -Y,R31
000112 93ea      	ST   -Y,R30
000113 940e 02f4 	CALL _delay_ms
                 ; 0000 009E  printf("CENTER : %d LEFT : %d RIGHT : %d\r\n",
                 ; 0000 009F  readSensor(FRONT_SENSOR),readSensor(LEFT_SENSOR),readSensor(RIGHT_SENSOR));
                +
000115 eae6     +LDI R30 , LOW ( 2 * _0x0 + ( 0 ) )
000116 e0f0     +LDI R31 , HIGH ( 2 * _0x0 + ( 0 ) )
                 	__POINTW1FN _0x0,0
000117 93fa      	ST   -Y,R31
000118 93ea      	ST   -Y,R30
000119 e0e0      	LDI  R30,LOW(0)
00011a 940e 02c3 	CALL SUBOPT_0x1
00011c e0e1      	LDI  R30,LOW(1)
00011d 940e 02c3 	CALL SUBOPT_0x1
00011f e0e2      	LDI  R30,LOW(2)
000120 940e 02c3 	CALL SUBOPT_0x1
000122 e08c      	LDI  R24,12
000123 940e 027d 	CALL _printf
000125 962e      	ADIW R28,14
                 ; 0000 00A0 // 현재 Sensor가 받아오는 값을 출력한다.
                 ; 0000 00A1 
                 ; 0000 00A2 
                 ; 0000 00A3 
                 ; 0000 00A4  };
000126 cfe8      	RJMP _0x18
                 ; 0000 00A5 }
                 _0x1B:
000127 cfff      	RJMP _0x1B
                 ;#include <mega128.h>
                 	#ifndef __SLEEP_DEFINED__
                 	#endif
                 ;#include <delay.h>
                 ;#include "LED.h"
                 ;
                 ;void InitializeLED(void)
                 ; 0001 0006 {
                 
                 	.CSEG
                 _InitializeLED:
                 ; 0001 0007      // LED - PORTF 4,5,6,7
                 ; 0001 0008      PORTF &= 0x0F;
000128 91e0 0062 	LDS  R30,98
00012a 70ef      	ANDI R30,LOW(0xF)
00012b 93e0 0062 	STS  98,R30
                 ; 0001 0009      DDRF |= 0xF0;
00012d 91e0 0061 	LDS  R30,97
00012f 6fe0      	ORI  R30,LOW(0xF0)
000130 93e0 0061 	STS  97,R30
                 ; 0001 000A }
000132 9508      	RET
                 ;void LED_OFF(int nLED)
                 ; 0001 000C {
                 ; 0001 000D      PORTF |= nLED;
                 ;	nLED -> Y+0
                 ; 0001 000E }
                 ;
                 ;void LED_ON(int nLED)
                 ; 0001 0011 {
                 ; 0001 0012      PORTF &= ~(nLED);
                 ;	nLED -> Y+0
                 ; 0001 0013 }
                 ;#include <mega128.h>
                 	#ifndef __SLEEP_DEFINED__
                 	#endif
                 ;#include "UART.h"
                 ;
                 ;// Write a character to the USART1 Transmitter
                 ;void putchar(char c){
                 ; 0002 0005 void putchar(char c){
                 
                 	.CSEG
                 _putchar:
                 ; 0002 0006     while((UCSR1A & DATA_REGISTER_EMPTY)==0);
                 ;	c -> Y+0
                 _0x40003:
000133 91e0 009b 	LDS  R30,155
000135 72e0      	ANDI R30,LOW(0x20)
000136 f3e1      	BREQ _0x40003
                 ; 0002 0007     UDR1=c;
000137 81e8      	LD   R30,Y
000138 93e0 009c 	STS  156,R30
                 ; 0002 0008 }
                 _0x2060002:
00013a 9621      	ADIW R28,1
00013b 9508      	RET
                 ;
                 ;// Read a character from the USART1 Receiver
                 ;unsigned char getchar(void){
                 ; 0002 000B unsigned char getchar(void){
                 ; 0002 000C     while((UCSR1A & RX_COMPLETE)==0);
                 ; 0002 000D     return UDR1;
                 ; 0002 000E }
                 	#ifndef __SLEEP_DEFINED__
                 	#endif
                 
                 	.CSEG
                 _put_usart_G100:
00013c 81ea      	LDD  R30,Y+2
00013d 93ea      	ST   -Y,R30
00013e dff4      	RCALL _putchar
00013f 81a8      	LD   R26,Y
000140 81b9      	LDD  R27,Y+1
000141 91ed      	LD   R30,X+
000142 91fd      	LD   R31,X+
000143 9631      	ADIW R30,1
000144 93fe      	ST   -X,R31
000145 93ee      	ST   -X,R30
                 _0x2060001:
000146 9623      	ADIW R28,3
000147 9508      	RET
                 __print_G100:
000148 9726      	SBIW R28,6
000149 940e 0315 	CALL __SAVELOCR6
00014b e010      	LDI  R17,0
00014c 85ac      	LDD  R26,Y+12
00014d 85bd      	LDD  R27,Y+12+1
00014e e0e0      	LDI  R30,LOW(0)
00014f e0f0      	LDI  R31,HIGH(0)
000150 93ed      	ST   X+,R30
000151 93fc      	ST   X,R31
                 _0x2000016:
000152 89ea      	LDD  R30,Y+18
000153 89fb      	LDD  R31,Y+18+1
000154 9631      	ADIW R30,1
000155 8bea      	STD  Y+18,R30
000156 8bfb      	STD  Y+18+1,R31
000157 9731      	SBIW R30,1
000158 91e4      	LPM  R30,Z
000159 2f2e      	MOV  R18,R30
00015a 30e0      	CPI  R30,0
00015b f411      	BRNE PC+3
00015c 940c 0275 	JMP _0x2000018
00015e 2fe1      	MOV  R30,R17
00015f 30e0      	CPI  R30,0
000160 f439      	BRNE _0x200001C
000161 3225      	CPI  R18,37
000162 f411      	BRNE _0x200001D
000163 e011      	LDI  R17,LOW(1)
000164 c002      	RJMP _0x200001E
                 _0x200001D:
000165 940e 02cb 	CALL SUBOPT_0x2
                 _0x200001E:
000167 c10c      	RJMP _0x200001B
                 _0x200001C:
000168 30e1      	CPI  R30,LOW(0x1)
000169 f4a9      	BRNE _0x200001F
00016a 3225      	CPI  R18,37
00016b f419      	BRNE _0x2000020
00016c 940e 02cb 	CALL SUBOPT_0x2
00016e c104      	RJMP _0x20000C9
                 _0x2000020:
00016f e012      	LDI  R17,LOW(2)
000170 e040      	LDI  R20,LOW(0)
000171 e000      	LDI  R16,LOW(0)
000172 322d      	CPI  R18,45
000173 f411      	BRNE _0x2000021
000174 e001      	LDI  R16,LOW(1)
000175 c0fe      	RJMP _0x200001B
                 _0x2000021:
000176 322b      	CPI  R18,43
000177 f411      	BRNE _0x2000022
000178 e24b      	LDI  R20,LOW(43)
000179 c0fa      	RJMP _0x200001B
                 _0x2000022:
00017a 3220      	CPI  R18,32
00017b f411      	BRNE _0x2000023
00017c e240      	LDI  R20,LOW(32)
00017d c0f6      	RJMP _0x200001B
                 _0x2000023:
00017e c002      	RJMP _0x2000024
                 _0x200001F:
00017f 30e2      	CPI  R30,LOW(0x2)
000180 f439      	BRNE _0x2000025
                 _0x2000024:
000181 e050      	LDI  R21,LOW(0)
000182 e013      	LDI  R17,LOW(3)
000183 3320      	CPI  R18,48
000184 f411      	BRNE _0x2000026
000185 6800      	ORI  R16,LOW(128)
000186 c0ed      	RJMP _0x200001B
                 _0x2000026:
000187 c004      	RJMP _0x2000027
                 _0x2000025:
000188 30e3      	CPI  R30,LOW(0x3)
000189 f011      	BREQ PC+3
00018a 940c 0274 	JMP _0x200001B
                 _0x2000027:
00018c 3320      	CPI  R18,48
00018d f010      	BRLO _0x200002A
00018e 332a      	CPI  R18,58
00018f f008      	BRLO _0x200002B
                 _0x200002A:
000190 c007      	RJMP _0x2000029
                 _0x200002B:
000191 e0aa      	LDI  R26,LOW(10)
000192 9f5a      	MUL  R21,R26
000193 2d50      	MOV  R21,R0
000194 2fe2      	MOV  R30,R18
000195 53e0      	SUBI R30,LOW(48)
000196 0f5e      	ADD  R21,R30
000197 c0dc      	RJMP _0x200001B
                 _0x2000029:
000198 2fe2      	MOV  R30,R18
000199 36e3      	CPI  R30,LOW(0x63)
00019a f449      	BRNE _0x200002F
00019b 940e 02d4 	CALL SUBOPT_0x3
00019d 89e8      	LDD  R30,Y+16
00019e 89f9      	LDD  R31,Y+16+1
00019f 81a4      	LDD  R26,Z+4
0001a0 93aa      	ST   -Y,R26
0001a1 940e 02da 	CALL SUBOPT_0x4
0001a3 c0cf      	RJMP _0x2000030
                 _0x200002F:
0001a4 37e3      	CPI  R30,LOW(0x73)
0001a5 f441      	BRNE _0x2000032
0001a6 940e 02d4 	CALL SUBOPT_0x3
0001a8 940e 02e2 	CALL SUBOPT_0x5
0001aa 940e 02a4 	CALL _strlen
0001ac 2f1e      	MOV  R17,R30
0001ad c00a      	RJMP _0x2000033
                 _0x2000032:
0001ae 37e0      	CPI  R30,LOW(0x70)
0001af f461      	BRNE _0x2000035
0001b0 940e 02d4 	CALL SUBOPT_0x3
0001b2 940e 02e2 	CALL SUBOPT_0x5
0001b4 940e 02ae 	CALL _strlenf
0001b6 2f1e      	MOV  R17,R30
0001b7 6008      	ORI  R16,LOW(8)
                 _0x2000033:
0001b8 6002      	ORI  R16,LOW(2)
0001b9 770f      	ANDI R16,LOW(127)
0001ba e030      	LDI  R19,LOW(0)
0001bb c035      	RJMP _0x2000036
                 _0x2000035:
0001bc 36e4      	CPI  R30,LOW(0x64)
0001bd f011      	BREQ _0x2000039
0001be 36e9      	CPI  R30,LOW(0x69)
0001bf f411      	BRNE _0x200003A
                 _0x2000039:
0001c0 6004      	ORI  R16,LOW(4)
0001c1 c002      	RJMP _0x200003B
                 _0x200003A:
0001c2 37e5      	CPI  R30,LOW(0x75)
0001c3 f431      	BRNE _0x200003C
                 _0x200003B:
0001c4 e8ec      	LDI  R30,LOW(_tbl10_G100*2)
0001c5 e0f0      	LDI  R31,HIGH(_tbl10_G100*2)
0001c6 83ee      	STD  Y+6,R30
0001c7 83ff      	STD  Y+6+1,R31
0001c8 e015      	LDI  R17,LOW(5)
0001c9 c00d      	RJMP _0x200003D
                 _0x200003C:
0001ca 35e8      	CPI  R30,LOW(0x58)
0001cb f411      	BRNE _0x200003F
0001cc 6008      	ORI  R16,LOW(8)
0001cd c004      	RJMP _0x2000040
                 _0x200003F:
0001ce 37e8      	CPI  R30,LOW(0x78)
0001cf f011      	BREQ PC+3
0001d0 940c 0273 	JMP _0x2000071
                 _0x2000040:
0001d2 e9e6      	LDI  R30,LOW(_tbl16_G100*2)
0001d3 e0f0      	LDI  R31,HIGH(_tbl16_G100*2)
0001d4 83ee      	STD  Y+6,R30
0001d5 83ff      	STD  Y+6+1,R31
0001d6 e014      	LDI  R17,LOW(4)
                 _0x200003D:
0001d7 ff02      	SBRS R16,2
0001d8 c014      	RJMP _0x2000042
0001d9 940e 02d4 	CALL SUBOPT_0x3
0001db 940e 02ec 	CALL SUBOPT_0x6
0001dd 85ab      	LDD  R26,Y+11
0001de 23aa      	TST  R26
0001df f43a      	BRPL _0x2000043
0001e0 85ea      	LDD  R30,Y+10
0001e1 85fb      	LDD  R31,Y+10+1
0001e2 940e 0304 	CALL __ANEGW1
0001e4 87ea      	STD  Y+10,R30
0001e5 87fb      	STD  Y+10+1,R31
0001e6 e24d      	LDI  R20,LOW(45)
                 _0x2000043:
0001e7 3040      	CPI  R20,0
0001e8 f011      	BREQ _0x2000044
0001e9 5f1f      	SUBI R17,-LOW(1)
0001ea c001      	RJMP _0x2000045
                 _0x2000044:
0001eb 7f0b      	ANDI R16,LOW(251)
                 _0x2000045:
0001ec c004      	RJMP _0x2000046
                 _0x2000042:
0001ed 940e 02d4 	CALL SUBOPT_0x3
0001ef 940e 02ec 	CALL SUBOPT_0x6
                 _0x2000046:
                 _0x2000036:
0001f1 fd00      	SBRC R16,0
0001f2 c011      	RJMP _0x2000047
                 _0x2000048:
0001f3 1715      	CP   R17,R21
0001f4 f478      	BRSH _0x200004A
0001f5 ff07      	SBRS R16,7
0001f6 c008      	RJMP _0x200004B
0001f7 ff02      	SBRS R16,2
0001f8 c004      	RJMP _0x200004C
0001f9 7f0b      	ANDI R16,LOW(251)
0001fa 2f24      	MOV  R18,R20
0001fb 5011      	SUBI R17,LOW(1)
0001fc c001      	RJMP _0x200004D
                 _0x200004C:
0001fd e320      	LDI  R18,LOW(48)
                 _0x200004D:
0001fe c001      	RJMP _0x200004E
                 _0x200004B:
0001ff e220      	LDI  R18,LOW(32)
                 _0x200004E:
000200 940e 02cb 	CALL SUBOPT_0x2
000202 5051      	SUBI R21,LOW(1)
000203 cfef      	RJMP _0x2000048
                 _0x200004A:
                 _0x2000047:
000204 2f31      	MOV  R19,R17
000205 ff01      	SBRS R16,1
000206 c017      	RJMP _0x200004F
                 _0x2000050:
000207 3030      	CPI  R19,0
000208 f0a1      	BREQ _0x2000052
000209 ff03      	SBRS R16,3
00020a c006      	RJMP _0x2000053
00020b 81ee      	LDD  R30,Y+6
00020c 81ff      	LDD  R31,Y+6+1
00020d 9125      	LPM  R18,Z+
00020e 83ee      	STD  Y+6,R30
00020f 83ff      	STD  Y+6+1,R31
000210 c005      	RJMP _0x2000054
                 _0x2000053:
000211 81ae      	LDD  R26,Y+6
000212 81bf      	LDD  R27,Y+6+1
000213 912d      	LD   R18,X+
000214 83ae      	STD  Y+6,R26
000215 83bf      	STD  Y+6+1,R27
                 _0x2000054:
000216 940e 02cb 	CALL SUBOPT_0x2
000218 3050      	CPI  R21,0
000219 f009      	BREQ _0x2000055
00021a 5051      	SUBI R21,LOW(1)
                 _0x2000055:
00021b 5031      	SUBI R19,LOW(1)
00021c cfea      	RJMP _0x2000050
                 _0x2000052:
00021d c04b      	RJMP _0x2000056
                 _0x200004F:
                 _0x2000058:
00021e e320      	LDI  R18,LOW(48)
00021f 81ee      	LDD  R30,Y+6
000220 81ff      	LDD  R31,Y+6+1
000221 940e 030c 	CALL __GETW1PF
000223 87e8      	STD  Y+8,R30
000224 87f9      	STD  Y+8+1,R31
000225 81ee      	LDD  R30,Y+6
000226 81ff      	LDD  R31,Y+6+1
000227 9632      	ADIW R30,2
000228 83ee      	STD  Y+6,R30
000229 83ff      	STD  Y+6+1,R31
                 _0x200005A:
00022a 85e8      	LDD  R30,Y+8
00022b 85f9      	LDD  R31,Y+8+1
00022c 85aa      	LDD  R26,Y+10
00022d 85bb      	LDD  R27,Y+10+1
00022e 17ae      	CP   R26,R30
00022f 07bf      	CPC  R27,R31
000230 f050      	BRLO _0x200005C
000231 5f2f      	SUBI R18,-LOW(1)
000232 85a8      	LDD  R26,Y+8
000233 85b9      	LDD  R27,Y+8+1
000234 85ea      	LDD  R30,Y+10
000235 85fb      	LDD  R31,Y+10+1
000236 1bea      	SUB  R30,R26
000237 0bfb      	SBC  R31,R27
000238 87ea      	STD  Y+10,R30
000239 87fb      	STD  Y+10+1,R31
00023a cfef      	RJMP _0x200005A
                 _0x200005C:
00023b 332a      	CPI  R18,58
00023c f028      	BRLO _0x200005D
00023d ff03      	SBRS R16,3
00023e c002      	RJMP _0x200005E
00023f 5f29      	SUBI R18,-LOW(7)
000240 c001      	RJMP _0x200005F
                 _0x200005E:
000241 5d29      	SUBI R18,-LOW(39)
                 _0x200005F:
                 _0x200005D:
000242 fd04      	SBRC R16,4
000243 c01a      	RJMP _0x2000061
000244 3321      	CPI  R18,49
000245 f420      	BRSH _0x2000063
000246 85a8      	LDD  R26,Y+8
000247 85b9      	LDD  R27,Y+8+1
000248 9711      	SBIW R26,1
000249 f409      	BRNE _0x2000062
                 _0x2000063:
00024a c009      	RJMP _0x20000CA
                 _0x2000062:
00024b 1753      	CP   R21,R19
00024c f010      	BRLO _0x2000067
00024d ff00      	SBRS R16,0
00024e c001      	RJMP _0x2000068
                 _0x2000067:
00024f c013      	RJMP _0x2000066
                 _0x2000068:
000250 e220      	LDI  R18,LOW(32)
000251 ff07      	SBRS R16,7
000252 c00b      	RJMP _0x2000069
000253 e320      	LDI  R18,LOW(48)
                 _0x20000CA:
000254 6100      	ORI  R16,LOW(16)
000255 ff02      	SBRS R16,2
000256 c007      	RJMP _0x200006A
000257 7f0b      	ANDI R16,LOW(251)
000258 934a      	ST   -Y,R20
000259 940e 02da 	CALL SUBOPT_0x4
00025b 3050      	CPI  R21,0
00025c f009      	BREQ _0x200006B
00025d 5051      	SUBI R21,LOW(1)
                 _0x200006B:
                 _0x200006A:
                 _0x2000069:
                 _0x2000061:
00025e 940e 02cb 	CALL SUBOPT_0x2
000260 3050      	CPI  R21,0
000261 f009      	BREQ _0x200006C
000262 5051      	SUBI R21,LOW(1)
                 _0x200006C:
                 _0x2000066:
000263 5031      	SUBI R19,LOW(1)
000264 85a8      	LDD  R26,Y+8
000265 85b9      	LDD  R27,Y+8+1
000266 9712      	SBIW R26,2
000267 f008      	BRLO _0x2000059
000268 cfb5      	RJMP _0x2000058
                 _0x2000059:
                 _0x2000056:
000269 ff00      	SBRS R16,0
00026a c008      	RJMP _0x200006D
                 _0x200006E:
00026b 3050      	CPI  R21,0
00026c f031      	BREQ _0x2000070
00026d 5051      	SUBI R21,LOW(1)
00026e e2e0      	LDI  R30,LOW(32)
00026f 93ea      	ST   -Y,R30
000270 940e 02da 	CALL SUBOPT_0x4
000272 cff8      	RJMP _0x200006E
                 _0x2000070:
                 _0x200006D:
                 _0x2000071:
                 _0x2000030:
                 _0x20000C9:
000273 e010      	LDI  R17,LOW(0)
                 _0x200001B:
000274 cedd      	RJMP _0x2000016
                 _0x2000018:
000275 85ac      	LDD  R26,Y+12
000276 85bd      	LDD  R27,Y+12+1
000277 940e 0308 	CALL __GETW1P
000279 940e 031c 	CALL __LOADLOCR6
00027b 9664      	ADIW R28,20
00027c 9508      	RET
                 _printf:
00027d 92ff      	PUSH R15
00027e 2ef8      	MOV  R15,R24
00027f 9726      	SBIW R28,6
000280 931a      	ST   -Y,R17
000281 930a      	ST   -Y,R16
000282 01de      	MOVW R26,R28
000283 9614      	ADIW R26,4
000284 940e 0300 	CALL __ADDW2R15
000286 018d      	MOVW R16,R26
000287 e0e0      	LDI  R30,LOW(0)
000288 83ec      	STD  Y+4,R30
000289 83ed      	STD  Y+4+1,R30
00028a 83ee      	STD  Y+6,R30
00028b 83ef      	STD  Y+6+1,R30
00028c 01de      	MOVW R26,R28
00028d 9618      	ADIW R26,8
00028e 940e 0300 	CALL __ADDW2R15
000290 940e 0308 	CALL __GETW1P
000292 93fa      	ST   -Y,R31
000293 93ea      	ST   -Y,R30
000294 931a      	ST   -Y,R17
000295 930a      	ST   -Y,R16
000296 e3ec      	LDI  R30,LOW(_put_usart_G100)
000297 e0f1      	LDI  R31,HIGH(_put_usart_G100)
000298 93fa      	ST   -Y,R31
000299 93ea      	ST   -Y,R30
00029a 01fe      	MOVW R30,R28
00029b 9638      	ADIW R30,8
00029c 93fa      	ST   -Y,R31
00029d 93ea      	ST   -Y,R30
00029e dea9      	RCALL __print_G100
00029f 8119      	LDD  R17,Y+1
0002a0 8108      	LDD  R16,Y+0
0002a1 9628      	ADIW R28,8
0002a2 90ff      	POP  R15
0002a3 9508      	RET
                 
                 	.CSEG
                 
                 	.CSEG
                 _strlen:
0002a4 91a9          ld   r26,y+
0002a5 91b9          ld   r27,y+
0002a6 27ee          clr  r30
0002a7 27ff          clr  r31
                 strlen0:
0002a8 916d          ld   r22,x+
0002a9 2366          tst  r22
0002aa f011          breq strlen1
0002ab 9631          adiw r30,1
0002ac cffb          rjmp strlen0
                 strlen1:
0002ad 9508          ret
                 _strlenf:
0002ae 27aa          clr  r26
0002af 27bb          clr  r27
0002b0 91e9          ld   r30,y+
0002b1 91f9          ld   r31,y+
                 strlenf0:
0002b2 9005      	lpm  r0,z+
0002b3 2000          tst  r0
0002b4 f011          breq strlenf1
0002b5 9611          adiw r26,1
0002b6 cffb          rjmp strlenf0
                 strlenf1:
0002b7 01fd          movw r30,r26
0002b8 9508          ret
                 
                 	.CSEG
                 ;OPTIMIZER ADDED SUBROUTINE, CALLED 3 TIMES, CODE SIZE REDUCTION:11 WORDS
                 SUBOPT_0x0:
                +
0002b9 ec88     +LDI R24 , LOW ( 200 )
0002ba e090     +LDI R25 , HIGH ( 200 )
                +__DELAY_USW_LOOP :
0002bb 9701     +SBIW R24 , 1
0002bc f7f1     +BRNE __DELAY_USW_LOOP
                 	__DELAY_USW 200
0002bd 81ea      	LDD  R30,Y+2
0002be 93ea      	ST   -Y,R30
0002bf 940e 00c9 	CALL _read_adc
0002c1 018f      	MOVW R16,R30
0002c2 9508      	RET
                 
                 ;OPTIMIZER ADDED SUBROUTINE, CALLED 3 TIMES, CODE SIZE REDUCTION:7 WORDS
                 SUBOPT_0x1:
0002c3 93ea      	ST   -Y,R30
0002c4 940e 00d7 	CALL _readSensor
0002c6 2766      	CLR  R22
0002c7 2777      	CLR  R23
0002c8 940e 0310 	CALL __PUTPARD1
0002ca 9508      	RET
                 
                 ;OPTIMIZER ADDED SUBROUTINE, CALLED 5 TIMES, CODE SIZE REDUCTION:21 WORDS
                 SUBOPT_0x2:
0002cb 932a      	ST   -Y,R18
0002cc 85ed      	LDD  R30,Y+13
0002cd 85fe      	LDD  R31,Y+13+1
0002ce 93fa      	ST   -Y,R31
0002cf 93ea      	ST   -Y,R30
0002d0 89e9      	LDD  R30,Y+17
0002d1 89fa      	LDD  R31,Y+17+1
0002d2 9509      	ICALL
0002d3 9508      	RET
                 
                 ;OPTIMIZER ADDED SUBROUTINE, CALLED 5 TIMES, CODE SIZE REDUCTION:9 WORDS
                 SUBOPT_0x3:
0002d4 89e8      	LDD  R30,Y+16
0002d5 89f9      	LDD  R31,Y+16+1
0002d6 9734      	SBIW R30,4
0002d7 8be8      	STD  Y+16,R30
0002d8 8bf9      	STD  Y+16+1,R31
0002d9 9508      	RET
                 
                 ;OPTIMIZER ADDED SUBROUTINE, CALLED 3 TIMES, CODE SIZE REDUCTION:7 WORDS
                 SUBOPT_0x4:
0002da 85ed      	LDD  R30,Y+13
0002db 85fe      	LDD  R31,Y+13+1
0002dc 93fa      	ST   -Y,R31
0002dd 93ea      	ST   -Y,R30
0002de 89e9      	LDD  R30,Y+17
0002df 89fa      	LDD  R31,Y+17+1
0002e0 9509      	ICALL
0002e1 9508      	RET
                 
                 ;OPTIMIZER ADDED SUBROUTINE, CALLED 2 TIMES, CODE SIZE REDUCTION:6 WORDS
                 SUBOPT_0x5:
0002e2 89a8      	LDD  R26,Y+16
0002e3 89b9      	LDD  R27,Y+16+1
0002e4 9614      	ADIW R26,4
0002e5 940e 0308 	CALL __GETW1P
0002e7 83ee      	STD  Y+6,R30
0002e8 83ff      	STD  Y+6+1,R31
0002e9 93fa      	ST   -Y,R31
0002ea 93ea      	ST   -Y,R30
0002eb 9508      	RET
                 
                 ;OPTIMIZER ADDED SUBROUTINE, CALLED 2 TIMES, CODE SIZE REDUCTION:2 WORDS
                 SUBOPT_0x6:
0002ec 89a8      	LDD  R26,Y+16
0002ed 89b9      	LDD  R27,Y+16+1
0002ee 9614      	ADIW R26,4
0002ef 940e 0308 	CALL __GETW1P
0002f1 87ea      	STD  Y+10,R30
0002f2 87fb      	STD  Y+10+1,R31
0002f3 9508      	RET
                 
                 
                 	.CSEG
                 _delay_ms:
0002f4 91e9      	ld   r30,y+
0002f5 91f9      	ld   r31,y+
0002f6 9630      	adiw r30,0
0002f7 f039      	breq __delay_ms1
                 __delay_ms0:
                +
0002f8 ea80     +LDI R24 , LOW ( 0xFA0 )
0002f9 e09f     +LDI R25 , HIGH ( 0xFA0 )
                +__DELAY_USW_LOOP :
0002fa 9701     +SBIW R24 , 1
0002fb f7f1     +BRNE __DELAY_USW_LOOP
                 	__DELAY_USW 0xFA0
0002fc 95a8      	wdr
0002fd 9731      	sbiw r30,1
0002fe f7c9      	brne __delay_ms0
                 __delay_ms1:
0002ff 9508      	ret
                 
                 __ADDW2R15:
000300 2400      	CLR  R0
000301 0daf      	ADD  R26,R15
000302 1db0      	ADC  R27,R0
000303 9508      	RET
                 
                 __ANEGW1:
000304 95f1      	NEG  R31
000305 95e1      	NEG  R30
000306 40f0      	SBCI R31,0
000307 9508      	RET
                 
                 __GETW1P:
000308 91ed      	LD   R30,X+
000309 91fc      	LD   R31,X
00030a 9711      	SBIW R26,1
00030b 9508      	RET
                 
                 __GETW1PF:
00030c 9005      	LPM  R0,Z+
00030d 91f4      	LPM  R31,Z
00030e 2de0      	MOV  R30,R0
00030f 9508      	RET
                 
                 __PUTPARD1:
000310 937a      	ST   -Y,R23
000311 936a      	ST   -Y,R22
000312 93fa      	ST   -Y,R31
000313 93ea      	ST   -Y,R30
000314 9508      	RET
                 
                 __SAVELOCR6:
000315 935a      	ST   -Y,R21
                 __SAVELOCR5:
000316 934a      	ST   -Y,R20
                 __SAVELOCR4:
000317 933a      	ST   -Y,R19
                 __SAVELOCR3:
000318 932a      	ST   -Y,R18
                 __SAVELOCR2:
000319 931a      	ST   -Y,R17
00031a 930a      	ST   -Y,R16
00031b 9508      	RET
                 
                 __LOADLOCR6:
00031c 815d      	LDD  R21,Y+5
                 __LOADLOCR5:
00031d 814c      	LDD  R20,Y+4
                 __LOADLOCR4:
00031e 813b      	LDD  R19,Y+3
                 __LOADLOCR3:
00031f 812a      	LDD  R18,Y+2
                 __LOADLOCR2:
000320 8119      	LDD  R17,Y+1
000321 8108      	LD   R16,Y
000322 9508      	RET
                 
                 ;END OF CODE MARKER
                 __END_OF_CODE:


RESOURCE USE INFORMATION
------------------------

Notice:
The register and instruction counts are symbol table hit counts,
and hence implicitly used resources are not counted, eg, the
'lpm' instruction without operands implicitly uses r0 and z,
none of which are counted.

x,y,z are separate entities in the symbol table and are
counted separately from r26..r31 here.

.dseg memory usage only counts static data declared with .byte

ATmega128L register use summary:
r0 :  11 r1 :   1 r2 :   0 r3 :   0 r4 :   2 r5 :   2 r6 :   0 r7 :   0 
r8 :   0 r9 :   0 r10:   0 r11:   0 r12:   0 r13:   0 r14:   0 r15:   4 
r16:  34 r17:  21 r18:  27 r19:   8 r20:   9 r21:  17 r22:   6 r23:   2 
r24:  16 r25:   4 r26:  41 r27:  19 r28:  11 r29:   1 r30: 179 r31:  60 
x  :  13 y  : 138 z  :  13 
Registers used: 24 out of 35 (68.6%)

ATmega128L instruction use summary:
.lds  :   0 .lds.l:   0 .sts  :   0 .sts.l:   0 adc   :   1 add   :   2 
adiw  :  16 and   :   0 andi  :  11 asr   :   0 bclr  :   0 bld   :   0 
brbc  :   0 brbs  :   0 brcc  :   0 brcs  :   0 break :   0 breq  :  14 
brge  :   0 brhc  :   0 brhs  :   0 brid  :   0 brie  :   0 brlo  :   6 
brlt  :   0 brmi  :   0 brne  :  27 brpl  :   1 brsh  :   2 brtc  :   0 
brts  :   0 brvc  :   0 brvs  :   0 bset  :   0 bst   :   0 call  :  40 
cbi   :   3 cbr   :   0 clc   :   0 clh   :   0 cli   :   1 cln   :   0 
clr   :  11 cls   :   0 clt   :   0 clv   :   0 clz   :   0 com   :   0 
cp    :   3 cpc   :   3 cpi   :  31 cpse  :   0 dec   :   2 des   :   0 
elpm  :   0 eor   :   0 fmul  :   0 fmuls :   0 fmulsu:   0 icall :   2 
ijmp  :   0 in    :   6 inc   :   0 jmp   :  41 ld    :  17 ldd   :  59 
ldi   :  73 lds   :   5 lpm   :  14 lsl   :   0 lsr   :   0 mov   :  13 
movw  :  10 mul   :   1 muls  :   0 mulsu :   0 neg   :   2 nop   :   0 
or    :   0 ori   :   9 out   :  18 pop   :   1 push  :   1 rcall :   6 
ret   :  25 reti  :   1 rjmp  :  53 rol   :   0 ror   :   0 sbc   :   1 
sbci  :   1 sbi   :   5 sbic  :   0 sbis  :   1 sbiw  :  14 sbr   :   0 
sbrc  :   2 sbrs  :  10 sec   :   0 seh   :   0 sei   :   1 sen   :   0 
ser   :   0 ses   :   0 set   :   0 sev   :   0 sez   :   0 sleep :   0 
spm   :   0 st    :  48 std   :  28 sts   :  12 sub   :   1 subi  :  13 
swap  :   0 tst   :   3 wdr   :   1 
Instructions used: 52 out of 117 (44.4%)

ATmega128L memory use summary [bytes]:
Segment   Begin    End      Code   Data   Used    Size   Use%
---------------------------------------------------------------
[.cseg] 0x000000 0x000646   1536     70   1606  131072   1.2%
[.dseg] 0x000100 0x000500      0      0      0    4351   0.0%
[.eseg] 0x000000 0x000000      0      0      0    4096   0.0%

Assembly complete, 0 errors, 7 warnings
