
AVRASM ver. 2.1.30  C:\Users\PC\OneDrive\Desktop\CodeVisionCoding\StepMotor\List\StepMotor.asm Wed Oct 28 09:30:52 2020

C:\Users\PC\OneDrive\Desktop\CodeVisionCoding\StepMotor\List\StepMotor.asm(1061): warning: Register r5 already defined by the .DEF directive
C:\Users\PC\OneDrive\Desktop\CodeVisionCoding\StepMotor\List\StepMotor.asm(1062): warning: Register r4 already defined by the .DEF directive
C:\Users\PC\OneDrive\Desktop\CodeVisionCoding\StepMotor\List\StepMotor.asm(1063): warning: Register r6 already defined by the .DEF directive
C:\Users\PC\OneDrive\Desktop\CodeVisionCoding\StepMotor\List\StepMotor.asm(1064): warning: Register r8 already defined by the .DEF directive
C:\Users\PC\OneDrive\Desktop\CodeVisionCoding\StepMotor\List\StepMotor.asm(1065): warning: Register r10 already defined by the .DEF directive
C:\Users\PC\OneDrive\Desktop\CodeVisionCoding\StepMotor\List\StepMotor.asm(1066): warning: Register r12 already defined by the .DEF directive
                 
                 
                 ;CodeVisionAVR C Compiler V2.05.0 Professional
                 ;(C) Copyright 1998-2010 Pavel Haiduc, HP InfoTech s.r.l.
                 ;http://www.hpinfotech.com
                 
                 ;Chip type                : ATmega128L
                 ;Program type             : Application
                 ;Clock frequency          : 16.000000 MHz
                 ;Memory model             : Small
                 ;Optimize for             : Size
                 ;(s)printf features       : int, width
                 ;(s)scanf features        : int, width
                 ;External RAM size        : 0
                 ;Data Stack size          : 1024 byte(s)
                 ;Heap size                : 0 byte(s)
                 ;Promote 'char' to 'int'  : Yes
                 ;'char' is unsigned       : Yes
                 ;8 bit enums              : Yes
                 ;global 'const' stored in FLASH: No
                 ;Enhanced core instructions    : On
                 ;Smart register allocation     : On
                 ;Automatic register allocation : On
                 
                 	#pragma AVRPART ADMIN PART_NAME ATmega128L
                 	#pragma AVRPART MEMORY PROG_FLASH 131072
                 	#pragma AVRPART MEMORY EEPROM 4096
                 	#pragma AVRPART MEMORY INT_SRAM SIZE 4351
                 	#pragma AVRPART MEMORY INT_SRAM START_ADDR 0x100
                 
                 	#define CALL_SUPPORTED 1
                 
                 	.LISTMAC
                 	.EQU UDRE=0x5
                 	.EQU RXC=0x7
                 	.EQU USR=0xB
                 	.EQU UDR=0xC
                 	.EQU SPSR=0xE
                 	.EQU SPDR=0xF
                 	.EQU EERE=0x0
                 	.EQU EEWE=0x1
                 	.EQU EEMWE=0x2
                 	.EQU EECR=0x1C
                 	.EQU EEDR=0x1D
                 	.EQU EEARL=0x1E
                 	.EQU EEARH=0x1F
                 	.EQU WDTCR=0x21
                 	.EQU MCUCR=0x35
                 	.EQU RAMPZ=0x3B
                 	.EQU SPL=0x3D
                 	.EQU SPH=0x3E
                 	.EQU SREG=0x3F
                 	.EQU XMCRA=0x6D
                 	.EQU XMCRB=0x6C
                 
                 	.DEF R0X0=R0
                 	.DEF R0X1=R1
                 	.DEF R0X2=R2
                 	.DEF R0X3=R3
                 	.DEF R0X4=R4
                 	.DEF R0X5=R5
                 	.DEF R0X6=R6
                 	.DEF R0X7=R7
                 	.DEF R0X8=R8
                 	.DEF R0X9=R9
                 	.DEF R0XA=R10
                 	.DEF R0XB=R11
                 	.DEF R0XC=R12
                 	.DEF R0XD=R13
                 	.DEF R0XE=R14
                 	.DEF R0XF=R15
                 	.DEF R0X10=R16
                 	.DEF R0X11=R17
                 	.DEF R0X12=R18
                 	.DEF R0X13=R19
                 	.DEF R0X14=R20
                 	.DEF R0X15=R21
                 	.DEF R0X16=R22
                 	.DEF R0X17=R23
                 	.DEF R0X18=R24
                 	.DEF R0X19=R25
                 	.DEF R0X1A=R26
                 	.DEF R0X1B=R27
                 	.DEF R0X1C=R28
                 	.DEF R0X1D=R29
                 	.DEF R0X1E=R30
                 	.DEF R0X1F=R31
                 
                 	.EQU __SRAM_START=0x0100
                 	.EQU __SRAM_END=0x10FF
                 	.EQU __DSTACK_SIZE=0x0400
                 	.EQU __HEAP_SIZE=0x0000
                 	.EQU __CLEAR_SRAM_SIZE=__SRAM_END-__SRAM_START+1
                 
                 	.MACRO __CPD1N
                 	CPI  R30,LOW(@0)
                 	LDI  R26,HIGH(@0)
                 	CPC  R31,R26
                 	LDI  R26,BYTE3(@0)
                 	CPC  R22,R26
                 	LDI  R26,BYTE4(@0)
                 	CPC  R23,R26
                 	.ENDM
                 
                 	.MACRO __CPD2N
                 	CPI  R26,LOW(@0)
                 	LDI  R30,HIGH(@0)
                 	CPC  R27,R30
                 	LDI  R30,BYTE3(@0)
                 	CPC  R24,R30
                 	LDI  R30,BYTE4(@0)
                 	CPC  R25,R30
                 	.ENDM
                 
                 	.MACRO __CPWRR
                 	CP   R@0,R@2
                 	CPC  R@1,R@3
                 	.ENDM
                 
                 	.MACRO __CPWRN
                 	CPI  R@0,LOW(@2)
                 	LDI  R30,HIGH(@2)
                 	CPC  R@1,R30
                 	.ENDM
                 
                 	.MACRO __ADDB1MN
                 	SUBI R30,LOW(-@0-(@1))
                 	.ENDM
                 
                 	.MACRO __ADDB2MN
                 	SUBI R26,LOW(-@0-(@1))
                 	.ENDM
                 
                 	.MACRO __ADDW1MN
                 	SUBI R30,LOW(-@0-(@1))
                 	SBCI R31,HIGH(-@0-(@1))
                 	.ENDM
                 
                 	.MACRO __ADDW2MN
                 	SUBI R26,LOW(-@0-(@1))
                 	SBCI R27,HIGH(-@0-(@1))
                 	.ENDM
                 
                 	.MACRO __ADDW1FN
                 	SUBI R30,LOW(-2*@0-(@1))
                 	SBCI R31,HIGH(-2*@0-(@1))
                 	.ENDM
                 
                 	.MACRO __ADDD1FN
                 	SUBI R30,LOW(-2*@0-(@1))
                 	SBCI R31,HIGH(-2*@0-(@1))
                 	SBCI R22,BYTE3(-2*@0-(@1))
                 	.ENDM
                 
                 	.MACRO __ADDD1N
                 	SUBI R30,LOW(-@0)
                 	SBCI R31,HIGH(-@0)
                 	SBCI R22,BYTE3(-@0)
                 	SBCI R23,BYTE4(-@0)
                 	.ENDM
                 
                 	.MACRO __ADDD2N
                 	SUBI R26,LOW(-@0)
                 	SBCI R27,HIGH(-@0)
                 	SBCI R24,BYTE3(-@0)
                 	SBCI R25,BYTE4(-@0)
                 	.ENDM
                 
                 	.MACRO __SUBD1N
                 	SUBI R30,LOW(@0)
                 	SBCI R31,HIGH(@0)
                 	SBCI R22,BYTE3(@0)
                 	SBCI R23,BYTE4(@0)
                 	.ENDM
                 
                 	.MACRO __SUBD2N
                 	SUBI R26,LOW(@0)
                 	SBCI R27,HIGH(@0)
                 	SBCI R24,BYTE3(@0)
                 	SBCI R25,BYTE4(@0)
                 	.ENDM
                 
                 	.MACRO __ANDBMNN
                 	LDS  R30,@0+(@1)
                 	ANDI R30,LOW(@2)
                 	STS  @0+(@1),R30
                 	.ENDM
                 
                 	.MACRO __ANDWMNN
                 	LDS  R30,@0+(@1)
                 	ANDI R30,LOW(@2)
                 	STS  @0+(@1),R30
                 	LDS  R30,@0+(@1)+1
                 	ANDI R30,HIGH(@2)
                 	STS  @0+(@1)+1,R30
                 	.ENDM
                 
                 	.MACRO __ANDD1N
                 	ANDI R30,LOW(@0)
                 	ANDI R31,HIGH(@0)
                 	ANDI R22,BYTE3(@0)
                 	ANDI R23,BYTE4(@0)
                 	.ENDM
                 
                 	.MACRO __ANDD2N
                 	ANDI R26,LOW(@0)
                 	ANDI R27,HIGH(@0)
                 	ANDI R24,BYTE3(@0)
                 	ANDI R25,BYTE4(@0)
                 	.ENDM
                 
                 	.MACRO __ORBMNN
                 	LDS  R30,@0+(@1)
                 	ORI  R30,LOW(@2)
                 	STS  @0+(@1),R30
                 	.ENDM
                 
                 	.MACRO __ORWMNN
                 	LDS  R30,@0+(@1)
                 	ORI  R30,LOW(@2)
                 	STS  @0+(@1),R30
                 	LDS  R30,@0+(@1)+1
                 	ORI  R30,HIGH(@2)
                 	STS  @0+(@1)+1,R30
                 	.ENDM
                 
                 	.MACRO __ORD1N
                 	ORI  R30,LOW(@0)
                 	ORI  R31,HIGH(@0)
                 	ORI  R22,BYTE3(@0)
                 	ORI  R23,BYTE4(@0)
                 	.ENDM
                 
                 	.MACRO __ORD2N
                 	ORI  R26,LOW(@0)
                 	ORI  R27,HIGH(@0)
                 	ORI  R24,BYTE3(@0)
                 	ORI  R25,BYTE4(@0)
                 	.ENDM
                 
                 	.MACRO __DELAY_USB
                 	LDI  R24,LOW(@0)
                 __DELAY_USB_LOOP:
                 	DEC  R24
                 	BRNE __DELAY_USB_LOOP
                 	.ENDM
                 
                 	.MACRO __DELAY_USW
                 	LDI  R24,LOW(@0)
                 	LDI  R25,HIGH(@0)
                 __DELAY_USW_LOOP:
                 	SBIW R24,1
                 	BRNE __DELAY_USW_LOOP
                 	.ENDM
                 
                 	.MACRO __GETD1S
                 	LDD  R30,Y+@0
                 	LDD  R31,Y+@0+1
                 	LDD  R22,Y+@0+2
                 	LDD  R23,Y+@0+3
                 	.ENDM
                 
                 	.MACRO __GETD2S
                 	LDD  R26,Y+@0
                 	LDD  R27,Y+@0+1
                 	LDD  R24,Y+@0+2
                 	LDD  R25,Y+@0+3
                 	.ENDM
                 
                 	.MACRO __PUTD1S
                 	STD  Y+@0,R30
                 	STD  Y+@0+1,R31
                 	STD  Y+@0+2,R22
                 	STD  Y+@0+3,R23
                 	.ENDM
                 
                 	.MACRO __PUTD2S
                 	STD  Y+@0,R26
                 	STD  Y+@0+1,R27
                 	STD  Y+@0+2,R24
                 	STD  Y+@0+3,R25
                 	.ENDM
                 
                 	.MACRO __PUTDZ2
                 	STD  Z+@0,R26
                 	STD  Z+@0+1,R27
                 	STD  Z+@0+2,R24
                 	STD  Z+@0+3,R25
                 	.ENDM
                 
                 	.MACRO __CLRD1S
                 	STD  Y+@0,R30
                 	STD  Y+@0+1,R30
                 	STD  Y+@0+2,R30
                 	STD  Y+@0+3,R30
                 	.ENDM
                 
                 	.MACRO __POINTB1MN
                 	LDI  R30,LOW(@0+(@1))
                 	.ENDM
                 
                 	.MACRO __POINTW1MN
                 	LDI  R30,LOW(@0+(@1))
                 	LDI  R31,HIGH(@0+(@1))
                 	.ENDM
                 
                 	.MACRO __POINTD1M
                 	LDI  R30,LOW(@0)
                 	LDI  R31,HIGH(@0)
                 	LDI  R22,BYTE3(@0)
                 	LDI  R23,BYTE4(@0)
                 	.ENDM
                 
                 	.MACRO __POINTW1FN
                 	LDI  R30,LOW(2*@0+(@1))
                 	LDI  R31,HIGH(2*@0+(@1))
                 	.ENDM
                 
                 	.MACRO __POINTD1FN
                 	LDI  R30,LOW(2*@0+(@1))
                 	LDI  R31,HIGH(2*@0+(@1))
                 	LDI  R22,BYTE3(2*@0+(@1))
                 	LDI  R23,BYTE4(2*@0+(@1))
                 	.ENDM
                 
                 	.MACRO __POINTB2MN
                 	LDI  R26,LOW(@0+(@1))
                 	.ENDM
                 
                 	.MACRO __POINTW2MN
                 	LDI  R26,LOW(@0+(@1))
                 	LDI  R27,HIGH(@0+(@1))
                 	.ENDM
                 
                 	.MACRO __POINTBRM
                 	LDI  R@0,LOW(@1)
                 	.ENDM
                 
                 	.MACRO __POINTWRM
                 	LDI  R@0,LOW(@2)
                 	LDI  R@1,HIGH(@2)
                 	.ENDM
                 
                 	.MACRO __POINTBRMN
                 	LDI  R@0,LOW(@1+(@2))
                 	.ENDM
                 
                 	.MACRO __POINTWRMN
                 	LDI  R@0,LOW(@2+(@3))
                 	LDI  R@1,HIGH(@2+(@3))
                 	.ENDM
                 
                 	.MACRO __POINTWRFN
                 	LDI  R@0,LOW(@2*2+(@3))
                 	LDI  R@1,HIGH(@2*2+(@3))
                 	.ENDM
                 
                 	.MACRO __GETD1N
                 	LDI  R30,LOW(@0)
                 	LDI  R31,HIGH(@0)
                 	LDI  R22,BYTE3(@0)
                 	LDI  R23,BYTE4(@0)
                 	.ENDM
                 
                 	.MACRO __GETD2N
                 	LDI  R26,LOW(@0)
                 	LDI  R27,HIGH(@0)
                 	LDI  R24,BYTE3(@0)
                 	LDI  R25,BYTE4(@0)
                 	.ENDM
                 
                 	.MACRO __GETB1MN
                 	LDS  R30,@0+(@1)
                 	.ENDM
                 
                 	.MACRO __GETB1HMN
                 	LDS  R31,@0+(@1)
                 	.ENDM
                 
                 	.MACRO __GETW1MN
                 	LDS  R30,@0+(@1)
                 	LDS  R31,@0+(@1)+1
                 	.ENDM
                 
                 	.MACRO __GETD1MN
                 	LDS  R30,@0+(@1)
                 	LDS  R31,@0+(@1)+1
                 	LDS  R22,@0+(@1)+2
                 	LDS  R23,@0+(@1)+3
                 	.ENDM
                 
                 	.MACRO __GETBRMN
                 	LDS  R@0,@1+(@2)
                 	.ENDM
                 
                 	.MACRO __GETWRMN
                 	LDS  R@0,@2+(@3)
                 	LDS  R@1,@2+(@3)+1
                 	.ENDM
                 
                 	.MACRO __GETWRZ
                 	LDD  R@0,Z+@2
                 	LDD  R@1,Z+@2+1
                 	.ENDM
                 
                 	.MACRO __GETD2Z
                 	LDD  R26,Z+@0
                 	LDD  R27,Z+@0+1
                 	LDD  R24,Z+@0+2
                 	LDD  R25,Z+@0+3
                 	.ENDM
                 
                 	.MACRO __GETB2MN
                 	LDS  R26,@0+(@1)
                 	.ENDM
                 
                 	.MACRO __GETW2MN
                 	LDS  R26,@0+(@1)
                 	LDS  R27,@0+(@1)+1
                 	.ENDM
                 
                 	.MACRO __GETD2MN
                 	LDS  R26,@0+(@1)
                 	LDS  R27,@0+(@1)+1
                 	LDS  R24,@0+(@1)+2
                 	LDS  R25,@0+(@1)+3
                 	.ENDM
                 
                 	.MACRO __PUTB1MN
                 	STS  @0+(@1),R30
                 	.ENDM
                 
                 	.MACRO __PUTW1MN
                 	STS  @0+(@1),R30
                 	STS  @0+(@1)+1,R31
                 	.ENDM
                 
                 	.MACRO __PUTD1MN
                 	STS  @0+(@1),R30
                 	STS  @0+(@1)+1,R31
                 	STS  @0+(@1)+2,R22
                 	STS  @0+(@1)+3,R23
                 	.ENDM
                 
                 	.MACRO __PUTB1EN
                 	LDI  R26,LOW(@0+(@1))
                 	LDI  R27,HIGH(@0+(@1))
                 	CALL __EEPROMWRB
                 	.ENDM
                 
                 	.MACRO __PUTW1EN
                 	LDI  R26,LOW(@0+(@1))
                 	LDI  R27,HIGH(@0+(@1))
                 	CALL __EEPROMWRW
                 	.ENDM
                 
                 	.MACRO __PUTD1EN
                 	LDI  R26,LOW(@0+(@1))
                 	LDI  R27,HIGH(@0+(@1))
                 	CALL __EEPROMWRD
                 	.ENDM
                 
                 	.MACRO __PUTBR0MN
                 	STS  @0+(@1),R0
                 	.ENDM
                 
                 	.MACRO __PUTBMRN
                 	STS  @0+(@1),R@2
                 	.ENDM
                 
                 	.MACRO __PUTWMRN
                 	STS  @0+(@1),R@2
                 	STS  @0+(@1)+1,R@3
                 	.ENDM
                 
                 	.MACRO __PUTBZR
                 	STD  Z+@1,R@0
                 	.ENDM
                 
                 	.MACRO __PUTWZR
                 	STD  Z+@2,R@0
                 	STD  Z+@2+1,R@1
                 	.ENDM
                 
                 	.MACRO __GETW1R
                 	MOV  R30,R@0
                 	MOV  R31,R@1
                 	.ENDM
                 
                 	.MACRO __GETW2R
                 	MOV  R26,R@0
                 	MOV  R27,R@1
                 	.ENDM
                 
                 	.MACRO __GETWRN
                 	LDI  R@0,LOW(@2)
                 	LDI  R@1,HIGH(@2)
                 	.ENDM
                 
                 	.MACRO __PUTW1R
                 	MOV  R@0,R30
                 	MOV  R@1,R31
                 	.ENDM
                 
                 	.MACRO __PUTW2R
                 	MOV  R@0,R26
                 	MOV  R@1,R27
                 	.ENDM
                 
                 	.MACRO __ADDWRN
                 	SUBI R@0,LOW(-@2)
                 	SBCI R@1,HIGH(-@2)
                 	.ENDM
                 
                 	.MACRO __ADDWRR
                 	ADD  R@0,R@2
                 	ADC  R@1,R@3
                 	.ENDM
                 
                 	.MACRO __SUBWRN
                 	SUBI R@0,LOW(@2)
                 	SBCI R@1,HIGH(@2)
                 	.ENDM
                 
                 	.MACRO __SUBWRR
                 	SUB  R@0,R@2
                 	SBC  R@1,R@3
                 	.ENDM
                 
                 	.MACRO __ANDWRN
                 	ANDI R@0,LOW(@2)
                 	ANDI R@1,HIGH(@2)
                 	.ENDM
                 
                 	.MACRO __ANDWRR
                 	AND  R@0,R@2
                 	AND  R@1,R@3
                 	.ENDM
                 
                 	.MACRO __ORWRN
                 	ORI  R@0,LOW(@2)
                 	ORI  R@1,HIGH(@2)
                 	.ENDM
                 
                 	.MACRO __ORWRR
                 	OR   R@0,R@2
                 	OR   R@1,R@3
                 	.ENDM
                 
                 	.MACRO __EORWRR
                 	EOR  R@0,R@2
                 	EOR  R@1,R@3
                 	.ENDM
                 
                 	.MACRO __GETWRS
                 	LDD  R@0,Y+@2
                 	LDD  R@1,Y+@2+1
                 	.ENDM
                 
                 	.MACRO __PUTBSR
                 	STD  Y+@1,R@0
                 	.ENDM
                 
                 	.MACRO __PUTWSR
                 	STD  Y+@2,R@0
                 	STD  Y+@2+1,R@1
                 	.ENDM
                 
                 	.MACRO __MOVEWRR
                 	MOV  R@0,R@2
                 	MOV  R@1,R@3
                 	.ENDM
                 
                 	.MACRO __INWR
                 	IN   R@0,@2
                 	IN   R@1,@2+1
                 	.ENDM
                 
                 	.MACRO __OUTWR
                 	OUT  @2+1,R@1
                 	OUT  @2,R@0
                 	.ENDM
                 
                 	.MACRO __CALL1MN
                 	LDS  R30,@0+(@1)
                 	LDS  R31,@0+(@1)+1
                 	ICALL
                 	.ENDM
                 
                 	.MACRO __CALL1FN
                 	LDI  R30,LOW(2*@0+(@1))
                 	LDI  R31,HIGH(2*@0+(@1))
                 	CALL __GETW1PF
                 	ICALL
                 	.ENDM
                 
                 	.MACRO __CALL2EN
                 	LDI  R26,LOW(@0+(@1))
                 	LDI  R27,HIGH(@0+(@1))
                 	CALL __EEPROMRDW
                 	ICALL
                 	.ENDM
                 
                 	.MACRO __GETW1STACK
                 	IN   R26,SPL
                 	IN   R27,SPH
                 	ADIW R26,@0+1
                 	LD   R30,X+
                 	LD   R31,X
                 	.ENDM
                 
                 	.MACRO __GETD1STACK
                 	IN   R26,SPL
                 	IN   R27,SPH
                 	ADIW R26,@0+1
                 	LD   R30,X+
                 	LD   R31,X+
                 	LD   R22,X
                 	.ENDM
                 
                 	.MACRO __NBST
                 	BST  R@0,@1
                 	IN   R30,SREG
                 	LDI  R31,0x40
                 	EOR  R30,R31
                 	OUT  SREG,R30
                 	.ENDM
                 
                 
                 	.MACRO __PUTB1SN
                 	LDD  R26,Y+@0
                 	LDD  R27,Y+@0+1
                 	SUBI R26,LOW(-@1)
                 	SBCI R27,HIGH(-@1)
                 	ST   X,R30
                 	.ENDM
                 
                 	.MACRO __PUTW1SN
                 	LDD  R26,Y+@0
                 	LDD  R27,Y+@0+1
                 	SUBI R26,LOW(-@1)
                 	SBCI R27,HIGH(-@1)
                 	ST   X+,R30
                 	ST   X,R31
                 	.ENDM
                 
                 	.MACRO __PUTD1SN
                 	LDD  R26,Y+@0
                 	LDD  R27,Y+@0+1
                 	SUBI R26,LOW(-@1)
                 	SBCI R27,HIGH(-@1)
                 	CALL __PUTDP1
                 	.ENDM
                 
                 	.MACRO __PUTB1SNS
                 	LDD  R26,Y+@0
                 	LDD  R27,Y+@0+1
                 	ADIW R26,@1
                 	ST   X,R30
                 	.ENDM
                 
                 	.MACRO __PUTW1SNS
                 	LDD  R26,Y+@0
                 	LDD  R27,Y+@0+1
                 	ADIW R26,@1
                 	ST   X+,R30
                 	ST   X,R31
                 	.ENDM
                 
                 	.MACRO __PUTD1SNS
                 	LDD  R26,Y+@0
                 	LDD  R27,Y+@0+1
                 	ADIW R26,@1
                 	CALL __PUTDP1
                 	.ENDM
                 
                 	.MACRO __PUTB1PMN
                 	LDS  R26,@0
                 	LDS  R27,@0+1
                 	SUBI R26,LOW(-@1)
                 	SBCI R27,HIGH(-@1)
                 	ST   X,R30
                 	.ENDM
                 
                 	.MACRO __PUTW1PMN
                 	LDS  R26,@0
                 	LDS  R27,@0+1
                 	SUBI R26,LOW(-@1)
                 	SBCI R27,HIGH(-@1)
                 	ST   X+,R30
                 	ST   X,R31
                 	.ENDM
                 
                 	.MACRO __PUTD1PMN
                 	LDS  R26,@0
                 	LDS  R27,@0+1
                 	SUBI R26,LOW(-@1)
                 	SBCI R27,HIGH(-@1)
                 	CALL __PUTDP1
                 	.ENDM
                 
                 	.MACRO __PUTB1PMNS
                 	LDS  R26,@0
                 	LDS  R27,@0+1
                 	ADIW R26,@1
                 	ST   X,R30
                 	.ENDM
                 
                 	.MACRO __PUTW1PMNS
                 	LDS  R26,@0
                 	LDS  R27,@0+1
                 	ADIW R26,@1
                 	ST   X+,R30
                 	ST   X,R31
                 	.ENDM
                 
                 	.MACRO __PUTD1PMNS
                 	LDS  R26,@0
                 	LDS  R27,@0+1
                 	ADIW R26,@1
                 	CALL __PUTDP1
                 	.ENDM
                 
                 	.MACRO __PUTB1RN
                 	MOVW R26,R@0
                 	SUBI R26,LOW(-@1)
                 	SBCI R27,HIGH(-@1)
                 	ST   X,R30
                 	.ENDM
                 
                 	.MACRO __PUTW1RN
                 	MOVW R26,R@0
                 	SUBI R26,LOW(-@1)
                 	SBCI R27,HIGH(-@1)
                 	ST   X+,R30
                 	ST   X,R31
                 	.ENDM
                 
                 	.MACRO __PUTD1RN
                 	MOVW R26,R@0
                 	SUBI R26,LOW(-@1)
                 	SBCI R27,HIGH(-@1)
                 	CALL __PUTDP1
                 	.ENDM
                 
                 	.MACRO __PUTB1RNS
                 	MOVW R26,R@0
                 	ADIW R26,@1
                 	ST   X,R30
                 	.ENDM
                 
                 	.MACRO __PUTW1RNS
                 	MOVW R26,R@0
                 	ADIW R26,@1
                 	ST   X+,R30
                 	ST   X,R31
                 	.ENDM
                 
                 	.MACRO __PUTD1RNS
                 	MOVW R26,R@0
                 	ADIW R26,@1
                 	CALL __PUTDP1
                 	.ENDM
                 
                 	.MACRO __PUTB1RON
                 	MOV  R26,R@0
                 	MOV  R27,R@1
                 	SUBI R26,LOW(-@2)
                 	SBCI R27,HIGH(-@2)
                 	ST   X,R30
                 	.ENDM
                 
                 	.MACRO __PUTW1RON
                 	MOV  R26,R@0
                 	MOV  R27,R@1
                 	SUBI R26,LOW(-@2)
                 	SBCI R27,HIGH(-@2)
                 	ST   X+,R30
                 	ST   X,R31
                 	.ENDM
                 
                 	.MACRO __PUTD1RON
                 	MOV  R26,R@0
                 	MOV  R27,R@1
                 	SUBI R26,LOW(-@2)
                 	SBCI R27,HIGH(-@2)
                 	CALL __PUTDP1
                 	.ENDM
                 
                 	.MACRO __PUTB1RONS
                 	MOV  R26,R@0
                 	MOV  R27,R@1
                 	ADIW R26,@2
                 	ST   X,R30
                 	.ENDM
                 
                 	.MACRO __PUTW1RONS
                 	MOV  R26,R@0
                 	MOV  R27,R@1
                 	ADIW R26,@2
                 	ST   X+,R30
                 	ST   X,R31
                 	.ENDM
                 
                 	.MACRO __PUTD1RONS
                 	MOV  R26,R@0
                 	MOV  R27,R@1
                 	ADIW R26,@2
                 	CALL __PUTDP1
                 	.ENDM
                 
                 
                 	.MACRO __GETB1SX
                 	MOVW R30,R28
                 	SUBI R30,LOW(-@0)
                 	SBCI R31,HIGH(-@0)
                 	LD   R30,Z
                 	.ENDM
                 
                 	.MACRO __GETB1HSX
                 	MOVW R30,R28
                 	SUBI R30,LOW(-@0)
                 	SBCI R31,HIGH(-@0)
                 	LD   R31,Z
                 	.ENDM
                 
                 	.MACRO __GETW1SX
                 	MOVW R30,R28
                 	SUBI R30,LOW(-@0)
                 	SBCI R31,HIGH(-@0)
                 	LD   R0,Z+
                 	LD   R31,Z
                 	MOV  R30,R0
                 	.ENDM
                 
                 	.MACRO __GETD1SX
                 	MOVW R30,R28
                 	SUBI R30,LOW(-@0)
                 	SBCI R31,HIGH(-@0)
                 	LD   R0,Z+
                 	LD   R1,Z+
                 	LD   R22,Z+
                 	LD   R23,Z
                 	MOVW R30,R0
                 	.ENDM
                 
                 	.MACRO __GETB2SX
                 	MOVW R26,R28
                 	SUBI R26,LOW(-@0)
                 	SBCI R27,HIGH(-@0)
                 	LD   R26,X
                 	.ENDM
                 
                 	.MACRO __GETW2SX
                 	MOVW R26,R28
                 	SUBI R26,LOW(-@0)
                 	SBCI R27,HIGH(-@0)
                 	LD   R0,X+
                 	LD   R27,X
                 	MOV  R26,R0
                 	.ENDM
                 
                 	.MACRO __GETD2SX
                 	MOVW R26,R28
                 	SUBI R26,LOW(-@0)
                 	SBCI R27,HIGH(-@0)
                 	LD   R0,X+
                 	LD   R1,X+
                 	LD   R24,X+
                 	LD   R25,X
                 	MOVW R26,R0
                 	.ENDM
                 
                 	.MACRO __GETBRSX
                 	MOVW R30,R28
                 	SUBI R30,LOW(-@1)
                 	SBCI R31,HIGH(-@1)
                 	LD   R@0,Z
                 	.ENDM
                 
                 	.MACRO __GETWRSX
                 	MOVW R30,R28
                 	SUBI R30,LOW(-@2)
                 	SBCI R31,HIGH(-@2)
                 	LD   R@0,Z+
                 	LD   R@1,Z
                 	.ENDM
                 
                 	.MACRO __GETBRSX2
                 	MOVW R26,R28
                 	SUBI R26,LOW(-@1)
                 	SBCI R27,HIGH(-@1)
                 	LD   R@0,X
                 	.ENDM
                 
                 	.MACRO __GETWRSX2
                 	MOVW R26,R28
                 	SUBI R26,LOW(-@2)
                 	SBCI R27,HIGH(-@2)
                 	LD   R@0,X+
                 	LD   R@1,X
                 	.ENDM
                 
                 	.MACRO __LSLW8SX
                 	MOVW R30,R28
                 	SUBI R30,LOW(-@0)
                 	SBCI R31,HIGH(-@0)
                 	LD   R31,Z
                 	CLR  R30
                 	.ENDM
                 
                 	.MACRO __PUTB1SX
                 	MOVW R26,R28
                 	SUBI R26,LOW(-@0)
                 	SBCI R27,HIGH(-@0)
                 	ST   X,R30
                 	.ENDM
                 
                 	.MACRO __PUTW1SX
                 	MOVW R26,R28
                 	SUBI R26,LOW(-@0)
                 	SBCI R27,HIGH(-@0)
                 	ST   X+,R30
                 	ST   X,R31
                 	.ENDM
                 
                 	.MACRO __PUTD1SX
                 	MOVW R26,R28
                 	SUBI R26,LOW(-@0)
                 	SBCI R27,HIGH(-@0)
                 	ST   X+,R30
                 	ST   X+,R31
                 	ST   X+,R22
                 	ST   X,R23
                 	.ENDM
                 
                 	.MACRO __CLRW1SX
                 	MOVW R26,R28
                 	SUBI R26,LOW(-@0)
                 	SBCI R27,HIGH(-@0)
                 	ST   X+,R30
                 	ST   X,R30
                 	.ENDM
                 
                 	.MACRO __CLRD1SX
                 	MOVW R26,R28
                 	SUBI R26,LOW(-@0)
                 	SBCI R27,HIGH(-@0)
                 	ST   X+,R30
                 	ST   X+,R30
                 	ST   X+,R30
                 	ST   X,R30
                 	.ENDM
                 
                 	.MACRO __PUTB2SX
                 	MOVW R30,R28
                 	SUBI R30,LOW(-@0)
                 	SBCI R31,HIGH(-@0)
                 	ST   Z,R26
                 	.ENDM
                 
                 	.MACRO __PUTW2SX
                 	MOVW R30,R28
                 	SUBI R30,LOW(-@0)
                 	SBCI R31,HIGH(-@0)
                 	ST   Z+,R26
                 	ST   Z,R27
                 	.ENDM
                 
                 	.MACRO __PUTD2SX
                 	MOVW R30,R28
                 	SUBI R30,LOW(-@0)
                 	SBCI R31,HIGH(-@0)
                 	ST   Z+,R26
                 	ST   Z+,R27
                 	ST   Z+,R24
                 	ST   Z,R25
                 	.ENDM
                 
                 	.MACRO __PUTBSRX
                 	MOVW R30,R28
                 	SUBI R30,LOW(-@1)
                 	SBCI R31,HIGH(-@1)
                 	ST   Z,R@0
                 	.ENDM
                 
                 	.MACRO __PUTWSRX
                 	MOVW R30,R28
                 	SUBI R30,LOW(-@2)
                 	SBCI R31,HIGH(-@2)
                 	ST   Z+,R@0
                 	ST   Z,R@1
                 	.ENDM
                 
                 	.MACRO __PUTB1SNX
                 	MOVW R26,R28
                 	SUBI R26,LOW(-@0)
                 	SBCI R27,HIGH(-@0)
                 	LD   R0,X+
                 	LD   R27,X
                 	MOV  R26,R0
                 	SUBI R26,LOW(-@1)
                 	SBCI R27,HIGH(-@1)
                 	ST   X,R30
                 	.ENDM
                 
                 	.MACRO __PUTW1SNX
                 	MOVW R26,R28
                 	SUBI R26,LOW(-@0)
                 	SBCI R27,HIGH(-@0)
                 	LD   R0,X+
                 	LD   R27,X
                 	MOV  R26,R0
                 	SUBI R26,LOW(-@1)
                 	SBCI R27,HIGH(-@1)
                 	ST   X+,R30
                 	ST   X,R31
                 	.ENDM
                 
                 	.MACRO __PUTD1SNX
                 	MOVW R26,R28
                 	SUBI R26,LOW(-@0)
                 	SBCI R27,HIGH(-@0)
                 	LD   R0,X+
                 	LD   R27,X
                 	MOV  R26,R0
                 	SUBI R26,LOW(-@1)
                 	SBCI R27,HIGH(-@1)
                 	ST   X+,R30
                 	ST   X+,R31
                 	ST   X+,R22
                 	ST   X,R23
                 	.ENDM
                 
                 	.MACRO __MULBRR
                 	MULS R@0,R@1
                 	MOVW R30,R0
                 	.ENDM
                 
                 	.MACRO __MULBRRU
                 	MUL  R@0,R@1
                 	MOVW R30,R0
                 	.ENDM
                 
                 	.MACRO __MULBRR0
                 	MULS R@0,R@1
                 	.ENDM
                 
                 	.MACRO __MULBRRU0
                 	MUL  R@0,R@1
                 	.ENDM
                 
                 	.MACRO __MULBNWRU
                 	LDI  R26,@2
                 	MUL  R26,R@0
                 	MOVW R30,R0
                 	MUL  R26,R@1
                 	ADD  R31,R0
                 	.ENDM
                 
                 ;NAME DEFINITIONS FOR GLOBAL VARIABLES ALLOCATED TO REGISTERS
                 	.DEF _switch1=R5
                 	.DEF _switch2=R4
                 	.DEF _i=R6
                 	.DEF _j=R8
                 	.DEF _LeftstepCount=R10
                 	.DEF _RightstepCount=R12
                 
                 	.CSEG
                 	.ORG 0x00
                 
                 ;START OF CODE MARKER
                 __START_OF_CODE:
                 
                 ;INTERRUPT VECTORS
000000 940c 0063 	JMP  __RESET
000002 940c 0096 	JMP  _ext_int0_isr
000004 940c 009a 	JMP  _ext_int1_isr
000006 940c 0000 	JMP  0x00
000008 940c 0000 	JMP  0x00
00000a 940c 0000 	JMP  0x00
00000c 940c 0000 	JMP  0x00
00000e 940c 0000 	JMP  0x00
000010 940c 0000 	JMP  0x00
000012 940c 0000 	JMP  0x00
000014 940c 0000 	JMP  0x00
000016 940c 0000 	JMP  0x00
000018 940c 0000 	JMP  0x00
00001a 940c 0000 	JMP  0x00
00001c 940c 014d 	JMP  _timer1_ovf_isr
00001e 940c 0000 	JMP  0x00
000020 940c 0000 	JMP  0x00
000022 940c 0000 	JMP  0x00
000024 940c 0000 	JMP  0x00
000026 940c 0000 	JMP  0x00
000028 940c 0000 	JMP  0x00
00002a 940c 0000 	JMP  0x00
00002c 940c 0000 	JMP  0x00
00002e 940c 0000 	JMP  0x00
000030 940c 0000 	JMP  0x00
000032 940c 0000 	JMP  0x00
000034 940c 0000 	JMP  0x00
000036 940c 0000 	JMP  0x00
000038 940c 0000 	JMP  0x00
00003a 940c 0196 	JMP  _timer3_ovf_isr
00003c 940c 0000 	JMP  0x00
00003e 940c 0000 	JMP  0x00
000040 940c 0000 	JMP  0x00
000042 940c 0000 	JMP  0x00
000044 940c 0000 	JMP  0x00
                 
                 _0x3:
000046 0109
000047 0405
000048 0206
000049 080a      	.DB  0x9,0x1,0x5,0x4,0x6,0x2,0xA,0x8
                 _0x4:
00004a 0809
00004b 020a
00004c 0406
00004d 0105      	.DB  0x9,0x8,0xA,0x2,0x6,0x4,0x5,0x1
                 _0x48:
00004e 0000
00004f 0000      	.DB  0x0,0x0,0x0,0x0
                 _0x2020060:
C:\Users\PC\OneDrive\Desktop\CodeVisionCoding\StepMotor\List\StepMotor.asm(1118): warning: .cseg .db misalignment - padding zero byte
000050 0001      	.DB  0x1
                 _0x2020000:
000051 4e2d
000052 4e41
000053 4900
000054 464e      	.DB  0x2D,0x4E,0x41,0x4E,0x0,0x49,0x4E,0x46
C:\Users\PC\OneDrive\Desktop\CodeVisionCoding\StepMotor\List\StepMotor.asm(1121): warning: .cseg .db misalignment - padding zero byte
000055 0000      	.DB  0x0
                 
                 __GLOBAL_INI_TBL:
000056 0008      	.DW  0x08
000057 0500      	.DW  _rotateR
000058 008c      	.DW  _0x3*2
                 
000059 0008      	.DW  0x08
00005a 0508      	.DW  _rotateL
00005b 0094      	.DW  _0x4*2
                 
00005c 0004      	.DW  0x04
00005d 0006      	.DW  0x06
00005e 009c      	.DW  _0x48*2
                 
00005f 0001      	.DW  0x01
000060 051d      	.DW  __seed_G101
000061 00a0      	.DW  _0x2020060*2
                 
                 _0xFFFFFFFF:
000062 0000      	.DW  0
                 
                 __RESET:
000063 94f8      	CLI
000064 27ee      	CLR  R30
000065 bbec      	OUT  EECR,R30
                 
                 ;INTERRUPT VECTORS ARE PLACED
                 ;AT THE START OF FLASH
000066 e0f1      	LDI  R31,1
000067 bff5      	OUT  MCUCR,R31
000068 bfe5      	OUT  MCUCR,R30
000069 93e0 006c 	STS  XMCRB,R30
                 
                 ;DISABLE WATCHDOG
00006b e1f8      	LDI  R31,0x18
00006c bdf1      	OUT  WDTCR,R31
00006d bde1      	OUT  WDTCR,R30
                 
                 ;CLEAR R2-R14
00006e e08d      	LDI  R24,(14-2)+1
00006f e0a2      	LDI  R26,2
000070 27bb      	CLR  R27
                 __CLEAR_REG:
000071 93ed      	ST   X+,R30
000072 958a      	DEC  R24
000073 f7e9      	BRNE __CLEAR_REG
                 
                 ;CLEAR SRAM
000074 e080      	LDI  R24,LOW(__CLEAR_SRAM_SIZE)
000075 e190      	LDI  R25,HIGH(__CLEAR_SRAM_SIZE)
000076 e0a0      	LDI  R26,LOW(__SRAM_START)
000077 e0b1      	LDI  R27,HIGH(__SRAM_START)
                 __CLEAR_SRAM:
000078 93ed      	ST   X+,R30
000079 9701      	SBIW R24,1
00007a f7e9      	BRNE __CLEAR_SRAM
                 
                 ;GLOBAL VARIABLES INITIALIZATION
00007b eaec      	LDI  R30,LOW(__GLOBAL_INI_TBL*2)
00007c e0f0      	LDI  R31,HIGH(__GLOBAL_INI_TBL*2)
                 __GLOBAL_INI_NEXT:
00007d 9185      	LPM  R24,Z+
00007e 9195      	LPM  R25,Z+
00007f 9700      	SBIW R24,0
000080 f061      	BREQ __GLOBAL_INI_END
000081 91a5      	LPM  R26,Z+
000082 91b5      	LPM  R27,Z+
000083 9005      	LPM  R0,Z+
000084 9015      	LPM  R1,Z+
000085 01bf      	MOVW R22,R30
000086 01f0      	MOVW R30,R0
                 __GLOBAL_INI_LOOP:
000087 9005      	LPM  R0,Z+
000088 920d      	ST   X+,R0
000089 9701      	SBIW R24,1
00008a f7e1      	BRNE __GLOBAL_INI_LOOP
00008b 01fb      	MOVW R30,R22
00008c cff0      	RJMP __GLOBAL_INI_NEXT
                 __GLOBAL_INI_END:
                 
00008d bf8b      	OUT  RAMPZ,R24
                 
                 ;HARDWARE STACK POINTER INITIALIZATION
00008e efef      	LDI  R30,LOW(__SRAM_END-__HEAP_SIZE)
00008f bfed      	OUT  SPL,R30
000090 e1e0      	LDI  R30,HIGH(__SRAM_END-__HEAP_SIZE)
000091 bfee      	OUT  SPH,R30
                 
                 ;DATA STACK POINTER INITIALIZATION
000092 e0c0      	LDI  R28,LOW(__SRAM_START+__DSTACK_SIZE)
000093 e0d5      	LDI  R29,HIGH(__SRAM_START+__DSTACK_SIZE)
                 
000094 940c 01e8 	JMP  _main
                 
                 	.ESEG
                 	.ORG 0
                 
                 	.DSEG
                 	.ORG 0x500
                 
                 	.CSEG
                 ;#include <math.h>
                 ;#include "StepMotor.h"
                 ;#include <mega128.h>
                 	#ifndef __SLEEP_DEFINED__
                 	#define __SLEEP_DEFINED__
                 	.EQU __se_bit=0x20
                 	.EQU __sm_mask=0x1C
                 	.EQU __sm_powerdown=0x10
                 	.EQU __sm_powersave=0x18
                 	.EQU __sm_standby=0x14
                 	.EQU __sm_ext_standby=0x1C
                 	.EQU __sm_adc_noise_red=0x08
                 	.SET power_ctrl_reg=mcucr
                 	#endif
                 ;#include <delay.h>
                 ;
                 ;char switch1; // 새롭게 선언한 switch1, switch2입니다. (boolean 변수)
                 ;char switch2;
                 ;int i = 0; // for문에서 밝기 제어를 담당할 변수 I, j 입니다.
                 ;int j = 0;
                 ;
                 ;// External Interrupt 0 service routine
                 ;interrupt [EXT_INT0] void ext_int0_isr(void)
                 ; 0000 000D {
                 
                 	.CSEG
                 _ext_int0_isr:
000096 93ea      	ST   -Y,R30
                 ; 0000 000E // Place your code here
                 ; 0000 000F  switch1 = TRUE; // 해당 Interrupt가 호출되면 switch1의 boolean 값을 TRUE로 바
000097 e0e1      	LDI  R30,LOW(1)
000098 2e5e      	MOV  R5,R30
                 ; 0000 0010 }
000099 c003      	RJMP _0x47
                 ;// External Interrupt 1 service routine
                 ;interrupt [EXT_INT1] void ext_int1_isr(void) //
                 ; 0000 0013 {
                 _ext_int1_isr:
00009a 93ea      	ST   -Y,R30
                 ; 0000 0014 // Place your code here
                 ; 0000 0015  switch2 = TRUE; // 해당 Interrupt가 호출되면 switch2의 boolean 값을 TRUE로 바
00009b e0e1      	LDI  R30,LOW(1)
00009c 2e4e      	MOV  R4,R30
                 ; 0000 0016 }
                 _0x47:
00009d 91e9      	LD   R30,Y+
00009e 9518      	RETI
                 ;
                 ;void InitializeSwitch(void) // Switch 관련 레지스터를 설정하는 함수입니다.
                 ; 0000 0019 {
                 _InitializeSwitch:
                 ; 0000 001A // 스위치 PORTD 0,1
                 ; 0000 001B  PORTD &= 0xfc;
00009f b3e2      	IN   R30,0x12
0000a0 7fec      	ANDI R30,LOW(0xFC)
0000a1 bbe2      	OUT  0x12,R30
                 ; 0000 001C  DDRD &= 0xfc;
0000a2 b3e1      	IN   R30,0x11
0000a3 7fec      	ANDI R30,LOW(0xFC)
0000a4 bbe1      	OUT  0x11,R30
                 ; 0000 001D // External Interrupt(s) initialization
                 ; 0000 001E // INT0: On
                 ; 0000 001F // INT0 Mode: Falling Edge
                 ; 0000 0020 // INT1: On
                 ; 0000 0021 // INT1 Mode: Falling Edge
                 ; 0000 0022 // INT2: Off
                 ; 0000 0023 // INT3: Off
                 ; 0000 0024 // INT4: Off
                 ; 0000 0025 // INT5: Off
                 ; 0000 0026 // INT6: Off
                 ; 0000 0027 // INT7: Off
                 ; 0000 0028  EICRA=0x0A; // SW1, 2에 대해 모두 Falling Edge로 선언합니다.
0000a5 e0ea      	LDI  R30,LOW(10)
0000a6 93e0 006a 	STS  106,R30
                 ; 0000 0029  EICRB=0x00; // 아무런 Interrupt를 사용하지 않습니다.
0000a8 e0e0      	LDI  R30,LOW(0)
0000a9 bfea      	OUT  0x3A,R30
                 ; 0000 002A  EIMSK=0x03; // INT0, 1을 Enable 해줍니다.
0000aa e0e3      	LDI  R30,LOW(3)
0000ab bfe9      	OUT  0x39,R30
                 ; 0000 002B  EIFR=0x03; // INT0, 1을 Enable 해줍니다.
0000ac bfe8      	OUT  0x38,R30
                 ; 0000 002C  }
0000ad 9508      	RET
                 ;char SW1(void) // SW1에 대한 함수입니다. {
                 ; 0000 002E  {
                 ; 0000 002F  char ret; // return 해줄 변수를 새롭게 선언합니다.
                 ; 0000 0030 
                 ; 0000 0031  ret = switch1; // switch1의 현재 값과 바꿉니다.
                 ;	ret -> R17
                 ; 0000 0032  switch1 = FALSE; // switch1에 FALSE 값을 넣습니다.
                 ; 0000 0033 
                 ; 0000 0034  return ret; // ret를 반환합니다.
                 ; 0000 0035  }
                 ;char SW2(void) // SW2에 대한 함수입니다. {
                 ; 0000 0037  {
                 ; 0000 0038  char ret; // return 해줄 변수를 새롭게 선언합니다.
                 ; 0000 0039 
                 ; 0000 003A  ret = switch2; // switch2의 현재 값과 바꿉니다.
                 ;	ret -> R17
                 ; 0000 003B  switch2 = FALSE; // switch2에 FALSE 값을 넣습니다.
                 ; 0000 003C 
                 ; 0000 003D  return ret; // ret를 반환합니다.
                 ; 0000 003E  }
                 ;
                 ;// Declare your global variables here
                 ;     char rotateR[8] = {0b1001,0b0001,0b0101,0b0100,0b0110,0b0010,0b1010,0b1000};
                 
                 	.DSEG
                 ;     char rotateL[8] = {0b1001,0b1000,0b1010,0b0010,0b0110,0b0100,0b0101,0b0001};
                 ;     int LeftstepCount, RightstepCount;        // rotateR과 rotateL의 각각 스텝이 모터에 순서대로 입력되도록 Count
                 ;     unsigned int VelocityLeftmotorTCNT1, VelocityRightmotorTCNT3;    // 왼쪽과 오른쪽 모터의 TCNT 속도
                 ;     unsigned char direction_control;        // 인터럽트 루틴에 방향정보를 전달하기 위한 전역변수
                 ;
                 ;     struct {
                 ;          int nStep4perBlock;            // 한 블록 이동시 필요한 모터회전 스텝 정보
                 ;          int nStep4Turn90forRight;            // 90도 턴 이동시 필요한 모터회전 스텝 정보
                 ;          int nStep4Turn90forLeft;
                 ;     } Information;
                 ;     struct {
                 ;          char LmotorRun;            // 왼쪽 모터가 회전했는지에 대한 Flag
                 ;          char RmotorRun;			// 오른쪽 모터가 회전했는지에 대한 Flag
                 ;     } Flag;
                 ;
                 ;void Direction(int mode)
                 ; 0000 0052 {
                 
                 	.CSEG
                 _Direction:
                 ; 0000 0053      int LStepCount = 0, RStepCount = 0;
                 ; 0000 0054 
                 ; 0000 0055      TCCR1B = 0x04;
0000ae 940e 03bf 	CALL __SAVELOCR4
                 ;	mode -> Y+4
                 ;	LStepCount -> R16,R17
                 ;	RStepCount -> R18,R19
                +
0000b0 e000     +LDI R16 , LOW ( 0 )
0000b1 e010     +LDI R17 , HIGH ( 0 )
                 	__GETWRN 16,17,0
                +
0000b2 e020     +LDI R18 , LOW ( 0 )
0000b3 e030     +LDI R19 , HIGH ( 0 )
                 	__GETWRN 18,19,0
0000b4 e0e4      	LDI  R30,LOW(4)
0000b5 bdee      	OUT  0x2E,R30
                 ; 0000 0056      TCCR3B = 0x04;
0000b6 93e0 008a 	STS  138,R30
                 ; 0000 0057 
                 ; 0000 0058      direction_control = mode;
0000b8 81ec      	LDD  R30,Y+4
0000b9 93e0 0514 	STS  _direction_control,R30
                 ; 0000 0059 
                 ; 0000 005A      Flag.LmotorRun = FALSE;
0000bb e0e0      	LDI  R30,LOW(0)
0000bc 93e0 051b 	STS  _Flag,R30
                 ; 0000 005B      Flag.RmotorRun = FALSE;
                +
0000be 93e0 051c+STS _Flag + ( 1 ) , R30
                 	__PUTB1MN _Flag,1
                 ; 0000 005C 
                 ; 0000 005D      switch(mode)
0000c0 81ec      	LDD  R30,Y+4
0000c1 81fd      	LDD  R31,Y+4+1
                 ; 0000 005E      {
                 ; 0000 005F      case FORWARD:
0000c2 30e4      	CPI  R30,LOW(0x4)
0000c3 e0a0      	LDI  R26,HIGH(0x4)
0000c4 07fa      	CPC  R31,R26
0000c5 f4c1      	BRNE _0x8
                 ; 0000 0060           while(LStepCount<Information.nStep4perBlock || RStepCount<Information.nStep4perBlock)
                 _0x9:
0000c6 940e 0274 	CALL SUBOPT_0x0
0000c8 170e      	CP   R16,R30
0000c9 071f      	CPC  R17,R31
0000ca f02c      	BRLT _0xC
0000cb 940e 0274 	CALL SUBOPT_0x0
0000cd 172e      	CP   R18,R30
0000ce 073f      	CPC  R19,R31
0000cf f46c      	BRGE _0xB
                 _0xC:
                 ; 0000 0061           {
                 ; 0000 0062                if(Flag.LmotorRun)
0000d0 91e0 051b 	LDS  R30,_Flag
0000d2 30e0      	CPI  R30,0
0000d3 f011      	BREQ _0xE
                 ; 0000 0063                {
                 ; 0000 0064                     LStepCount++;
0000d4 940e 0279 	CALL SUBOPT_0x1
                 ; 0000 0065                     Flag.LmotorRun = FALSE;
                 ; 0000 0066                }
                 ; 0000 0067                if(Flag.RmotorRun)
                 _0xE:
                +
0000d6 91e0 051c+LDS R30 , _Flag + ( 1 )
                 	__GETB1MN _Flag,1
0000d8 30e0      	CPI  R30,0
0000d9 f011      	BREQ _0xF
                 ; 0000 0068                {
                 ; 0000 0069                     RStepCount++;
0000da 940e 027f 	CALL SUBOPT_0x2
                 ; 0000 006A                     Flag.RmotorRun = FALSE;
                 ; 0000 006B                }
                 ; 0000 006C           }
                 _0xF:
0000dc cfe9      	RJMP _0x9
                 _0xB:
                 ; 0000 006D           break;
0000dd c067      	RJMP _0x7
                 ; 0000 006E      case HALF:
                 _0x8:
0000de 30e8      	CPI  R30,LOW(0x8)
0000df e0a0      	LDI  R26,HIGH(0x8)
0000e0 07fa      	CPC  R31,R26
0000e1 f4c1      	BRNE _0x10
                 ; 0000 006F           while(LStepCount<(Information.nStep4perBlock>>1) || RStepCount<(Information.nStep4perBlock>>1))
                 _0x11:
0000e2 940e 0274 	CALL SUBOPT_0x0
0000e4 95f5      	ASR  R31
0000e5 95e7      	ROR  R30
0000e6 170e      	CP   R16,R30
0000e7 071f      	CPC  R17,R31
0000e8 f01c      	BRLT _0x14
0000e9 172e      	CP   R18,R30
0000ea 073f      	CPC  R19,R31
0000eb f46c      	BRGE _0x13
                 _0x14:
                 ; 0000 0070           {
                 ; 0000 0071                if(Flag.LmotorRun)
0000ec 91e0 051b 	LDS  R30,_Flag
0000ee 30e0      	CPI  R30,0
0000ef f011      	BREQ _0x16
                 ; 0000 0072                {
                 ; 0000 0073                     LStepCount++;
0000f0 940e 0279 	CALL SUBOPT_0x1
                 ; 0000 0074                     Flag.LmotorRun = FALSE;
                 ; 0000 0075                }
                 ; 0000 0076                if(Flag.RmotorRun)
                 _0x16:
                +
0000f2 91e0 051c+LDS R30 , _Flag + ( 1 )
                 	__GETB1MN _Flag,1
0000f4 30e0      	CPI  R30,0
0000f5 f011      	BREQ _0x17
                 ; 0000 0077                {
                 ; 0000 0078                     RStepCount++;
0000f6 940e 027f 	CALL SUBOPT_0x2
                 ; 0000 0079                     Flag.RmotorRun = FALSE;
                 ; 0000 007A                }
                 ; 0000 007B           }
                 _0x17:
0000f8 cfe9      	RJMP _0x11
                 _0x13:
                 ; 0000 007C           break;
0000f9 c04b      	RJMP _0x7
                 ; 0000 007D      case LEFT:
                 _0x10:
0000fa 30e5      	CPI  R30,LOW(0x5)
0000fb e0a0      	LDI  R26,HIGH(0x5)
0000fc 07fa      	CPC  R31,R26
0000fd f021      	BREQ _0x19
                 ; 0000 007E      case RIGHT:
0000fe 30e6      	CPI  R30,LOW(0x6)
0000ff e0a0      	LDI  R26,HIGH(0x6)
000100 07fa      	CPC  R31,R26
000101 f4e1      	BRNE _0x1A
                 _0x19:
                 ; 0000 007F           while(LStepCount<Information.nStep4Turn90forLeft || RStepCount<Information.nStep4Turn90forRight)
                 _0x1B:
                +
000102 91e0 0519+LDS R30 , _Information + ( 4 )
000104 91f0 051a+LDS R31 , _Information + ( 4 ) + 1
                 	__GETW1MN _Information,4
000106 170e      	CP   R16,R30
000107 071f      	CPC  R17,R31
000108 f03c      	BRLT _0x1E
                +
000109 91e0 0517+LDS R30 , _Information + ( 2 )
00010b 91f0 0518+LDS R31 , _Information + ( 2 ) + 1
                 	__GETW1MN _Information,2
00010d 172e      	CP   R18,R30
00010e 073f      	CPC  R19,R31
00010f f46c      	BRGE _0x1D
                 _0x1E:
                 ; 0000 0080           {
                 ; 0000 0081                if(Flag.LmotorRun)
000110 91e0 051b 	LDS  R30,_Flag
000112 30e0      	CPI  R30,0
000113 f011      	BREQ _0x20
                 ; 0000 0082                {
                 ; 0000 0083                     LStepCount++;
000114 940e 0279 	CALL SUBOPT_0x1
                 ; 0000 0084                     Flag.LmotorRun = FALSE;
                 ; 0000 0085                }
                 ; 0000 0086                if(Flag.RmotorRun)
                 _0x20:
                +
000116 91e0 051c+LDS R30 , _Flag + ( 1 )
                 	__GETB1MN _Flag,1
000118 30e0      	CPI  R30,0
000119 f011      	BREQ _0x21
                 ; 0000 0087                {
                 ; 0000 0088                     RStepCount++;
00011a 940e 027f 	CALL SUBOPT_0x2
                 ; 0000 0089                     Flag.RmotorRun = FALSE;
                 ; 0000 008A                }
                 ; 0000 008B           }
                 _0x21:
00011c cfe5      	RJMP _0x1B
                 _0x1D:
                 ; 0000 008C           break;
00011d c027      	RJMP _0x7
                 ; 0000 008D      case BACK:
                 _0x1A:
00011e 30e7      	CPI  R30,LOW(0x7)
00011f e0a0      	LDI  R26,HIGH(0x7)
000120 07fa      	CPC  R31,R26
000121 f519      	BRNE _0x7
                 ; 0000 008E           while(LStepCount<(Information.nStep4Turn90forLeft*2) || RStepCount<(Information.nStep4Turn90forRight*2))
                 _0x23:
                +
000122 91a0 0519+LDS R26 , _Information + ( 4 )
000124 91b0 051a+LDS R27 , _Information + ( 4 ) + 1
                 	__GETW2MN _Information,4
000126 e0e2      	LDI  R30,LOW(2)
000127 e0f0      	LDI  R31,HIGH(2)
000128 940e 0381 	CALL __MULW12
00012a 170e      	CP   R16,R30
00012b 071f      	CPC  R17,R31
00012c f05c      	BRLT _0x26
                +
00012d 91a0 0517+LDS R26 , _Information + ( 2 )
00012f 91b0 0518+LDS R27 , _Information + ( 2 ) + 1
                 	__GETW2MN _Information,2
000131 e0e2      	LDI  R30,LOW(2)
000132 e0f0      	LDI  R31,HIGH(2)
000133 940e 0381 	CALL __MULW12
000135 172e      	CP   R18,R30
000136 073f      	CPC  R19,R31
000137 f46c      	BRGE _0x25
                 _0x26:
                 ; 0000 008F           {
                 ; 0000 0090                if(Flag.LmotorRun)
000138 91e0 051b 	LDS  R30,_Flag
00013a 30e0      	CPI  R30,0
00013b f011      	BREQ _0x28
                 ; 0000 0091                {
                 ; 0000 0092                     LStepCount++;
00013c 940e 0279 	CALL SUBOPT_0x1
                 ; 0000 0093                     Flag.LmotorRun = FALSE;
                 ; 0000 0094                }
                 ; 0000 0095                if(Flag.RmotorRun)
                 _0x28:
                +
00013e 91e0 051c+LDS R30 , _Flag + ( 1 )
                 	__GETB1MN _Flag,1
000140 30e0      	CPI  R30,0
000141 f011      	BREQ _0x29
                 ; 0000 0096                {
                 ; 0000 0097                     RStepCount++;
000142 940e 027f 	CALL SUBOPT_0x2
                 ; 0000 0098                     Flag.RmotorRun = FALSE;
                 ; 0000 0099                }
                 ; 0000 009A           }
                 _0x29:
000144 cfdd      	RJMP _0x23
                 _0x25:
                 ; 0000 009B           break;
                 ; 0000 009C      }
                 _0x7:
                 ; 0000 009D      TCCR1B = 0x00;
000145 e0e0      	LDI  R30,LOW(0)
000146 bdee      	OUT  0x2E,R30
                 ; 0000 009E      TCCR3B = 0x00;
000147 93e0 008a 	STS  138,R30
                 ; 0000 009F }
000149 940e 03c4 	CALL __LOADLOCR4
00014b 9626      	ADIW R28,6
00014c 9508      	RET
                 ;
                 ;
                 ;
                 ;// Timer1 overflow interrupt service routine
                 ;// Timer 1 overflow interrupt service routine
                 ;interrupt [TIM1_OVF] void timer1_ovf_isr(void)
                 ; 0000 00A6 {
                 _timer1_ovf_isr:
00014d 940e 0285 	CALL SUBOPT_0x3
                 ; 0000 00A7 // Place your code here
                 ; 0000 00A8      switch(direction_control)
                 ; 0000 00A9      {
                 ; 0000 00AA           case LEFT:
00014f 30e5      	CPI  R30,LOW(0x5)
000150 e0a0      	LDI  R26,HIGH(0x5)
000151 07fa      	CPC  R31,R26
000152 f4a1      	BRNE _0x2D
                 ; 0000 00AB                PORTD |= (rotateL[LeftstepCount]<<4);
000153 940e 0292 	CALL SUBOPT_0x4
000155 29e0      	OR   R30,R0
000156 bbe2      	OUT  0x12,R30
                 ; 0000 00AC                PORTD &= ((rotateL[LeftstepCount]<<4)+0x0f);
000157 940e 0292 	CALL SUBOPT_0x4
000159 5fe1      	SUBI R30,-LOW(15)
00015a 21e0      	AND  R30,R0
00015b bbe2      	OUT  0x12,R30
                 ; 0000 00AD                LeftstepCount--;
00015c 01f5      	MOVW R30,R10
00015d 9731      	SBIW R30,1
00015e 015f      	MOVW R10,R30
                 ; 0000 00AE                if(LeftstepCount < 0)
00015f 2400      	CLR  R0
000160 14a0      	CP   R10,R0
000161 04b0      	CPC  R11,R0
000162 f41c      	BRGE _0x2E
                 ; 0000 00AF                     LeftstepCount = sizeof(rotateL)-1;
000163 e0e7      	LDI  R30,LOW(7)
000164 e0f0      	LDI  R31,HIGH(7)
000165 015f      	MOVW R10,R30
                 ; 0000 00B0                break;
                 _0x2E:
000166 c024      	RJMP _0x2C
                 ; 0000 00B1           case RIGHT:
                 _0x2D:
000167 30e6      	CPI  R30,LOW(0x6)
000168 e0a0      	LDI  R26,HIGH(0x6)
000169 07fa      	CPC  R31,R26
00016a f021      	BREQ _0x30
                 ; 0000 00B2           case BACK:
00016b 30e7      	CPI  R30,LOW(0x7)
00016c e0a0      	LDI  R26,HIGH(0x7)
00016d 07fa      	CPC  R31,R26
00016e f409      	BRNE _0x31
                 _0x30:
                 ; 0000 00B3           case FORWARD:
00016f c004      	RJMP _0x32
                 _0x31:
000170 30e4      	CPI  R30,LOW(0x4)
000171 e0a0      	LDI  R26,HIGH(0x4)
000172 07fa      	CPC  R31,R26
000173 f409      	BRNE _0x33
                 _0x32:
                 ; 0000 00B4           case HALF:
000174 c004      	RJMP _0x34
                 _0x33:
000175 30e8      	CPI  R30,LOW(0x8)
000176 e0a0      	LDI  R26,HIGH(0x8)
000177 07fa      	CPC  R31,R26
000178 f491      	BRNE _0x2C
                 _0x34:
                 ; 0000 00B5                PORTD |= (rotateL[LeftstepCount]<<4);
000179 940e 0292 	CALL SUBOPT_0x4
00017b 29e0      	OR   R30,R0
00017c bbe2      	OUT  0x12,R30
                 ; 0000 00B6                PORTD &= ((rotateL[LeftstepCount]<<4)+0x0f);
00017d 940e 0292 	CALL SUBOPT_0x4
00017f 5fe1      	SUBI R30,-LOW(15)
000180 21e0      	AND  R30,R0
000181 bbe2      	OUT  0x12,R30
                 ; 0000 00B7                LeftstepCount++;
000182 01f5      	MOVW R30,R10
000183 9631      	ADIW R30,1
000184 015f      	MOVW R10,R30
                 ; 0000 00B8                LeftstepCount %= sizeof(rotateL);
000185 01d5      	MOVW R26,R10
000186 e0e8      	LDI  R30,LOW(8)
000187 e0f0      	LDI  R31,HIGH(8)
000188 940e 0399 	CALL __MODW21
00018a 015f      	MOVW R10,R30
                 ; 0000 00B9                break;
                 ; 0000 00BA      }
                 _0x2C:
                 ; 0000 00BB      Flag.LmotorRun = TRUE;
00018b e0e1      	LDI  R30,LOW(1)
00018c 93e0 051b 	STS  _Flag,R30
                 ; 0000 00BC 
                 ; 0000 00BD      TCNT1H = VelocityLeftmotorTCNT1 >> 8;
00018e 91e0 0511 	LDS  R30,_VelocityLeftmotorTCNT1+1
000190 70f0      	ANDI R31,HIGH(0x0)
000191 bded      	OUT  0x2D,R30
                 ; 0000 00BE      TCNT1L = VelocityLeftmotorTCNT1 & 0xff;
000192 91e0 0510 	LDS  R30,_VelocityLeftmotorTCNT1
000194 bdec      	OUT  0x2C,R30
                 ; 0000 00BF }
000195 c048      	RJMP _0x46
                 ;
                 ;// Timer 3 overflow interrupt service routine
                 ;interrupt [TIM3_OVF] void timer3_ovf_isr(void)
                 ; 0000 00C3 {
                 _timer3_ovf_isr:
000196 940e 0285 	CALL SUBOPT_0x3
                 ; 0000 00C4 // Place your code here
                 ; 0000 00C5      switch(direction_control)
                 ; 0000 00C6      {
                 ; 0000 00C7           case RIGHT:
000198 30e6      	CPI  R30,LOW(0x6)
000199 e0a0      	LDI  R26,HIGH(0x6)
00019a 07fa      	CPC  R31,R26
00019b f021      	BREQ _0x3A
                 ; 0000 00C8           case BACK:
00019c 30e7      	CPI  R30,LOW(0x7)
00019d e0a0      	LDI  R26,HIGH(0x7)
00019e 07fa      	CPC  R31,R26
00019f f4a1      	BRNE _0x3B
                 _0x3A:
                 ; 0000 00C9                PORTE |= (rotateR[RightstepCount]<<4);
0001a0 940e 029b 	CALL SUBOPT_0x5
0001a2 29e0      	OR   R30,R0
0001a3 b9e3      	OUT  0x3,R30
                 ; 0000 00CA                PORTE &= ((rotateR[RightstepCount]<<4)+0x0f);
0001a4 940e 029b 	CALL SUBOPT_0x5
0001a6 5fe1      	SUBI R30,-LOW(15)
0001a7 21e0      	AND  R30,R0
0001a8 b9e3      	OUT  0x3,R30
                 ; 0000 00CB                RightstepCount--;
0001a9 01f6      	MOVW R30,R12
0001aa 9731      	SBIW R30,1
0001ab 016f      	MOVW R12,R30
                 ; 0000 00CC                if(RightstepCount < 0)
0001ac 2400      	CLR  R0
0001ad 14c0      	CP   R12,R0
0001ae 04d0      	CPC  R13,R0
0001af f41c      	BRGE _0x3C
                 ; 0000 00CD                     RightstepCount = sizeof(rotateR)-1;
0001b0 e0e7      	LDI  R30,LOW(7)
0001b1 e0f0      	LDI  R31,HIGH(7)
0001b2 016f      	MOVW R12,R30
                 ; 0000 00CE                break;
                 _0x3C:
0001b3 c01f      	RJMP _0x38
                 ; 0000 00CF           case FORWARD:
                 _0x3B:
0001b4 30e4      	CPI  R30,LOW(0x4)
0001b5 e0a0      	LDI  R26,HIGH(0x4)
0001b6 07fa      	CPC  R31,R26
0001b7 f021      	BREQ _0x3E
                 ; 0000 00D0           case HALF:
0001b8 30e8      	CPI  R30,LOW(0x8)
0001b9 e0a0      	LDI  R26,HIGH(0x8)
0001ba 07fa      	CPC  R31,R26
0001bb f409      	BRNE _0x3F
                 _0x3E:
                 ; 0000 00D1           case LEFT:
0001bc c004      	RJMP _0x40
                 _0x3F:
0001bd 30e5      	CPI  R30,LOW(0x5)
0001be e0a0      	LDI  R26,HIGH(0x5)
0001bf 07fa      	CPC  R31,R26
0001c0 f491      	BRNE _0x38
                 _0x40:
                 ; 0000 00D2                PORTE |= (rotateR[RightstepCount]<<4);
0001c1 940e 029b 	CALL SUBOPT_0x5
0001c3 29e0      	OR   R30,R0
0001c4 b9e3      	OUT  0x3,R30
                 ; 0000 00D3                PORTE &= ((rotateR[RightstepCount]<<4)+0x0f);
0001c5 940e 029b 	CALL SUBOPT_0x5
0001c7 5fe1      	SUBI R30,-LOW(15)
0001c8 21e0      	AND  R30,R0
0001c9 b9e3      	OUT  0x3,R30
                 ; 0000 00D4                RightstepCount++;
0001ca 01f6      	MOVW R30,R12
0001cb 9631      	ADIW R30,1
0001cc 016f      	MOVW R12,R30
                 ; 0000 00D5                RightstepCount %= sizeof(rotateR);
0001cd 01d6      	MOVW R26,R12
0001ce e0e8      	LDI  R30,LOW(8)
0001cf e0f0      	LDI  R31,HIGH(8)
0001d0 940e 0399 	CALL __MODW21
0001d2 016f      	MOVW R12,R30
                 ; 0000 00D6                break;
                 ; 0000 00D7      }
                 _0x38:
                 ; 0000 00D8      Flag.RmotorRun = TRUE;
0001d3 e0e1      	LDI  R30,LOW(1)
                +
0001d4 93e0 051c+STS _Flag + ( 1 ) , R30
                 	__PUTB1MN _Flag,1
                 ; 0000 00D9 
                 ; 0000 00DA      TCNT3H = VelocityRightmotorTCNT3 >> 8;
0001d6 91e0 0513 	LDS  R30,_VelocityRightmotorTCNT3+1
0001d8 93e0 0089 	STS  137,R30
                 ; 0000 00DB      TCNT3L = VelocityRightmotorTCNT3 & 0xff;
0001da 91e0 0512 	LDS  R30,_VelocityRightmotorTCNT3
0001dc 93e0 0088 	STS  136,R30
                 ; 0000 00DC }
                 _0x46:
0001de 91e9      	LD   R30,Y+
0001df bfef      	OUT  SREG,R30
0001e0 91f9      	LD   R31,Y+
0001e1 91e9      	LD   R30,Y+
0001e2 91b9      	LD   R27,Y+
0001e3 91a9      	LD   R26,Y+
0001e4 9199      	LD   R25,Y+
0001e5 9019      	LD   R1,Y+
0001e6 9009      	LD   R0,Y+
0001e7 9518      	RETI
                 ;
                 ;// Declare your global variables here
                 ;
                 ;void main(void)
                 ; 0000 00E1 {
                 _main:
                 ; 0000 00E2     double distance4perStep;
                 ; 0000 00E3     distance4perStep = (double)(PI * TIRE_RAD / (double)MOTOR_STEP);
0001e8 9724      	SBIW R28,4
                 ;	distance4perStep -> Y+0
                +
0001e9 e4eb     +LDI R30 , LOW ( 0x3ECD154B )
0001ea e1f5     +LDI R31 , HIGH ( 0x3ECD154B )
0001eb ec6d     +LDI R22 , BYTE3 ( 0x3ECD154B )
0001ec e37e     +LDI R23 , BYTE4 ( 0x3ECD154B )
                 	__GETD1N 0x3ECD154B
0001ed 940e 03ba 	CALL __PUTD1S0
                 ; 0000 00E4 	Information.nStep4perBlock = (int)((double)180. / distance4perStep);
0001ef 940e 02a4 	CALL SUBOPT_0x6
                +
0001f1 e0a0     +LDI R26 , LOW ( 0x43340000 )
0001f2 e0b0     +LDI R27 , HIGH ( 0x43340000 )
0001f3 e384     +LDI R24 , BYTE3 ( 0x43340000 )
0001f4 e493     +LDI R25 , BYTE4 ( 0x43340000 )
                 	__GETD2N 0x43340000
0001f5 940e 02a7 	CALL SUBOPT_0x7
0001f7 93e0 0515 	STS  _Information,R30
0001f9 93f0 0516 	STS  _Information+1,R31
                 ; 0000 00E5 	Information.nStep4Turn90forRight = (int)((PI*MOUSE_WIDTH/3.8)/distance4perStep);
0001fb 940e 02a4 	CALL SUBOPT_0x6
                +
0001fd eaa3     +LDI R26 , LOW ( 0x428795A3 )
0001fe e9b5     +LDI R27 , HIGH ( 0x428795A3 )
0001ff e887     +LDI R24 , BYTE3 ( 0x428795A3 )
000200 e492     +LDI R25 , BYTE4 ( 0x428795A3 )
                 	__GETD2N 0x428795A3
000201 940e 02a7 	CALL SUBOPT_0x7
                +
000203 93e0 0517+STS _Information + ( 2 ) , R30
000205 93f0 0518+STS _Information + ( 2 ) + 1 , R31
                 	__PUTW1MN _Information,2
                 ; 0000 00E6     Information.nStep4Turn90forLeft = (int)((PI*MOUSE_WIDTH/3.9)/distance4perStep);
000207 940e 02a4 	CALL SUBOPT_0x6
                +
000209 eaa6     +LDI R26 , LOW ( 0x42841BA6 )
00020a e1bb     +LDI R27 , HIGH ( 0x42841BA6 )
00020b e884     +LDI R24 , BYTE3 ( 0x42841BA6 )
00020c e492     +LDI R25 , BYTE4 ( 0x42841BA6 )
                 	__GETD2N 0x42841BA6
00020d 940e 02a7 	CALL SUBOPT_0x7
                +
00020f 93e0 0519+STS _Information + ( 4 ) , R30
000211 93f0 051a+STS _Information + ( 4 ) + 1 , R31
                 	__PUTW1MN _Information,4
                 ; 0000 00E7 // LEFT MOTOR - PORTD 4,5,6,7
                 ; 0000 00E8      PORTD&=0x0F;
000213 b3e2      	IN   R30,0x12
000214 70ef      	ANDI R30,LOW(0xF)
000215 bbe2      	OUT  0x12,R30
                 ; 0000 00E9      DDRD|=0xF0;
000216 b3e1      	IN   R30,0x11
000217 6fe0      	ORI  R30,LOW(0xF0)
000218 bbe1      	OUT  0x11,R30
                 ; 0000 00EA 
                 ; 0000 00EB // RIGHT MOTOR - PORTE 4,5,6,7
                 ; 0000 00EC      PORTE&=0x0F;
000219 b1e3      	IN   R30,0x3
00021a 70ef      	ANDI R30,LOW(0xF)
00021b b9e3      	OUT  0x3,R30
                 ; 0000 00ED      DDRE|=0xF0;
00021c b1e2      	IN   R30,0x2
00021d 6fe0      	ORI  R30,LOW(0xF0)
00021e b9e2      	OUT  0x2,R30
                 ; 0000 00EE 
                 ; 0000 00EF // Timer/Counter 1 initialization
                 ; 0000 00F0 // Clock source: System Clock
                 ; 0000 00F1 // Clock value: 62.500 kHz
                 ; 0000 00F2 // Mode: Normal top=FFFFh
                 ; 0000 00F3 // OC1A output: Discon.
                 ; 0000 00F4 // OC1B output: Discon.
                 ; 0000 00F5 // OC1C output: Discon.
                 ; 0000 00F6 // Noise Canceler: Off
                 ; 0000 00F7 // Input Capture on Falling Edge
                 ; 0000 00F8 // Timer 1 Overflow Interrupt: On
                 ; 0000 00F9 // Input Capture Interrupt: Off
                 ; 0000 00FA // Compare A Match Interrupt: Off
                 ; 0000 00FB // Compare B Match Interrupt: Off
                 ; 0000 00FC // Compare C Match Interrupt: Off
                 ; 0000 00FD      TCCR1A=0x00;
00021f e0e0      	LDI  R30,LOW(0)
000220 bdef      	OUT  0x2F,R30
                 ; 0000 00FE      TCCR1B=0x04;
000221 e0e4      	LDI  R30,LOW(4)
000222 bdee      	OUT  0x2E,R30
                 ; 0000 00FF      TCNT1H=0x00;
000223 e0e0      	LDI  R30,LOW(0)
000224 bded      	OUT  0x2D,R30
                 ; 0000 0100      TCNT1L=0x00;
000225 bdec      	OUT  0x2C,R30
                 ; 0000 0101      ICR1H=0x00;
000226 bde7      	OUT  0x27,R30
                 ; 0000 0102      ICR1L=0x00;
000227 bde6      	OUT  0x26,R30
                 ; 0000 0103      OCR1AH=0x00;
000228 bdeb      	OUT  0x2B,R30
                 ; 0000 0104      OCR1AL=0x00;
000229 bdea      	OUT  0x2A,R30
                 ; 0000 0105      OCR1BH=0x00;
00022a bde9      	OUT  0x29,R30
                 ; 0000 0106      OCR1BL=0x00;
00022b bde8      	OUT  0x28,R30
                 ; 0000 0107      OCR1CH=0x00;
00022c 93e0 0079 	STS  121,R30
                 ; 0000 0108      OCR1CL=0x00;
00022e 93e0 0078 	STS  120,R30
                 ; 0000 0109 
                 ; 0000 010A // Timer/Counter 3 initialization
                 ; 0000 010B // Clock source: System Clock
                 ; 0000 010C // Clock value: 62.500 kHz
                 ; 0000 010D // Mode: Normal top=FFFFh
                 ; 0000 010E // OC3A output: Discon.
                 ; 0000 010F // OC3B output: Discon.
                 ; 0000 0110 // OC3C output: Discon.
                 ; 0000 0111 // Noise Canceler: Off
                 ; 0000 0112 // Input Capture on Falling Edge
                 ; 0000 0113 // Timer 3 Overflow Interrupt: On
                 ; 0000 0114 // Input Capture Interrupt: Off
                 ; 0000 0115 // Compare A Match Interrupt: Off
                 ; 0000 0116 // Compare B Match Interrupt: Off
                 ; 0000 0117 // Compare C Match Interrupt: Off
                 ; 0000 0118      TCCR3A=0x00;
000230 93e0 008b 	STS  139,R30
                 ; 0000 0119      TCCR3B=0x04;
000232 e0e4      	LDI  R30,LOW(4)
000233 93e0 008a 	STS  138,R30
                 ; 0000 011A      TCNT3H=0x00;
000235 e0e0      	LDI  R30,LOW(0)
000236 93e0 0089 	STS  137,R30
                 ; 0000 011B      TCNT3L=0x00;
000238 93e0 0088 	STS  136,R30
                 ; 0000 011C      ICR3H=0x00;
00023a 93e0 0081 	STS  129,R30
                 ; 0000 011D      ICR3L=0x00;
00023c 93e0 0080 	STS  128,R30
                 ; 0000 011E      OCR3AH=0x00;
00023e 93e0 0087 	STS  135,R30
                 ; 0000 011F      OCR3AL=0x00;
000240 93e0 0086 	STS  134,R30
                 ; 0000 0120      OCR3BH=0x00;
000242 93e0 0085 	STS  133,R30
                 ; 0000 0121      OCR3BL=0x00;
000244 93e0 0084 	STS  132,R30
                 ; 0000 0122      OCR3CH=0x00;
000246 93e0 0083 	STS  131,R30
                 ; 0000 0123      OCR3CL=0x00;
000248 93e0 0082 	STS  130,R30
                 ; 0000 0124 
                 ; 0000 0125 // Timer(s)/Counter(s) Interrupt(s) initialization
                 ; 0000 0126      TIMSK=0x04;
00024a e0e4      	LDI  R30,LOW(4)
00024b bfe7      	OUT  0x37,R30
                 ; 0000 0127      ETIMSK=0x04;
00024c 93e0 007d 	STS  125,R30
                 ; 0000 0128 
                 ; 0000 0129 
                 ; 0000 012A 
                 ; 0000 012B #asm("sei")
00024e 9478      	sei
                 ; 0000 012C 
                 ; 0000 012D     LeftstepCount = 0;		// 왼쪽 모터의 스텝 초기화
00024f 24aa      	CLR  R10
000250 24bb      	CLR  R11
                 ; 0000 012E      RightstepCount = 0;		// 오른쪽 모터의 스텝 초기화
000251 24cc      	CLR  R12
000252 24dd      	CLR  R13
                 ; 0000 012F 
                 ; 0000 0130 // Global enable interrupts
                 ; 0000 0131 #asm("sei")
000253 9478      	sei
                 ; 0000 0132 
                 ; 0000 0133      VelocityLeftmotorTCNT1 = 65400;	// 왼쪽 모터의 속도 (65200 ~ 65535)
000254 e7e8      	LDI  R30,LOW(65400)
000255 efff      	LDI  R31,HIGH(65400)
000256 93e0 0510 	STS  _VelocityLeftmotorTCNT1,R30
000258 93f0 0511 	STS  _VelocityLeftmotorTCNT1+1,R31
                 ; 0000 0134      VelocityRightmotorTCNT3 = 65400;	// 오른쪽 모터의 속도 (65200 ~ 65535)
00025a 93e0 0512 	STS  _VelocityRightmotorTCNT3,R30
00025c 93f0 0513 	STS  _VelocityRightmotorTCNT3+1,R31
                 ; 0000 0135     InitializeSwitch;
00025e e9ef      	LDI  R30,LOW(_InitializeSwitch)
00025f e0f0      	LDI  R31,HIGH(_InitializeSwitch)
                 ; 0000 0136 //     Direction(RIGHT);		// 우로 90도 턴
                 ; 0000 0137 //     Direction(HALF);		// 반블럭 전진
                 ; 0000 0138 
                 ; 0000 0139       switch1 = FALSE; // switch1, 2의 초기값은 FALSE 입니다.
000260 2455      	CLR  R5
                 ; 0000 013A         switch2 = FALSE;
000261 2444      	CLR  R4
                 ; 0000 013B while (1)
                 ; 0000 013C       {
                 ; 0000 013D       // Place your code here
                 ; 0000 013E       Direction(LEFT);		// 좌로 90도 턴
000262 940e 02ac 	CALL SUBOPT_0x8
                 ; 0000 013F 
                 ; 0000 0140       Direction(LEFT);		// 좌로 90도
000264 940e 02ac 	CALL SUBOPT_0x8
                 ; 0000 0141 
                 ; 0000 0142             Direction(LEFT);		// 좌로 90도 턴
000266 940e 02ac 	CALL SUBOPT_0x8
                 ; 0000 0143 
                 ; 0000 0144       Direction(LEFT);		// 좌로 90도
000268 940e 02ac 	CALL SUBOPT_0x8
                 ; 0000 0145             Direction(LEFT);		// 좌로 90도 턴
00026a 940e 02ac 	CALL SUBOPT_0x8
                 ; 0000 0146 
                 ; 0000 0147       Direction(LEFT);		// 좌로 90도
00026c 940e 02ac 	CALL SUBOPT_0x8
                 ; 0000 0148             Direction(LEFT);		// 좌로 90도 턴
00026e 940e 02ac 	CALL SUBOPT_0x8
                 ; 0000 0149 
                 ; 0000 014A       Direction(LEFT);		// 좌로 90도
000270 940e 02ac 	CALL SUBOPT_0x8
                 ; 0000 014B       break;
                 ; 0000 014C       }
                 ; 0000 014D }
000272 9624      	ADIW R28,4
                 _0x45:
000273 cfff      	RJMP _0x45
                 
                 	.CSEG
                 
                 	.CSEG
                 
                 	.DSEG
                 
                 	.CSEG
                 
                 	.CSEG
                 
                 	.CSEG
                 
                 	.DSEG
                 _rotateR:
000500           	.BYTE 0x8
                 _rotateL:
000508           	.BYTE 0x8
                 _VelocityLeftmotorTCNT1:
000510           	.BYTE 0x2
                 _VelocityRightmotorTCNT3:
000512           	.BYTE 0x2
                 _direction_control:
000514           	.BYTE 0x1
                 _Information:
000515           	.BYTE 0x6
                 _Flag:
00051b           	.BYTE 0x2
                 __seed_G101:
00051d           	.BYTE 0x4
                 
                 	.CSEG
                 ;OPTIMIZER ADDED SUBROUTINE, CALLED 3 TIMES, CODE SIZE REDUCTION:1 WORDS
                 SUBOPT_0x0:
000274 91e0 0515 	LDS  R30,_Information
000276 91f0 0516 	LDS  R31,_Information+1
000278 9508      	RET
                 
                 ;OPTIMIZER ADDED SUBROUTINE, CALLED 4 TIMES, CODE SIZE REDUCTION:6 WORDS
                 SUBOPT_0x1:
                +
000279 5f0f     +SUBI R16 , LOW ( - 1 )
00027a 4f1f     +SBCI R17 , HIGH ( - 1 )
                 	__ADDWRN 16,17,1
00027b e0e0      	LDI  R30,LOW(0)
00027c 93e0 051b 	STS  _Flag,R30
00027e 9508      	RET
                 
                 ;OPTIMIZER ADDED SUBROUTINE, CALLED 4 TIMES, CODE SIZE REDUCTION:6 WORDS
                 SUBOPT_0x2:
                +
00027f 5f2f     +SUBI R18 , LOW ( - 1 )
000280 4f3f     +SBCI R19 , HIGH ( - 1 )
                 	__ADDWRN 18,19,1
000281 e0e0      	LDI  R30,LOW(0)
                +
000282 93e0 051c+STS _Flag + ( 1 ) , R30
                 	__PUTB1MN _Flag,1
000284 9508      	RET
                 
                 ;OPTIMIZER ADDED SUBROUTINE, CALLED 2 TIMES, CODE SIZE REDUCTION:9 WORDS
                 SUBOPT_0x3:
000285 920a      	ST   -Y,R0
000286 921a      	ST   -Y,R1
000287 939a      	ST   -Y,R25
000288 93aa      	ST   -Y,R26
000289 93ba      	ST   -Y,R27
00028a 93ea      	ST   -Y,R30
00028b 93fa      	ST   -Y,R31
00028c b7ef      	IN   R30,SREG
00028d 93ea      	ST   -Y,R30
00028e 91e0 0514 	LDS  R30,_direction_control
000290 e0f0      	LDI  R31,0
000291 9508      	RET
                 
                 ;OPTIMIZER ADDED SUBROUTINE, CALLED 4 TIMES, CODE SIZE REDUCTION:15 WORDS
                 SUBOPT_0x4:
000292 b202      	IN   R0,18
000293 e0a8      	LDI  R26,LOW(_rotateL)
000294 e0b5      	LDI  R27,HIGH(_rotateL)
000295 0daa      	ADD  R26,R10
000296 1dbb      	ADC  R27,R11
000297 91ec      	LD   R30,X
000298 95e2      	SWAP R30
000299 7fe0      	ANDI R30,0xF0
00029a 9508      	RET
                 
                 ;OPTIMIZER ADDED SUBROUTINE, CALLED 4 TIMES, CODE SIZE REDUCTION:15 WORDS
                 SUBOPT_0x5:
00029b b003      	IN   R0,3
00029c e0a0      	LDI  R26,LOW(_rotateR)
00029d e0b5      	LDI  R27,HIGH(_rotateR)
00029e 0dac      	ADD  R26,R12
00029f 1dbd      	ADC  R27,R13
0002a0 91ec      	LD   R30,X
0002a1 95e2      	SWAP R30
0002a2 7fe0      	ANDI R30,0xF0
0002a3 9508      	RET
                 
                 ;OPTIMIZER ADDED SUBROUTINE, CALLED 3 TIMES, CODE SIZE REDUCTION:1 WORDS
                 SUBOPT_0x6:
0002a4 940e 03b5 	CALL __GETD1S0
0002a6 9508      	RET
                 
                 ;OPTIMIZER ADDED SUBROUTINE, CALLED 3 TIMES, CODE SIZE REDUCTION:1 WORDS
                 SUBOPT_0x7:
0002a7 940e 0328 	CALL __DIVF21
0002a9 940e 02e1 	CALL __CFD1
0002ab 9508      	RET
                 
                 ;OPTIMIZER ADDED SUBROUTINE, CALLED 8 TIMES, CODE SIZE REDUCTION:25 WORDS
                 SUBOPT_0x8:
0002ac e0e5      	LDI  R30,LOW(5)
0002ad e0f0      	LDI  R31,HIGH(5)
0002ae 93fa      	ST   -Y,R31
0002af 93ea      	ST   -Y,R30
0002b0 940c 00ae 	JMP  _Direction
                 
                 
                 	.CSEG
                 __ROUND_REPACK:
0002b2 2355      	TST  R21
0002b3 f442      	BRPL __REPACK
0002b4 3850      	CPI  R21,0x80
0002b5 f411      	BRNE __ROUND_REPACK0
0002b6 ffe0      	SBRS R30,0
0002b7 c004      	RJMP __REPACK
                 __ROUND_REPACK0:
0002b8 9631      	ADIW R30,1
0002b9 1f69      	ADC  R22,R25
0002ba 1f79      	ADC  R23,R25
0002bb f06b      	BRVS __REPACK1
                 
                 __REPACK:
0002bc e850      	LDI  R21,0x80
0002bd 2757      	EOR  R21,R23
0002be f411      	BRNE __REPACK0
0002bf 935f      	PUSH R21
0002c0 c055      	RJMP __ZERORES
                 __REPACK0:
0002c1 3f5f      	CPI  R21,0xFF
0002c2 f031      	BREQ __REPACK1
0002c3 0f66      	LSL  R22
0002c4 0c00      	LSL  R0
0002c5 9557      	ROR  R21
0002c6 9567      	ROR  R22
0002c7 2f75      	MOV  R23,R21
0002c8 9508      	RET
                 __REPACK1:
0002c9 935f      	PUSH R21
0002ca 2000      	TST  R0
0002cb f00a      	BRMI __REPACK2
0002cc c055      	RJMP __MAXRES
                 __REPACK2:
0002cd c04e      	RJMP __MINRES
                 
                 __UNPACK:
0002ce e850      	LDI  R21,0x80
0002cf 2e19      	MOV  R1,R25
0002d0 2215      	AND  R1,R21
0002d1 0f88      	LSL  R24
0002d2 1f99      	ROL  R25
0002d3 2795      	EOR  R25,R21
0002d4 0f55      	LSL  R21
0002d5 9587      	ROR  R24
                 
                 __UNPACK1:
0002d6 e850      	LDI  R21,0x80
0002d7 2e07      	MOV  R0,R23
0002d8 2205      	AND  R0,R21
0002d9 0f66      	LSL  R22
0002da 1f77      	ROL  R23
0002db 2775      	EOR  R23,R21
0002dc 0f55      	LSL  R21
0002dd 9567      	ROR  R22
0002de 9508      	RET
                 
                 __CFD1U:
0002df 9468      	SET
0002e0 c001      	RJMP __CFD1U0
                 __CFD1:
0002e1 94e8      	CLT
                 __CFD1U0:
0002e2 935f      	PUSH R21
0002e3 dff2      	RCALL __UNPACK1
0002e4 3870      	CPI  R23,0x80
0002e5 f018      	BRLO __CFD10
0002e6 3f7f      	CPI  R23,0xFF
0002e7 f408      	BRCC __CFD10
0002e8 c02d      	RJMP __ZERORES
                 __CFD10:
0002e9 e156      	LDI  R21,22
0002ea 1b57      	SUB  R21,R23
0002eb f4aa      	BRPL __CFD11
0002ec 9551      	NEG  R21
0002ed 3058      	CPI  R21,8
0002ee f40e      	BRTC __CFD19
0002ef 3059      	CPI  R21,9
                 __CFD19:
0002f0 f030      	BRLO __CFD17
0002f1 efef      	SER  R30
0002f2 efff      	SER  R31
0002f3 ef6f      	SER  R22
0002f4 e77f      	LDI  R23,0x7F
0002f5 f977      	BLD  R23,7
0002f6 c01a      	RJMP __CFD15
                 __CFD17:
0002f7 2777      	CLR  R23
0002f8 2355      	TST  R21
0002f9 f0b9      	BREQ __CFD15
                 __CFD18:
0002fa 0fee      	LSL  R30
0002fb 1fff      	ROL  R31
0002fc 1f66      	ROL  R22
0002fd 1f77      	ROL  R23
0002fe 955a      	DEC  R21
0002ff f7d1      	BRNE __CFD18
000300 c010      	RJMP __CFD15
                 __CFD11:
000301 2777      	CLR  R23
                 __CFD12:
000302 3058      	CPI  R21,8
000303 f028      	BRLO __CFD13
000304 2fef      	MOV  R30,R31
000305 2ff6      	MOV  R31,R22
000306 2f67      	MOV  R22,R23
000307 5058      	SUBI R21,8
000308 cff9      	RJMP __CFD12
                 __CFD13:
000309 2355      	TST  R21
00030a f031      	BREQ __CFD15
                 __CFD14:
00030b 9576      	LSR  R23
00030c 9567      	ROR  R22
00030d 95f7      	ROR  R31
00030e 95e7      	ROR  R30
00030f 955a      	DEC  R21
000310 f7d1      	BRNE __CFD14
                 __CFD15:
000311 2000      	TST  R0
000312 f40a      	BRPL __CFD16
000313 d05d      	RCALL __ANEGD1
                 __CFD16:
000314 915f      	POP  R21
000315 9508      	RET
                 
                 __ZERORES:
000316 27ee      	CLR  R30
000317 27ff      	CLR  R31
000318 2766      	CLR  R22
000319 2777      	CLR  R23
00031a 915f      	POP  R21
00031b 9508      	RET
                 
                 __MINRES:
00031c efef      	SER  R30
00031d efff      	SER  R31
00031e e76f      	LDI  R22,0x7F
00031f ef7f      	SER  R23
000320 915f      	POP  R21
000321 9508      	RET
                 
                 __MAXRES:
000322 efef      	SER  R30
000323 efff      	SER  R31
000324 e76f      	LDI  R22,0x7F
000325 e77f      	LDI  R23,0x7F
000326 915f      	POP  R21
000327 9508      	RET
                 
                 __DIVF21:
000328 935f      	PUSH R21
000329 dfa4      	RCALL __UNPACK
00032a 3870      	CPI  R23,0x80
00032b f421      	BRNE __DIVF210
00032c 2011      	TST  R1
                 __DIVF211:
00032d f40a      	BRPL __DIVF219
00032e cfed      	RJMP __MINRES
                 __DIVF219:
00032f cff2      	RJMP __MAXRES
                 __DIVF210:
000330 3890      	CPI  R25,0x80
000331 f409      	BRNE __DIVF218
                 __DIVF217:
000332 cfe3      	RJMP __ZERORES
                 __DIVF218:
000333 2401      	EOR  R0,R1
000334 9408      	SEC
000335 0b97      	SBC  R25,R23
000336 f41b      	BRVC __DIVF216
000337 f3d4      	BRLT __DIVF217
000338 2000      	TST  R0
000339 cff3      	RJMP __DIVF211
                 __DIVF216:
00033a 2f79      	MOV  R23,R25
00033b 931f      	PUSH R17
00033c 932f      	PUSH R18
00033d 933f      	PUSH R19
00033e 934f      	PUSH R20
00033f 2411      	CLR  R1
000340 2711      	CLR  R17
000341 2722      	CLR  R18
000342 2733      	CLR  R19
000343 2744      	CLR  R20
000344 2755      	CLR  R21
000345 e290      	LDI  R25,32
                 __DIVF212:
000346 17ae      	CP   R26,R30
000347 07bf      	CPC  R27,R31
000348 0786      	CPC  R24,R22
000349 0741      	CPC  R20,R17
00034a f030      	BRLO __DIVF213
00034b 1bae      	SUB  R26,R30
00034c 0bbf      	SBC  R27,R31
00034d 0b86      	SBC  R24,R22
00034e 0b41      	SBC  R20,R17
00034f 9408      	SEC
000350 c001      	RJMP __DIVF214
                 __DIVF213:
000351 9488      	CLC
                 __DIVF214:
000352 1f55      	ROL  R21
000353 1f22      	ROL  R18
000354 1f33      	ROL  R19
000355 1c11      	ROL  R1
000356 1faa      	ROL  R26
000357 1fbb      	ROL  R27
000358 1f88      	ROL  R24
000359 1f44      	ROL  R20
00035a 959a      	DEC  R25
00035b f751      	BRNE __DIVF212
00035c 01f9      	MOVW R30,R18
00035d 2d61      	MOV  R22,R1
00035e 914f      	POP  R20
00035f 913f      	POP  R19
000360 912f      	POP  R18
000361 911f      	POP  R17
000362 2366      	TST  R22
000363 f032      	BRMI __DIVF215
000364 0f55      	LSL  R21
000365 1fee      	ROL  R30
000366 1fff      	ROL  R31
000367 1f66      	ROL  R22
000368 957a      	DEC  R23
000369 f243      	BRVS __DIVF217
                 __DIVF215:
00036a df47      	RCALL __ROUND_REPACK
00036b 915f      	POP  R21
00036c 9508      	RET
                 
                 __ANEGW1:
00036d 95f1      	NEG  R31
00036e 95e1      	NEG  R30
00036f 40f0      	SBCI R31,0
000370 9508      	RET
                 
                 __ANEGD1:
000371 95f0      	COM  R31
000372 9560      	COM  R22
000373 9570      	COM  R23
000374 95e1      	NEG  R30
000375 4fff      	SBCI R31,-1
000376 4f6f      	SBCI R22,-1
000377 4f7f      	SBCI R23,-1
000378 9508      	RET
                 
                 __MULW12U:
000379 9ffa      	MUL  R31,R26
00037a 2df0      	MOV  R31,R0
00037b 9feb      	MUL  R30,R27
00037c 0df0      	ADD  R31,R0
00037d 9fea      	MUL  R30,R26
00037e 2de0      	MOV  R30,R0
00037f 0df1      	ADD  R31,R1
000380 9508      	RET
                 
                 __MULW12:
000381 d025      	RCALL __CHKSIGNW
000382 dff6      	RCALL __MULW12U
000383 f40e      	BRTC __MULW121
000384 dfe8      	RCALL __ANEGW1
                 __MULW121:
000385 9508      	RET
                 
                 __DIVW21U:
000386 2400      	CLR  R0
000387 2411      	CLR  R1
000388 e190      	LDI  R25,16
                 __DIVW21U1:
000389 0faa      	LSL  R26
00038a 1fbb      	ROL  R27
00038b 1c00      	ROL  R0
00038c 1c11      	ROL  R1
00038d 1a0e      	SUB  R0,R30
00038e 0a1f      	SBC  R1,R31
00038f f418      	BRCC __DIVW21U2
000390 0e0e      	ADD  R0,R30
000391 1e1f      	ADC  R1,R31
000392 c001      	RJMP __DIVW21U3
                 __DIVW21U2:
000393 60a1      	SBR  R26,1
                 __DIVW21U3:
000394 959a      	DEC  R25
000395 f799      	BRNE __DIVW21U1
000396 01fd      	MOVW R30,R26
000397 01d0      	MOVW R26,R0
000398 9508      	RET
                 
                 __MODW21:
000399 94e8      	CLT
00039a ffb7      	SBRS R27,7
00039b c004      	RJMP __MODW211
00039c 95a0      	COM  R26
00039d 95b0      	COM  R27
00039e 9611      	ADIW R26,1
00039f 9468      	SET
                 __MODW211:
0003a0 fdf7      	SBRC R31,7
0003a1 dfcb      	RCALL __ANEGW1
0003a2 dfe3      	RCALL __DIVW21U
0003a3 01fd      	MOVW R30,R26
0003a4 f40e      	BRTC __MODW212
0003a5 dfc7      	RCALL __ANEGW1
                 __MODW212:
0003a6 9508      	RET
                 
                 __CHKSIGNW:
0003a7 94e8      	CLT
0003a8 fff7      	SBRS R31,7
0003a9 c002      	RJMP __CHKSW1
0003aa dfc2      	RCALL __ANEGW1
0003ab 9468      	SET
                 __CHKSW1:
0003ac ffb7      	SBRS R27,7
0003ad c006      	RJMP __CHKSW2
0003ae 95a0      	COM  R26
0003af 95b0      	COM  R27
0003b0 9611      	ADIW R26,1
0003b1 f800      	BLD  R0,0
0003b2 9403      	INC  R0
0003b3 fa00      	BST  R0,0
                 __CHKSW2:
0003b4 9508      	RET
                 
                 __GETD1S0:
0003b5 81e8      	LD   R30,Y
0003b6 81f9      	LDD  R31,Y+1
0003b7 816a      	LDD  R22,Y+2
0003b8 817b      	LDD  R23,Y+3
0003b9 9508      	RET
                 
                 __PUTD1S0:
0003ba 83e8      	ST   Y,R30
0003bb 83f9      	STD  Y+1,R31
0003bc 836a      	STD  Y+2,R22
0003bd 837b      	STD  Y+3,R23
0003be 9508      	RET
                 
                 __SAVELOCR4:
0003bf 933a      	ST   -Y,R19
                 __SAVELOCR3:
0003c0 932a      	ST   -Y,R18
                 __SAVELOCR2:
0003c1 931a      	ST   -Y,R17
0003c2 930a      	ST   -Y,R16
0003c3 9508      	RET
                 
                 __LOADLOCR4:
0003c4 813b      	LDD  R19,Y+3
                 __LOADLOCR3:
0003c5 812a      	LDD  R18,Y+2
                 __LOADLOCR2:
0003c6 8119      	LDD  R17,Y+1
0003c7 8108      	LD   R16,Y
0003c8 9508      	RET
                 
                 ;END OF CODE MARKER
                 __END_OF_CODE:


RESOURCE USE INFORMATION
------------------------

Notice:
The register and instruction counts are symbol table hit counts,
and hence implicitly used resources are not counted, eg, the
'lpm' instruction without operands implicitly uses r0 and z,
none of which are counted.

x,y,z are separate entities in the symbol table and are
counted separately from r26..r31 here.

.dseg memory usage only counts static data declared with .byte

ATmega128L register use summary:
r0 :  40 r1 :  15 r2 :   0 r3 :   0 r4 :   2 r5 :   2 r6 :   0 r7 :   0 
r8 :   0 r9 :   0 r10:  10 r11:   3 r12:  10 r13:   3 r14:   0 r15:   0 
r16:   8 r17:  13 r18:  13 r19:  12 r20:   6 r21:  38 r22:  25 r23:  28 
r24:  16 r25:  19 r26:  60 r27:  23 r28:   4 r29:   1 r30: 239 r31:  78 
x  :   5 y  :  40 z  :   7 
Registers used: 27 out of 35 (77.1%)

ATmega128L instruction use summary:
.lds  :   0 .lds.l:   0 .sts  :   0 .sts.l:   0 adc   :   5 add   :   5 
adiw  :   7 and   :   6 andi  :   7 asr   :   1 bclr  :   0 bld   :   2 
brbc  :   0 brbs  :   0 brcc  :   2 brcs  :   0 break :   0 breq  :  16 
brge  :   6 brhc  :   0 brhs  :   0 brid  :   0 brie  :   0 brlo  :   4 
brlt  :   5 brmi  :   2 brne  :  22 brpl  :   4 brsh  :   0 brtc  :   3 
brts  :   0 brvc  :   1 brvs  :   2 bset  :   0 bst   :   1 call  :  45 
cbi   :   0 cbr   :   0 clc   :   1 clh   :   0 cli   :   1 cln   :   0 
clr   :  24 cls   :   0 clt   :   3 clv   :   0 clz   :   0 com   :   7 
cp    :  11 cpc   :  28 cpi   :  32 cpse  :   0 dec   :   6 des   :   0 
elpm  :   0 eor   :   4 fmul  :   0 fmuls :   0 fmulsu:   0 icall :   0 
ijmp  :   0 in    :   9 inc   :   1 jmp   :  37 ld    :  13 ldd   :   9 
ldi   : 100 lds   :  23 lpm   :   7 lsl   :   9 lsr   :   1 mov   :  12 
movw  :  21 mul   :   3 muls  :   0 mulsu :   0 neg   :   4 nop   :   0 
or    :   4 ori   :   2 out   :  41 pop   :   9 push  :   8 rcall :  11 
ret   :  28 reti  :   2 rjmp  :  34 rol   :  19 ror   :   8 sbc   :   5 
sbci  :   6 sbi   :   0 sbic  :   0 sbis  :   0 sbiw  :   6 sbr   :   1 
sbrc  :   1 sbrs  :   4 sec   :   2 seh   :   0 sei   :   2 sen   :   0 
ser   :   8 ses   :   0 set   :   3 sev   :   0 sez   :   0 sleep :   0 
spm   :   0 st    :  20 std   :   3 sts   :  38 sub   :   3 subi  :   7 
swap  :   2 tst   :   8 wdr   :   0 
Instructions used: 72 out of 117 (61.5%)

ATmega128L memory use summary [bytes]:
Segment   Begin    End      Code   Data   Used    Size   Use%
---------------------------------------------------------------
[.cseg] 0x000000 0x000792   1880     58   1938  131072   1.5%
[.dseg] 0x000100 0x000521      0     33     33    4351   0.8%
[.eseg] 0x000000 0x000000      0      0      0    4096   0.0%

Assembly complete, 0 errors, 8 warnings
