
AVRASM ver. 2.1.30  C:\Users\PC\OneDrive\Desktop\CodeVisionCoding\Wls\Main\List\Main.asm Wed Oct 28 08:53:10 2020

C:\Users\PC\OneDrive\Desktop\CodeVisionCoding\Wls\Main\List\Main.asm(1061): warning: Register r4 already defined by the .DEF directive
C:\Users\PC\OneDrive\Desktop\CodeVisionCoding\Wls\Main\List\Main.asm(1062): warning: Register r6 already defined by the .DEF directive
C:\Users\PC\OneDrive\Desktop\CodeVisionCoding\Wls\Main\List\Main.asm(1063): warning: Register r8 already defined by the .DEF directive
C:\Users\PC\OneDrive\Desktop\CodeVisionCoding\Wls\Main\List\Main.asm(1064): warning: Register r10 already defined by the .DEF directive
C:\Users\PC\OneDrive\Desktop\CodeVisionCoding\Wls\Main\List\Main.asm(1065): warning: Register r13 already defined by the .DEF directive
                 
                 
                 ;CodeVisionAVR C Compiler V2.05.0 Professional
                 ;(C) Copyright 1998-2010 Pavel Haiduc, HP InfoTech s.r.l.
                 ;http://www.hpinfotech.com
                 
                 ;Chip type                : ATmega128L
                 ;Program type             : Application
                 ;Clock frequency          : 16.000000 MHz
                 ;Memory model             : Small
                 ;Optimize for             : Size
                 ;(s)printf features       : int, width
                 ;(s)scanf features        : int, width
                 ;External RAM size        : 0
                 ;Data Stack size          : 1024 byte(s)
                 ;Heap size                : 0 byte(s)
                 ;Promote 'char' to 'int'  : Yes
                 ;'char' is unsigned       : Yes
                 ;8 bit enums              : Yes
                 ;global 'const' stored in FLASH: No
                 ;Enhanced core instructions    : On
                 ;Smart register allocation     : On
                 ;Automatic register allocation : On
                 
                 	#pragma AVRPART ADMIN PART_NAME ATmega128L
                 	#pragma AVRPART MEMORY PROG_FLASH 131072
                 	#pragma AVRPART MEMORY EEPROM 4096
                 	#pragma AVRPART MEMORY INT_SRAM SIZE 4351
                 	#pragma AVRPART MEMORY INT_SRAM START_ADDR 0x100
                 
                 	#define CALL_SUPPORTED 1
                 
                 	.LISTMAC
                 	.EQU UDRE=0x5
                 	.EQU RXC=0x7
                 	.EQU USR=0xB
                 	.EQU UDR=0xC
                 	.EQU SPSR=0xE
                 	.EQU SPDR=0xF
                 	.EQU EERE=0x0
                 	.EQU EEWE=0x1
                 	.EQU EEMWE=0x2
                 	.EQU EECR=0x1C
                 	.EQU EEDR=0x1D
                 	.EQU EEARL=0x1E
                 	.EQU EEARH=0x1F
                 	.EQU WDTCR=0x21
                 	.EQU MCUCR=0x35
                 	.EQU RAMPZ=0x3B
                 	.EQU SPL=0x3D
                 	.EQU SPH=0x3E
                 	.EQU SREG=0x3F
                 	.EQU XMCRA=0x6D
                 	.EQU XMCRB=0x6C
                 
                 	.DEF R0X0=R0
                 	.DEF R0X1=R1
                 	.DEF R0X2=R2
                 	.DEF R0X3=R3
                 	.DEF R0X4=R4
                 	.DEF R0X5=R5
                 	.DEF R0X6=R6
                 	.DEF R0X7=R7
                 	.DEF R0X8=R8
                 	.DEF R0X9=R9
                 	.DEF R0XA=R10
                 	.DEF R0XB=R11
                 	.DEF R0XC=R12
                 	.DEF R0XD=R13
                 	.DEF R0XE=R14
                 	.DEF R0XF=R15
                 	.DEF R0X10=R16
                 	.DEF R0X11=R17
                 	.DEF R0X12=R18
                 	.DEF R0X13=R19
                 	.DEF R0X14=R20
                 	.DEF R0X15=R21
                 	.DEF R0X16=R22
                 	.DEF R0X17=R23
                 	.DEF R0X18=R24
                 	.DEF R0X19=R25
                 	.DEF R0X1A=R26
                 	.DEF R0X1B=R27
                 	.DEF R0X1C=R28
                 	.DEF R0X1D=R29
                 	.DEF R0X1E=R30
                 	.DEF R0X1F=R31
                 
                 	.EQU __SRAM_START=0x0100
                 	.EQU __SRAM_END=0x10FF
                 	.EQU __DSTACK_SIZE=0x0400
                 	.EQU __HEAP_SIZE=0x0000
                 	.EQU __CLEAR_SRAM_SIZE=__SRAM_END-__SRAM_START+1
                 
                 	.MACRO __CPD1N
                 	CPI  R30,LOW(@0)
                 	LDI  R26,HIGH(@0)
                 	CPC  R31,R26
                 	LDI  R26,BYTE3(@0)
                 	CPC  R22,R26
                 	LDI  R26,BYTE4(@0)
                 	CPC  R23,R26
                 	.ENDM
                 
                 	.MACRO __CPD2N
                 	CPI  R26,LOW(@0)
                 	LDI  R30,HIGH(@0)
                 	CPC  R27,R30
                 	LDI  R30,BYTE3(@0)
                 	CPC  R24,R30
                 	LDI  R30,BYTE4(@0)
                 	CPC  R25,R30
                 	.ENDM
                 
                 	.MACRO __CPWRR
                 	CP   R@0,R@2
                 	CPC  R@1,R@3
                 	.ENDM
                 
                 	.MACRO __CPWRN
                 	CPI  R@0,LOW(@2)
                 	LDI  R30,HIGH(@2)
                 	CPC  R@1,R30
                 	.ENDM
                 
                 	.MACRO __ADDB1MN
                 	SUBI R30,LOW(-@0-(@1))
                 	.ENDM
                 
                 	.MACRO __ADDB2MN
                 	SUBI R26,LOW(-@0-(@1))
                 	.ENDM
                 
                 	.MACRO __ADDW1MN
                 	SUBI R30,LOW(-@0-(@1))
                 	SBCI R31,HIGH(-@0-(@1))
                 	.ENDM
                 
                 	.MACRO __ADDW2MN
                 	SUBI R26,LOW(-@0-(@1))
                 	SBCI R27,HIGH(-@0-(@1))
                 	.ENDM
                 
                 	.MACRO __ADDW1FN
                 	SUBI R30,LOW(-2*@0-(@1))
                 	SBCI R31,HIGH(-2*@0-(@1))
                 	.ENDM
                 
                 	.MACRO __ADDD1FN
                 	SUBI R30,LOW(-2*@0-(@1))
                 	SBCI R31,HIGH(-2*@0-(@1))
                 	SBCI R22,BYTE3(-2*@0-(@1))
                 	.ENDM
                 
                 	.MACRO __ADDD1N
                 	SUBI R30,LOW(-@0)
                 	SBCI R31,HIGH(-@0)
                 	SBCI R22,BYTE3(-@0)
                 	SBCI R23,BYTE4(-@0)
                 	.ENDM
                 
                 	.MACRO __ADDD2N
                 	SUBI R26,LOW(-@0)
                 	SBCI R27,HIGH(-@0)
                 	SBCI R24,BYTE3(-@0)
                 	SBCI R25,BYTE4(-@0)
                 	.ENDM
                 
                 	.MACRO __SUBD1N
                 	SUBI R30,LOW(@0)
                 	SBCI R31,HIGH(@0)
                 	SBCI R22,BYTE3(@0)
                 	SBCI R23,BYTE4(@0)
                 	.ENDM
                 
                 	.MACRO __SUBD2N
                 	SUBI R26,LOW(@0)
                 	SBCI R27,HIGH(@0)
                 	SBCI R24,BYTE3(@0)
                 	SBCI R25,BYTE4(@0)
                 	.ENDM
                 
                 	.MACRO __ANDBMNN
                 	LDS  R30,@0+(@1)
                 	ANDI R30,LOW(@2)
                 	STS  @0+(@1),R30
                 	.ENDM
                 
                 	.MACRO __ANDWMNN
                 	LDS  R30,@0+(@1)
                 	ANDI R30,LOW(@2)
                 	STS  @0+(@1),R30
                 	LDS  R30,@0+(@1)+1
                 	ANDI R30,HIGH(@2)
                 	STS  @0+(@1)+1,R30
                 	.ENDM
                 
                 	.MACRO __ANDD1N
                 	ANDI R30,LOW(@0)
                 	ANDI R31,HIGH(@0)
                 	ANDI R22,BYTE3(@0)
                 	ANDI R23,BYTE4(@0)
                 	.ENDM
                 
                 	.MACRO __ANDD2N
                 	ANDI R26,LOW(@0)
                 	ANDI R27,HIGH(@0)
                 	ANDI R24,BYTE3(@0)
                 	ANDI R25,BYTE4(@0)
                 	.ENDM
                 
                 	.MACRO __ORBMNN
                 	LDS  R30,@0+(@1)
                 	ORI  R30,LOW(@2)
                 	STS  @0+(@1),R30
                 	.ENDM
                 
                 	.MACRO __ORWMNN
                 	LDS  R30,@0+(@1)
                 	ORI  R30,LOW(@2)
                 	STS  @0+(@1),R30
                 	LDS  R30,@0+(@1)+1
                 	ORI  R30,HIGH(@2)
                 	STS  @0+(@1)+1,R30
                 	.ENDM
                 
                 	.MACRO __ORD1N
                 	ORI  R30,LOW(@0)
                 	ORI  R31,HIGH(@0)
                 	ORI  R22,BYTE3(@0)
                 	ORI  R23,BYTE4(@0)
                 	.ENDM
                 
                 	.MACRO __ORD2N
                 	ORI  R26,LOW(@0)
                 	ORI  R27,HIGH(@0)
                 	ORI  R24,BYTE3(@0)
                 	ORI  R25,BYTE4(@0)
                 	.ENDM
                 
                 	.MACRO __DELAY_USB
                 	LDI  R24,LOW(@0)
                 __DELAY_USB_LOOP:
                 	DEC  R24
                 	BRNE __DELAY_USB_LOOP
                 	.ENDM
                 
                 	.MACRO __DELAY_USW
                 	LDI  R24,LOW(@0)
                 	LDI  R25,HIGH(@0)
                 __DELAY_USW_LOOP:
                 	SBIW R24,1
                 	BRNE __DELAY_USW_LOOP
                 	.ENDM
                 
                 	.MACRO __GETD1S
                 	LDD  R30,Y+@0
                 	LDD  R31,Y+@0+1
                 	LDD  R22,Y+@0+2
                 	LDD  R23,Y+@0+3
                 	.ENDM
                 
                 	.MACRO __GETD2S
                 	LDD  R26,Y+@0
                 	LDD  R27,Y+@0+1
                 	LDD  R24,Y+@0+2
                 	LDD  R25,Y+@0+3
                 	.ENDM
                 
                 	.MACRO __PUTD1S
                 	STD  Y+@0,R30
                 	STD  Y+@0+1,R31
                 	STD  Y+@0+2,R22
                 	STD  Y+@0+3,R23
                 	.ENDM
                 
                 	.MACRO __PUTD2S
                 	STD  Y+@0,R26
                 	STD  Y+@0+1,R27
                 	STD  Y+@0+2,R24
                 	STD  Y+@0+3,R25
                 	.ENDM
                 
                 	.MACRO __PUTDZ2
                 	STD  Z+@0,R26
                 	STD  Z+@0+1,R27
                 	STD  Z+@0+2,R24
                 	STD  Z+@0+3,R25
                 	.ENDM
                 
                 	.MACRO __CLRD1S
                 	STD  Y+@0,R30
                 	STD  Y+@0+1,R30
                 	STD  Y+@0+2,R30
                 	STD  Y+@0+3,R30
                 	.ENDM
                 
                 	.MACRO __POINTB1MN
                 	LDI  R30,LOW(@0+(@1))
                 	.ENDM
                 
                 	.MACRO __POINTW1MN
                 	LDI  R30,LOW(@0+(@1))
                 	LDI  R31,HIGH(@0+(@1))
                 	.ENDM
                 
                 	.MACRO __POINTD1M
                 	LDI  R30,LOW(@0)
                 	LDI  R31,HIGH(@0)
                 	LDI  R22,BYTE3(@0)
                 	LDI  R23,BYTE4(@0)
                 	.ENDM
                 
                 	.MACRO __POINTW1FN
                 	LDI  R30,LOW(2*@0+(@1))
                 	LDI  R31,HIGH(2*@0+(@1))
                 	.ENDM
                 
                 	.MACRO __POINTD1FN
                 	LDI  R30,LOW(2*@0+(@1))
                 	LDI  R31,HIGH(2*@0+(@1))
                 	LDI  R22,BYTE3(2*@0+(@1))
                 	LDI  R23,BYTE4(2*@0+(@1))
                 	.ENDM
                 
                 	.MACRO __POINTB2MN
                 	LDI  R26,LOW(@0+(@1))
                 	.ENDM
                 
                 	.MACRO __POINTW2MN
                 	LDI  R26,LOW(@0+(@1))
                 	LDI  R27,HIGH(@0+(@1))
                 	.ENDM
                 
                 	.MACRO __POINTBRM
                 	LDI  R@0,LOW(@1)
                 	.ENDM
                 
                 	.MACRO __POINTWRM
                 	LDI  R@0,LOW(@2)
                 	LDI  R@1,HIGH(@2)
                 	.ENDM
                 
                 	.MACRO __POINTBRMN
                 	LDI  R@0,LOW(@1+(@2))
                 	.ENDM
                 
                 	.MACRO __POINTWRMN
                 	LDI  R@0,LOW(@2+(@3))
                 	LDI  R@1,HIGH(@2+(@3))
                 	.ENDM
                 
                 	.MACRO __POINTWRFN
                 	LDI  R@0,LOW(@2*2+(@3))
                 	LDI  R@1,HIGH(@2*2+(@3))
                 	.ENDM
                 
                 	.MACRO __GETD1N
                 	LDI  R30,LOW(@0)
                 	LDI  R31,HIGH(@0)
                 	LDI  R22,BYTE3(@0)
                 	LDI  R23,BYTE4(@0)
                 	.ENDM
                 
                 	.MACRO __GETD2N
                 	LDI  R26,LOW(@0)
                 	LDI  R27,HIGH(@0)
                 	LDI  R24,BYTE3(@0)
                 	LDI  R25,BYTE4(@0)
                 	.ENDM
                 
                 	.MACRO __GETB1MN
                 	LDS  R30,@0+(@1)
                 	.ENDM
                 
                 	.MACRO __GETB1HMN
                 	LDS  R31,@0+(@1)
                 	.ENDM
                 
                 	.MACRO __GETW1MN
                 	LDS  R30,@0+(@1)
                 	LDS  R31,@0+(@1)+1
                 	.ENDM
                 
                 	.MACRO __GETD1MN
                 	LDS  R30,@0+(@1)
                 	LDS  R31,@0+(@1)+1
                 	LDS  R22,@0+(@1)+2
                 	LDS  R23,@0+(@1)+3
                 	.ENDM
                 
                 	.MACRO __GETBRMN
                 	LDS  R@0,@1+(@2)
                 	.ENDM
                 
                 	.MACRO __GETWRMN
                 	LDS  R@0,@2+(@3)
                 	LDS  R@1,@2+(@3)+1
                 	.ENDM
                 
                 	.MACRO __GETWRZ
                 	LDD  R@0,Z+@2
                 	LDD  R@1,Z+@2+1
                 	.ENDM
                 
                 	.MACRO __GETD2Z
                 	LDD  R26,Z+@0
                 	LDD  R27,Z+@0+1
                 	LDD  R24,Z+@0+2
                 	LDD  R25,Z+@0+3
                 	.ENDM
                 
                 	.MACRO __GETB2MN
                 	LDS  R26,@0+(@1)
                 	.ENDM
                 
                 	.MACRO __GETW2MN
                 	LDS  R26,@0+(@1)
                 	LDS  R27,@0+(@1)+1
                 	.ENDM
                 
                 	.MACRO __GETD2MN
                 	LDS  R26,@0+(@1)
                 	LDS  R27,@0+(@1)+1
                 	LDS  R24,@0+(@1)+2
                 	LDS  R25,@0+(@1)+3
                 	.ENDM
                 
                 	.MACRO __PUTB1MN
                 	STS  @0+(@1),R30
                 	.ENDM
                 
                 	.MACRO __PUTW1MN
                 	STS  @0+(@1),R30
                 	STS  @0+(@1)+1,R31
                 	.ENDM
                 
                 	.MACRO __PUTD1MN
                 	STS  @0+(@1),R30
                 	STS  @0+(@1)+1,R31
                 	STS  @0+(@1)+2,R22
                 	STS  @0+(@1)+3,R23
                 	.ENDM
                 
                 	.MACRO __PUTB1EN
                 	LDI  R26,LOW(@0+(@1))
                 	LDI  R27,HIGH(@0+(@1))
                 	CALL __EEPROMWRB
                 	.ENDM
                 
                 	.MACRO __PUTW1EN
                 	LDI  R26,LOW(@0+(@1))
                 	LDI  R27,HIGH(@0+(@1))
                 	CALL __EEPROMWRW
                 	.ENDM
                 
                 	.MACRO __PUTD1EN
                 	LDI  R26,LOW(@0+(@1))
                 	LDI  R27,HIGH(@0+(@1))
                 	CALL __EEPROMWRD
                 	.ENDM
                 
                 	.MACRO __PUTBR0MN
                 	STS  @0+(@1),R0
                 	.ENDM
                 
                 	.MACRO __PUTBMRN
                 	STS  @0+(@1),R@2
                 	.ENDM
                 
                 	.MACRO __PUTWMRN
                 	STS  @0+(@1),R@2
                 	STS  @0+(@1)+1,R@3
                 	.ENDM
                 
                 	.MACRO __PUTBZR
                 	STD  Z+@1,R@0
                 	.ENDM
                 
                 	.MACRO __PUTWZR
                 	STD  Z+@2,R@0
                 	STD  Z+@2+1,R@1
                 	.ENDM
                 
                 	.MACRO __GETW1R
                 	MOV  R30,R@0
                 	MOV  R31,R@1
                 	.ENDM
                 
                 	.MACRO __GETW2R
                 	MOV  R26,R@0
                 	MOV  R27,R@1
                 	.ENDM
                 
                 	.MACRO __GETWRN
                 	LDI  R@0,LOW(@2)
                 	LDI  R@1,HIGH(@2)
                 	.ENDM
                 
                 	.MACRO __PUTW1R
                 	MOV  R@0,R30
                 	MOV  R@1,R31
                 	.ENDM
                 
                 	.MACRO __PUTW2R
                 	MOV  R@0,R26
                 	MOV  R@1,R27
                 	.ENDM
                 
                 	.MACRO __ADDWRN
                 	SUBI R@0,LOW(-@2)
                 	SBCI R@1,HIGH(-@2)
                 	.ENDM
                 
                 	.MACRO __ADDWRR
                 	ADD  R@0,R@2
                 	ADC  R@1,R@3
                 	.ENDM
                 
                 	.MACRO __SUBWRN
                 	SUBI R@0,LOW(@2)
                 	SBCI R@1,HIGH(@2)
                 	.ENDM
                 
                 	.MACRO __SUBWRR
                 	SUB  R@0,R@2
                 	SBC  R@1,R@3
                 	.ENDM
                 
                 	.MACRO __ANDWRN
                 	ANDI R@0,LOW(@2)
                 	ANDI R@1,HIGH(@2)
                 	.ENDM
                 
                 	.MACRO __ANDWRR
                 	AND  R@0,R@2
                 	AND  R@1,R@3
                 	.ENDM
                 
                 	.MACRO __ORWRN
                 	ORI  R@0,LOW(@2)
                 	ORI  R@1,HIGH(@2)
                 	.ENDM
                 
                 	.MACRO __ORWRR
                 	OR   R@0,R@2
                 	OR   R@1,R@3
                 	.ENDM
                 
                 	.MACRO __EORWRR
                 	EOR  R@0,R@2
                 	EOR  R@1,R@3
                 	.ENDM
                 
                 	.MACRO __GETWRS
                 	LDD  R@0,Y+@2
                 	LDD  R@1,Y+@2+1
                 	.ENDM
                 
                 	.MACRO __PUTBSR
                 	STD  Y+@1,R@0
                 	.ENDM
                 
                 	.MACRO __PUTWSR
                 	STD  Y+@2,R@0
                 	STD  Y+@2+1,R@1
                 	.ENDM
                 
                 	.MACRO __MOVEWRR
                 	MOV  R@0,R@2
                 	MOV  R@1,R@3
                 	.ENDM
                 
                 	.MACRO __INWR
                 	IN   R@0,@2
                 	IN   R@1,@2+1
                 	.ENDM
                 
                 	.MACRO __OUTWR
                 	OUT  @2+1,R@1
                 	OUT  @2,R@0
                 	.ENDM
                 
                 	.MACRO __CALL1MN
                 	LDS  R30,@0+(@1)
                 	LDS  R31,@0+(@1)+1
                 	ICALL
                 	.ENDM
                 
                 	.MACRO __CALL1FN
                 	LDI  R30,LOW(2*@0+(@1))
                 	LDI  R31,HIGH(2*@0+(@1))
                 	CALL __GETW1PF
                 	ICALL
                 	.ENDM
                 
                 	.MACRO __CALL2EN
                 	LDI  R26,LOW(@0+(@1))
                 	LDI  R27,HIGH(@0+(@1))
                 	CALL __EEPROMRDW
                 	ICALL
                 	.ENDM
                 
                 	.MACRO __GETW1STACK
                 	IN   R26,SPL
                 	IN   R27,SPH
                 	ADIW R26,@0+1
                 	LD   R30,X+
                 	LD   R31,X
                 	.ENDM
                 
                 	.MACRO __GETD1STACK
                 	IN   R26,SPL
                 	IN   R27,SPH
                 	ADIW R26,@0+1
                 	LD   R30,X+
                 	LD   R31,X+
                 	LD   R22,X
                 	.ENDM
                 
                 	.MACRO __NBST
                 	BST  R@0,@1
                 	IN   R30,SREG
                 	LDI  R31,0x40
                 	EOR  R30,R31
                 	OUT  SREG,R30
                 	.ENDM
                 
                 
                 	.MACRO __PUTB1SN
                 	LDD  R26,Y+@0
                 	LDD  R27,Y+@0+1
                 	SUBI R26,LOW(-@1)
                 	SBCI R27,HIGH(-@1)
                 	ST   X,R30
                 	.ENDM
                 
                 	.MACRO __PUTW1SN
                 	LDD  R26,Y+@0
                 	LDD  R27,Y+@0+1
                 	SUBI R26,LOW(-@1)
                 	SBCI R27,HIGH(-@1)
                 	ST   X+,R30
                 	ST   X,R31
                 	.ENDM
                 
                 	.MACRO __PUTD1SN
                 	LDD  R26,Y+@0
                 	LDD  R27,Y+@0+1
                 	SUBI R26,LOW(-@1)
                 	SBCI R27,HIGH(-@1)
                 	CALL __PUTDP1
                 	.ENDM
                 
                 	.MACRO __PUTB1SNS
                 	LDD  R26,Y+@0
                 	LDD  R27,Y+@0+1
                 	ADIW R26,@1
                 	ST   X,R30
                 	.ENDM
                 
                 	.MACRO __PUTW1SNS
                 	LDD  R26,Y+@0
                 	LDD  R27,Y+@0+1
                 	ADIW R26,@1
                 	ST   X+,R30
                 	ST   X,R31
                 	.ENDM
                 
                 	.MACRO __PUTD1SNS
                 	LDD  R26,Y+@0
                 	LDD  R27,Y+@0+1
                 	ADIW R26,@1
                 	CALL __PUTDP1
                 	.ENDM
                 
                 	.MACRO __PUTB1PMN
                 	LDS  R26,@0
                 	LDS  R27,@0+1
                 	SUBI R26,LOW(-@1)
                 	SBCI R27,HIGH(-@1)
                 	ST   X,R30
                 	.ENDM
                 
                 	.MACRO __PUTW1PMN
                 	LDS  R26,@0
                 	LDS  R27,@0+1
                 	SUBI R26,LOW(-@1)
                 	SBCI R27,HIGH(-@1)
                 	ST   X+,R30
                 	ST   X,R31
                 	.ENDM
                 
                 	.MACRO __PUTD1PMN
                 	LDS  R26,@0
                 	LDS  R27,@0+1
                 	SUBI R26,LOW(-@1)
                 	SBCI R27,HIGH(-@1)
                 	CALL __PUTDP1
                 	.ENDM
                 
                 	.MACRO __PUTB1PMNS
                 	LDS  R26,@0
                 	LDS  R27,@0+1
                 	ADIW R26,@1
                 	ST   X,R30
                 	.ENDM
                 
                 	.MACRO __PUTW1PMNS
                 	LDS  R26,@0
                 	LDS  R27,@0+1
                 	ADIW R26,@1
                 	ST   X+,R30
                 	ST   X,R31
                 	.ENDM
                 
                 	.MACRO __PUTD1PMNS
                 	LDS  R26,@0
                 	LDS  R27,@0+1
                 	ADIW R26,@1
                 	CALL __PUTDP1
                 	.ENDM
                 
                 	.MACRO __PUTB1RN
                 	MOVW R26,R@0
                 	SUBI R26,LOW(-@1)
                 	SBCI R27,HIGH(-@1)
                 	ST   X,R30
                 	.ENDM
                 
                 	.MACRO __PUTW1RN
                 	MOVW R26,R@0
                 	SUBI R26,LOW(-@1)
                 	SBCI R27,HIGH(-@1)
                 	ST   X+,R30
                 	ST   X,R31
                 	.ENDM
                 
                 	.MACRO __PUTD1RN
                 	MOVW R26,R@0
                 	SUBI R26,LOW(-@1)
                 	SBCI R27,HIGH(-@1)
                 	CALL __PUTDP1
                 	.ENDM
                 
                 	.MACRO __PUTB1RNS
                 	MOVW R26,R@0
                 	ADIW R26,@1
                 	ST   X,R30
                 	.ENDM
                 
                 	.MACRO __PUTW1RNS
                 	MOVW R26,R@0
                 	ADIW R26,@1
                 	ST   X+,R30
                 	ST   X,R31
                 	.ENDM
                 
                 	.MACRO __PUTD1RNS
                 	MOVW R26,R@0
                 	ADIW R26,@1
                 	CALL __PUTDP1
                 	.ENDM
                 
                 	.MACRO __PUTB1RON
                 	MOV  R26,R@0
                 	MOV  R27,R@1
                 	SUBI R26,LOW(-@2)
                 	SBCI R27,HIGH(-@2)
                 	ST   X,R30
                 	.ENDM
                 
                 	.MACRO __PUTW1RON
                 	MOV  R26,R@0
                 	MOV  R27,R@1
                 	SUBI R26,LOW(-@2)
                 	SBCI R27,HIGH(-@2)
                 	ST   X+,R30
                 	ST   X,R31
                 	.ENDM
                 
                 	.MACRO __PUTD1RON
                 	MOV  R26,R@0
                 	MOV  R27,R@1
                 	SUBI R26,LOW(-@2)
                 	SBCI R27,HIGH(-@2)
                 	CALL __PUTDP1
                 	.ENDM
                 
                 	.MACRO __PUTB1RONS
                 	MOV  R26,R@0
                 	MOV  R27,R@1
                 	ADIW R26,@2
                 	ST   X,R30
                 	.ENDM
                 
                 	.MACRO __PUTW1RONS
                 	MOV  R26,R@0
                 	MOV  R27,R@1
                 	ADIW R26,@2
                 	ST   X+,R30
                 	ST   X,R31
                 	.ENDM
                 
                 	.MACRO __PUTD1RONS
                 	MOV  R26,R@0
                 	MOV  R27,R@1
                 	ADIW R26,@2
                 	CALL __PUTDP1
                 	.ENDM
                 
                 
                 	.MACRO __GETB1SX
                 	MOVW R30,R28
                 	SUBI R30,LOW(-@0)
                 	SBCI R31,HIGH(-@0)
                 	LD   R30,Z
                 	.ENDM
                 
                 	.MACRO __GETB1HSX
                 	MOVW R30,R28
                 	SUBI R30,LOW(-@0)
                 	SBCI R31,HIGH(-@0)
                 	LD   R31,Z
                 	.ENDM
                 
                 	.MACRO __GETW1SX
                 	MOVW R30,R28
                 	SUBI R30,LOW(-@0)
                 	SBCI R31,HIGH(-@0)
                 	LD   R0,Z+
                 	LD   R31,Z
                 	MOV  R30,R0
                 	.ENDM
                 
                 	.MACRO __GETD1SX
                 	MOVW R30,R28
                 	SUBI R30,LOW(-@0)
                 	SBCI R31,HIGH(-@0)
                 	LD   R0,Z+
                 	LD   R1,Z+
                 	LD   R22,Z+
                 	LD   R23,Z
                 	MOVW R30,R0
                 	.ENDM
                 
                 	.MACRO __GETB2SX
                 	MOVW R26,R28
                 	SUBI R26,LOW(-@0)
                 	SBCI R27,HIGH(-@0)
                 	LD   R26,X
                 	.ENDM
                 
                 	.MACRO __GETW2SX
                 	MOVW R26,R28
                 	SUBI R26,LOW(-@0)
                 	SBCI R27,HIGH(-@0)
                 	LD   R0,X+
                 	LD   R27,X
                 	MOV  R26,R0
                 	.ENDM
                 
                 	.MACRO __GETD2SX
                 	MOVW R26,R28
                 	SUBI R26,LOW(-@0)
                 	SBCI R27,HIGH(-@0)
                 	LD   R0,X+
                 	LD   R1,X+
                 	LD   R24,X+
                 	LD   R25,X
                 	MOVW R26,R0
                 	.ENDM
                 
                 	.MACRO __GETBRSX
                 	MOVW R30,R28
                 	SUBI R30,LOW(-@1)
                 	SBCI R31,HIGH(-@1)
                 	LD   R@0,Z
                 	.ENDM
                 
                 	.MACRO __GETWRSX
                 	MOVW R30,R28
                 	SUBI R30,LOW(-@2)
                 	SBCI R31,HIGH(-@2)
                 	LD   R@0,Z+
                 	LD   R@1,Z
                 	.ENDM
                 
                 	.MACRO __GETBRSX2
                 	MOVW R26,R28
                 	SUBI R26,LOW(-@1)
                 	SBCI R27,HIGH(-@1)
                 	LD   R@0,X
                 	.ENDM
                 
                 	.MACRO __GETWRSX2
                 	MOVW R26,R28
                 	SUBI R26,LOW(-@2)
                 	SBCI R27,HIGH(-@2)
                 	LD   R@0,X+
                 	LD   R@1,X
                 	.ENDM
                 
                 	.MACRO __LSLW8SX
                 	MOVW R30,R28
                 	SUBI R30,LOW(-@0)
                 	SBCI R31,HIGH(-@0)
                 	LD   R31,Z
                 	CLR  R30
                 	.ENDM
                 
                 	.MACRO __PUTB1SX
                 	MOVW R26,R28
                 	SUBI R26,LOW(-@0)
                 	SBCI R27,HIGH(-@0)
                 	ST   X,R30
                 	.ENDM
                 
                 	.MACRO __PUTW1SX
                 	MOVW R26,R28
                 	SUBI R26,LOW(-@0)
                 	SBCI R27,HIGH(-@0)
                 	ST   X+,R30
                 	ST   X,R31
                 	.ENDM
                 
                 	.MACRO __PUTD1SX
                 	MOVW R26,R28
                 	SUBI R26,LOW(-@0)
                 	SBCI R27,HIGH(-@0)
                 	ST   X+,R30
                 	ST   X+,R31
                 	ST   X+,R22
                 	ST   X,R23
                 	.ENDM
                 
                 	.MACRO __CLRW1SX
                 	MOVW R26,R28
                 	SUBI R26,LOW(-@0)
                 	SBCI R27,HIGH(-@0)
                 	ST   X+,R30
                 	ST   X,R30
                 	.ENDM
                 
                 	.MACRO __CLRD1SX
                 	MOVW R26,R28
                 	SUBI R26,LOW(-@0)
                 	SBCI R27,HIGH(-@0)
                 	ST   X+,R30
                 	ST   X+,R30
                 	ST   X+,R30
                 	ST   X,R30
                 	.ENDM
                 
                 	.MACRO __PUTB2SX
                 	MOVW R30,R28
                 	SUBI R30,LOW(-@0)
                 	SBCI R31,HIGH(-@0)
                 	ST   Z,R26
                 	.ENDM
                 
                 	.MACRO __PUTW2SX
                 	MOVW R30,R28
                 	SUBI R30,LOW(-@0)
                 	SBCI R31,HIGH(-@0)
                 	ST   Z+,R26
                 	ST   Z,R27
                 	.ENDM
                 
                 	.MACRO __PUTD2SX
                 	MOVW R30,R28
                 	SUBI R30,LOW(-@0)
                 	SBCI R31,HIGH(-@0)
                 	ST   Z+,R26
                 	ST   Z+,R27
                 	ST   Z+,R24
                 	ST   Z,R25
                 	.ENDM
                 
                 	.MACRO __PUTBSRX
                 	MOVW R30,R28
                 	SUBI R30,LOW(-@1)
                 	SBCI R31,HIGH(-@1)
                 	ST   Z,R@0
                 	.ENDM
                 
                 	.MACRO __PUTWSRX
                 	MOVW R30,R28
                 	SUBI R30,LOW(-@2)
                 	SBCI R31,HIGH(-@2)
                 	ST   Z+,R@0
                 	ST   Z,R@1
                 	.ENDM
                 
                 	.MACRO __PUTB1SNX
                 	MOVW R26,R28
                 	SUBI R26,LOW(-@0)
                 	SBCI R27,HIGH(-@0)
                 	LD   R0,X+
                 	LD   R27,X
                 	MOV  R26,R0
                 	SUBI R26,LOW(-@1)
                 	SBCI R27,HIGH(-@1)
                 	ST   X,R30
                 	.ENDM
                 
                 	.MACRO __PUTW1SNX
                 	MOVW R26,R28
                 	SUBI R26,LOW(-@0)
                 	SBCI R27,HIGH(-@0)
                 	LD   R0,X+
                 	LD   R27,X
                 	MOV  R26,R0
                 	SUBI R26,LOW(-@1)
                 	SBCI R27,HIGH(-@1)
                 	ST   X+,R30
                 	ST   X,R31
                 	.ENDM
                 
                 	.MACRO __PUTD1SNX
                 	MOVW R26,R28
                 	SUBI R26,LOW(-@0)
                 	SBCI R27,HIGH(-@0)
                 	LD   R0,X+
                 	LD   R27,X
                 	MOV  R26,R0
                 	SUBI R26,LOW(-@1)
                 	SBCI R27,HIGH(-@1)
                 	ST   X+,R30
                 	ST   X+,R31
                 	ST   X+,R22
                 	ST   X,R23
                 	.ENDM
                 
                 	.MACRO __MULBRR
                 	MULS R@0,R@1
                 	MOVW R30,R0
                 	.ENDM
                 
                 	.MACRO __MULBRRU
                 	MUL  R@0,R@1
                 	MOVW R30,R0
                 	.ENDM
                 
                 	.MACRO __MULBRR0
                 	MULS R@0,R@1
                 	.ENDM
                 
                 	.MACRO __MULBRRU0
                 	MUL  R@0,R@1
                 	.ENDM
                 
                 	.MACRO __MULBNWRU
                 	LDI  R26,@2
                 	MUL  R26,R@0
                 	MOVW R30,R0
                 	MUL  R26,R@1
                 	ADD  R31,R0
                 	.ENDM
                 
                 ;NAME DEFINITIONS FOR GLOBAL VARIABLES ALLOCATED TO REGISTERS
                 	.DEF _LeftstepCount=R4
                 	.DEF _RightstepCount=R6
                 	.DEF _VelocityLeftmotorTCNT1=R8
                 	.DEF _VelocityRightmotorTCNT3=R10
                 	.DEF _direction_control=R13
                 
                 	.CSEG
                 	.ORG 0x00
                 
                 ;START OF CODE MARKER
                 __START_OF_CODE:
                 
                 ;INTERRUPT VECTORS
000000 940c 006e 	JMP  __RESET
000002 940c 0278 	JMP  _ext_int0_isr
000004 940c 027d 	JMP  _ext_int1_isr
000006 940c 0000 	JMP  0x00
000008 940c 0000 	JMP  0x00
00000a 940c 0000 	JMP  0x00
00000c 940c 0000 	JMP  0x00
00000e 940c 0000 	JMP  0x00
000010 940c 0000 	JMP  0x00
000012 940c 0000 	JMP  0x00
000014 940c 0000 	JMP  0x00
000016 940c 0000 	JMP  0x00
000018 940c 0000 	JMP  0x00
00001a 940c 0000 	JMP  0x00
00001c 940c 01e2 	JMP  _timer1_ovf_isr
00001e 940c 0000 	JMP  0x00
000020 940c 0000 	JMP  0x00
000022 940c 0000 	JMP  0x00
000024 940c 0000 	JMP  0x00
000026 940c 0000 	JMP  0x00
000028 940c 0000 	JMP  0x00
00002a 940c 0000 	JMP  0x00
00002c 940c 0000 	JMP  0x00
00002e 940c 0000 	JMP  0x00
000030 940c 0000 	JMP  0x00
000032 940c 0000 	JMP  0x00
000034 940c 0000 	JMP  0x00
000036 940c 0000 	JMP  0x00
000038 940c 0000 	JMP  0x00
00003a 940c 0229 	JMP  _timer3_ovf_isr
00003c 940c 0000 	JMP  0x00
00003e 940c 0000 	JMP  0x00
000040 940c 0000 	JMP  0x00
000042 940c 0000 	JMP  0x00
000044 940c 0000 	JMP  0x00
                 
                 _tbl10_G101:
000046 2710
000047 03e8
000048 0064
000049 000a      	.DB  0x10,0x27,0xE8,0x3,0x64,0x0,0xA,0x0
00004a 0001      	.DB  0x1,0x0
                 _tbl16_G101:
00004b 1000
00004c 0100
00004d 0010
00004e 0001      	.DB  0x0,0x10,0x0,0x1,0x10,0x0,0x1,0x0
                 
                 _0x60003:
00004f 0109
000050 0405
000051 0206
000052 080a      	.DB  0x9,0x1,0x5,0x4,0x6,0x2,0xA,0x8
                 _0x60004:
000053 0809
000054 020a
000055 0406
000056 0105      	.DB  0x9,0x8,0xA,0x2,0x6,0x4,0x5,0x1
                 _0x60043:
000057 0000
000058 0000
000059 ff78
00005a ff78      	.DB  0x0,0x0,0x0,0x0,0x78,0xFF,0x78,0xFF
                 _0x2040060:
C:\Users\PC\OneDrive\Desktop\CodeVisionCoding\Wls\Main\List\Main.asm(1123): warning: .cseg .db misalignment - padding zero byte
00005b 0001      	.DB  0x1
                 _0x2040000:
00005c 4e2d
00005d 4e41
00005e 4900
00005f 464e      	.DB  0x2D,0x4E,0x41,0x4E,0x0,0x49,0x4E,0x46
C:\Users\PC\OneDrive\Desktop\CodeVisionCoding\Wls\Main\List\Main.asm(1126): warning: .cseg .db misalignment - padding zero byte
000060 0000      	.DB  0x0
                 
                 __GLOBAL_INI_TBL:
000061 0008      	.DW  0x08
000062 0502      	.DW  _rotateR
000063 009e      	.DW  _0x60003*2
                 
000064 0008      	.DW  0x08
000065 050a      	.DW  _rotateL
000066 00a6      	.DW  _0x60004*2
                 
000067 0008      	.DW  0x08
000068 0004      	.DW  0x04
000069 00ae      	.DW  _0x60043*2
                 
00006a 0001      	.DW  0x01
00006b 051a      	.DW  __seed_G102
00006c 00b6      	.DW  _0x2040060*2
                 
                 _0xFFFFFFFF:
00006d 0000      	.DW  0
                 
                 __RESET:
00006e 94f8      	CLI
00006f 27ee      	CLR  R30
000070 bbec      	OUT  EECR,R30
                 
                 ;INTERRUPT VECTORS ARE PLACED
                 ;AT THE START OF FLASH
000071 e0f1      	LDI  R31,1
000072 bff5      	OUT  MCUCR,R31
000073 bfe5      	OUT  MCUCR,R30
000074 93e0 006c 	STS  XMCRB,R30
                 
                 ;DISABLE WATCHDOG
000076 e1f8      	LDI  R31,0x18
000077 bdf1      	OUT  WDTCR,R31
000078 bde1      	OUT  WDTCR,R30
                 
                 ;CLEAR R2-R14
000079 e08d      	LDI  R24,(14-2)+1
00007a e0a2      	LDI  R26,2
00007b 27bb      	CLR  R27
                 __CLEAR_REG:
00007c 93ed      	ST   X+,R30
00007d 958a      	DEC  R24
00007e f7e9      	BRNE __CLEAR_REG
                 
                 ;CLEAR SRAM
00007f e080      	LDI  R24,LOW(__CLEAR_SRAM_SIZE)
000080 e190      	LDI  R25,HIGH(__CLEAR_SRAM_SIZE)
000081 e0a0      	LDI  R26,LOW(__SRAM_START)
000082 e0b1      	LDI  R27,HIGH(__SRAM_START)
                 __CLEAR_SRAM:
000083 93ed      	ST   X+,R30
000084 9701      	SBIW R24,1
000085 f7e9      	BRNE __CLEAR_SRAM
                 
                 ;GLOBAL VARIABLES INITIALIZATION
000086 ece2      	LDI  R30,LOW(__GLOBAL_INI_TBL*2)
000087 e0f0      	LDI  R31,HIGH(__GLOBAL_INI_TBL*2)
                 __GLOBAL_INI_NEXT:
000088 9185      	LPM  R24,Z+
000089 9195      	LPM  R25,Z+
00008a 9700      	SBIW R24,0
00008b f061      	BREQ __GLOBAL_INI_END
00008c 91a5      	LPM  R26,Z+
00008d 91b5      	LPM  R27,Z+
00008e 9005      	LPM  R0,Z+
00008f 9015      	LPM  R1,Z+
000090 01bf      	MOVW R22,R30
000091 01f0      	MOVW R30,R0
                 __GLOBAL_INI_LOOP:
000092 9005      	LPM  R0,Z+
000093 920d      	ST   X+,R0
000094 9701      	SBIW R24,1
000095 f7e1      	BRNE __GLOBAL_INI_LOOP
000096 01fb      	MOVW R30,R22
000097 cff0      	RJMP __GLOBAL_INI_NEXT
                 __GLOBAL_INI_END:
                 
000098 bf8b      	OUT  RAMPZ,R24
                 
                 ;HARDWARE STACK POINTER INITIALIZATION
000099 efef      	LDI  R30,LOW(__SRAM_END-__HEAP_SIZE)
00009a bfed      	OUT  SPL,R30
00009b e1e0      	LDI  R30,HIGH(__SRAM_END-__HEAP_SIZE)
00009c bfee      	OUT  SPH,R30
                 
                 ;DATA STACK POINTER INITIALIZATION
00009d e0c0      	LDI  R28,LOW(__SRAM_START+__DSTACK_SIZE)
00009e e0d5      	LDI  R29,HIGH(__SRAM_START+__DSTACK_SIZE)
                 
00009f 940c 00a1 	JMP  _main
                 
                 	.ESEG
                 	.ORG 0
                 
                 	.DSEG
                 	.ORG 0x500
                 
                 	.CSEG
                 ;#include <mega128.h>
                 	#ifndef __SLEEP_DEFINED__
                 	#define __SLEEP_DEFINED__
                 	.EQU __se_bit=0x20
                 	.EQU __sm_mask=0x1C
                 	.EQU __sm_powerdown=0x10
                 	.EQU __sm_powersave=0x18
                 	.EQU __sm_standby=0x14
                 	.EQU __sm_ext_standby=0x1C
                 	.EQU __sm_adc_noise_red=0x08
                 	.SET power_ctrl_reg=mcucr
                 	#endif
                 ;#include <delay.h>
                 ;#include <math.h>
                 ;#include <stdio.h>
                 ;#include "LED.h"
                 ;#include "Switch.h"
                 ;#include "Sensor.h"
                 ;#include "StepMotor.h"
                 ;
                 ;extern int mode;
                 ;extern struct Buttons{
                 ;    char SW1;
                 ;    char SW2;
                 ;}Button;
                 ;
                 ;void main(void)
                 ; 0000 0011 {
                 
                 	.CSEG
                 _main:
                 ; 0000 0012 // Declare your local variables here
                 ; 0000 0013 
                 ; 0000 0014      InitializeStepmotor();
0000a1 940e 00ce 	CALL _InitializeStepmotor
                 ; 0000 0015      InitializeLED();
0000a3 d00a      	RCALL _InitializeLED
                 ; 0000 0016      InitializeSensor();
0000a4 940e 00b9 	CALL _InitializeSensor
                 ; 0000 0017 
                 ; 0000 0018 // Global enable interrupts
                 ; 0000 0019 #asm("sei")
0000a6 9478      	sei
                 ; 0000 001A 
                 ; 0000 001B while (1)
                 ; 0000 001C       {
                 ; 0000 001D       // Place your code here
                 ; 0000 001E       Direction(FORWARD);      // 좌로 90도
0000a7 e0e4      	LDI  R30,LOW(4)
0000a8 e0f0      	LDI  R31,HIGH(4)
0000a9 93fa      	ST   -Y,R31
0000aa 93ea      	ST   -Y,R30
0000ab 940e 0145 	CALL _Direction
                 ; 0000 001F       break;
                 ; 0000 0020       };
                 ; 0000 0021 }
                 _0x6:
0000ad cfff      	RJMP _0x6
                 ;#include <mega128.h>
                 	#ifndef __SLEEP_DEFINED__
                 	#endif
                 ;#include <delay.h>
                 ;#include "LED.h"
                 ;
                 ;void InitializeLED(void)
                 ; 0001 0006 {
                 
                 	.CSEG
                 _InitializeLED:
                 ; 0001 0007      // LED - PORTF 4,5,6,7
                 ; 0001 0008      PORTF &= 0x0F;
0000ae 91e0 0062 	LDS  R30,98
0000b0 70ef      	ANDI R30,LOW(0xF)
0000b1 93e0 0062 	STS  98,R30
                 ; 0001 0009      DDRF |= 0xF0;
0000b3 91e0 0061 	LDS  R30,97
0000b5 6fe0      	ORI  R30,LOW(0xF0)
0000b6 93e0 0061 	STS  97,R30
                 ; 0001 000A }
0000b8 9508      	RET
                 ;
                 ;void LED_OFF(int nLED)
                 ; 0001 000D {
                 ; 0001 000E      PORTF |= nLED;
                 ;	nLED -> Y+0
                 ; 0001 000F }
                 ;
                 ;void LED_ON(int nLED)
                 ; 0001 0012 {
                 ; 0001 0013      PORTF &= ~(nLED);
                 ;	nLED -> Y+0
                 ; 0001 0014 }
                 ;#include <mega128.h>
                 	#ifndef __SLEEP_DEFINED__
                 	#endif
                 ;#include <delay.h>
                 ;// Standard Input/Output functions
                 ;#include <stdio.h>
                 ;#include "Sensor.h"
                 ;
                 ;void InitializeSensor(void)
                 ; 0002 0008 {
                 
                 	.CSEG
                 _InitializeSensor:
                 ; 0002 0009      // 발광센서 PORTB 5,6,7
                 ; 0002 000A      PORTB &= 0x1f;
0000b9 b3e8      	IN   R30,0x18
0000ba 71ef      	ANDI R30,LOW(0x1F)
0000bb bbe8      	OUT  0x18,R30
                 ; 0002 000B      DDRB |= 0xe0;
0000bc b3e7      	IN   R30,0x17
0000bd 6ee0      	ORI  R30,LOW(0xE0)
0000be bbe7      	OUT  0x17,R30
                 ; 0002 000C      // 수광센서 PORTF 0,1,2
                 ; 0002 000D      PORTF &= 0xf8;
0000bf 91e0 0062 	LDS  R30,98
0000c1 7fe8      	ANDI R30,LOW(0xF8)
0000c2 93e0 0062 	STS  98,R30
                 ; 0002 000E      DDRF &= 0xf8;
0000c4 91e0 0061 	LDS  R30,97
0000c6 7fe8      	ANDI R30,LOW(0xF8)
0000c7 93e0 0061 	STS  97,R30
                 ; 0002 000F 
                 ; 0002 0010 // ADC initialization
                 ; 0002 0011 // ADC Clock frequency: 125.000 kHz
                 ; 0002 0012 // ADC Voltage Reference: AVCC pin
                 ; 0002 0013      ADMUX=ADC_VREF_TYPE;
0000c9 e4e0      	LDI  R30,LOW(64)
0000ca b9e7      	OUT  0x7,R30
                 ; 0002 0014      ADCSRA=0x87;
0000cb e8e7      	LDI  R30,LOW(135)
0000cc b9e6      	OUT  0x6,R30
                 ; 0002 0015 }
0000cd 9508      	RET
                 ;
                 ;unsigned int read_adc(unsigned char adc_input)
                 ; 0002 0018 {
                 ; 0002 0019     ADMUX=adc_input | (ADC_VREF_TYPE & 0xff);
                 ;	adc_input -> Y+0
                 ; 0002 001A     // Delay needed for the stabilization of the ADC input voltage
                 ; 0002 001B     delay_us(10);
                 ; 0002 001C     // Start the AD conversion
                 ; 0002 001D     ADCSRA|=0x40;
                 ; 0002 001E     // Wait for the AD conversion to complete
                 ; 0002 001F     while ((ADCSRA & 0x10)==0);
                 ; 0002 0020     ADCSRA|=0x10;
                 ; 0002 0021     return ADCW;
                 ; 0002 0022 }
                 ;
                 ;unsigned int readSensor(char si)
                 ; 0002 0025 {
                 ; 0002 0026      unsigned int ret;
                 ; 0002 0027 
                 ; 0002 0028      switch(si)
                 ;	si -> Y+2
                 ;	ret -> R16,R17
                 ; 0002 0029      {
                 ; 0002 002A           case FRONT_SENSOR:
                 ; 0002 002B                PORTB.5=1;
                 ; 0002 002C                delay_us(50);
                 ; 0002 002D                ret=read_adc(si);
                 ; 0002 002E                PORTB.5=0;
                 ; 0002 002F                break;
                 ; 0002 0030           case LEFT_SENSOR:
                 ; 0002 0031                PORTB.6=1;
                 ; 0002 0032                delay_us(50);
                 ; 0002 0033                ret=read_adc(si);
                 ; 0002 0034                PORTB.6=0;
                 ; 0002 0035                break;
                 ; 0002 0036           case RIGHT_SENSOR:
                 ; 0002 0037                PORTB.7=1;
                 ; 0002 0038                delay_us(50);
                 ; 0002 0039                ret=read_adc(si);
                 ; 0002 003A                PORTB.7=0;
                 ; 0002 003B                break;
                 ; 0002 003C      }
                 ; 0002 003D      return ret;
                 ; 0002 003E }
                 ;#include <mega128.h>
                 	#ifndef __SLEEP_DEFINED__
                 	#endif
                 ;#include <math.h>
                 ;#include "StepMotor.h"
                 ;#include <delay.h>
                 ;
                 ;// Declare your global variables here
                 ;     char rotateR[8] = {0b1001,0b0001,0b0101,0b0100,0b0110,0b0010,0b1010,0b1000};
                 
                 	.DSEG
                 ;     char rotateL[8] = {0b1001,0b1000,0b1010,0b0010,0b0110,0b0100,0b0101,0b0001};
                 ;
                 ;     int LeftstepCount=0;
                 ;     int RightstepCount=0;        // rotateR과 rotateL의 각각 스텝이 모터에 순서대로 입력되도록 Count
                 ;     unsigned int VelocityLeftmotorTCNT1 = 65400;
                 ;     unsigned int VelocityRightmotorTCNT3 = 65400;    // 왼쪽과 오른쪽 모터의 TCNT 속도
                 ;     unsigned char direction_control;        // 인터럽트 루틴에 방향정보를 전달하기 위한 전역변수
                 ;
                 ;     struct {
                 ;          int nStep4perBlock;            // 한 블록 이동시 필요한 모터회전 스텝 정보
                 ;          int nStep4Turn90forRight;            // 90도 턴 이동시 필요한 모터회전 스텝 정보
                 ;          int nStep4Turn90forLeft;  // LEFT가 90도 회전을 하기 위한 step 수
                 ;     } Information;
                 ;     struct {
                 ;          char LmotorRun;            // 왼쪽 모터가 회전했는지에 대한 Flag
                 ;          char RmotorRun;            // 오른쪽 모터가 회전했는지에 대한 Flag
                 ;     } Flag;
                 ;
                 ;void InitializeStepmotor(void)
                 ; 0003 001B {
                 
                 	.CSEG
                 _InitializeStepmotor:
                 ; 0003 001C 	double distance4perStep;
                 ; 0003 001D 
                 ; 0003 001E // LEFT MOTOR - PORTD 4,5,6,7
                 ; 0003 001F      PORTD&=0x0F;
0000ce 9724      	SBIW R28,4
                 ;	distance4perStep -> Y+0
0000cf b3e2      	IN   R30,0x12
0000d0 70ef      	ANDI R30,LOW(0xF)
0000d1 bbe2      	OUT  0x12,R30
                 ; 0003 0020      DDRD|=0xF0;
0000d2 b3e1      	IN   R30,0x11
0000d3 6fe0      	ORI  R30,LOW(0xF0)
0000d4 bbe1      	OUT  0x11,R30
                 ; 0003 0021 
                 ; 0003 0022 // RIGHT MOTOR - PORTE 4,5,6,7
                 ; 0003 0023      PORTE&=0x0F;
0000d5 b1e3      	IN   R30,0x3
0000d6 70ef      	ANDI R30,LOW(0xF)
0000d7 b9e3      	OUT  0x3,R30
                 ; 0003 0024      DDRE|=0xF0;
0000d8 b1e2      	IN   R30,0x2
0000d9 6fe0      	ORI  R30,LOW(0xF0)
0000da b9e2      	OUT  0x2,R30
                 ; 0003 0025 
                 ; 0003 0026 // Timer/Counter 1 initialization
                 ; 0003 0027 // Clock source: System Clock
                 ; 0003 0028 // Clock value: 62.500 kHz
                 ; 0003 0029 // Mode: Normal top=FFFFh
                 ; 0003 002A // OC1A output: Discon.
                 ; 0003 002B // OC1B output: Discon.
                 ; 0003 002C // OC1C output: Discon.
                 ; 0003 002D // Noise Canceler: Off
                 ; 0003 002E // Input Capture on Falling Edge
                 ; 0003 002F // Timer 1 Overflow Interrupt: On
                 ; 0003 0030 // Input Capture Interrupt: Off
                 ; 0003 0031 // Compare A Match Interrupt: Off
                 ; 0003 0032 // Compare B Match Interrupt: Off
                 ; 0003 0033 // Compare C Match Interrupt: Off
                 ; 0003 0034      TCCR1A=0x00;
0000db e0e0      	LDI  R30,LOW(0)
0000dc bdef      	OUT  0x2F,R30
                 ; 0003 0035      TCCR1B=0x04;
0000dd e0e4      	LDI  R30,LOW(4)
0000de bdee      	OUT  0x2E,R30
                 ; 0003 0036      TCNT1H=0x00;
0000df e0e0      	LDI  R30,LOW(0)
0000e0 bded      	OUT  0x2D,R30
                 ; 0003 0037      TCNT1L=0x00;
0000e1 bdec      	OUT  0x2C,R30
                 ; 0003 0038      ICR1H=0x00;
0000e2 bde7      	OUT  0x27,R30
                 ; 0003 0039      ICR1L=0x00;
0000e3 bde6      	OUT  0x26,R30
                 ; 0003 003A      OCR1AH=0x00;
0000e4 bdeb      	OUT  0x2B,R30
                 ; 0003 003B      OCR1AL=0x00;
0000e5 bdea      	OUT  0x2A,R30
                 ; 0003 003C      OCR1BH=0x00;
0000e6 bde9      	OUT  0x29,R30
                 ; 0003 003D      OCR1BL=0x00;
0000e7 bde8      	OUT  0x28,R30
                 ; 0003 003E      OCR1CH=0x00;
0000e8 93e0 0079 	STS  121,R30
                 ; 0003 003F      OCR1CL=0x00;
0000ea 93e0 0078 	STS  120,R30
                 ; 0003 0040 
                 ; 0003 0041 // Timer/Counter 3 initialization
                 ; 0003 0042 // Clock source: System Clock
                 ; 0003 0043 // Clock value: 62.500 kHz
                 ; 0003 0044 // Mode: Normal top=FFFFh
                 ; 0003 0045 // OC3A output: Discon.
                 ; 0003 0046 // OC3B output: Discon.
                 ; 0003 0047 // OC3C output: Discon.
                 ; 0003 0048 // Noise Canceler: Off
                 ; 0003 0049 // Input Capture on Falling Edge
                 ; 0003 004A // Timer 3 Overflow Interrupt: On
                 ; 0003 004B // Input Capture Interrupt: Off
                 ; 0003 004C // Compare A Match Interrupt: Off
                 ; 0003 004D // Compare B Match Interrupt: Off
                 ; 0003 004E // Compare C Match Interrupt: Off
                 ; 0003 004F      TCCR3A=0x00;
0000ec 93e0 008b 	STS  139,R30
                 ; 0003 0050      TCCR3B=0x04;
0000ee e0e4      	LDI  R30,LOW(4)
0000ef 93e0 008a 	STS  138,R30
                 ; 0003 0051      TCNT3H=0x00;
0000f1 e0e0      	LDI  R30,LOW(0)
0000f2 93e0 0089 	STS  137,R30
                 ; 0003 0052      TCNT3L=0x00;
0000f4 93e0 0088 	STS  136,R30
                 ; 0003 0053      ICR3H=0x00;
0000f6 93e0 0081 	STS  129,R30
                 ; 0003 0054      ICR3L=0x00;
0000f8 93e0 0080 	STS  128,R30
                 ; 0003 0055      OCR3AH=0x00;
0000fa 93e0 0087 	STS  135,R30
                 ; 0003 0056      OCR3AL=0x00;
0000fc 93e0 0086 	STS  134,R30
                 ; 0003 0057      OCR3BH=0x00;
0000fe 93e0 0085 	STS  133,R30
                 ; 0003 0058      OCR3BL=0x00;
000100 93e0 0084 	STS  132,R30
                 ; 0003 0059      OCR3CH=0x00;
000102 93e0 0083 	STS  131,R30
                 ; 0003 005A      OCR3CL=0x00;
000104 93e0 0082 	STS  130,R30
                 ; 0003 005B 
                 ; 0003 005C // Timer(s)/Counter(s) Interrupt(s) initialization
                 ; 0003 005D      TIMSK=0x04;
000106 e0e4      	LDI  R30,LOW(4)
000107 bfe7      	OUT  0x37,R30
                 ; 0003 005E      ETIMSK=0x04;
000108 93e0 007d 	STS  125,R30
                 ; 0003 005F 
                 ; 0003 0060 	LeftstepCount = 0;
00010a 2444      	CLR  R4
00010b 2455      	CLR  R5
                 ; 0003 0061     RightstepCount = 0;
00010c 2466      	CLR  R6
00010d 2477      	CLR  R7
                 ; 0003 0062     VelocityLeftmotorTCNT1 = 65400;
00010e e7e8      	LDI  R30,LOW(65400)
00010f efff      	LDI  R31,HIGH(65400)
000110 014f      	MOVW R8,R30
                 ; 0003 0063     VelocityRightmotorTCNT3 = 65400;
000111 015f      	MOVW R10,R30
                 ; 0003 0064 // LEFT MOTOR - PORTD 4,5,6,7
                 ; 0003 0065 	PORTD&=0x0F;
000112 b3e2      	IN   R30,0x12
000113 70ef      	ANDI R30,LOW(0xF)
000114 bbe2      	OUT  0x12,R30
                 ; 0003 0066 // Timer(s)/Counter(s) Interrupt(s) initialization
                 ; 0003 0067 	TIMSK=0x04;
000115 e0e4      	LDI  R30,LOW(4)
000116 bfe7      	OUT  0x37,R30
                 ; 0003 0068 	ETIMSK=0x04;
000117 93e0 007d 	STS  125,R30
                 ; 0003 0069 
                 ; 0003 006A 	distance4perStep = (double)(PI * TIRE_RAD / (double)MOTOR_STEP);
                +
000119 e4eb     +LDI R30 , LOW ( 0x3ECD154B )
00011a e1f5     +LDI R31 , HIGH ( 0x3ECD154B )
00011b ec6d     +LDI R22 , BYTE3 ( 0x3ECD154B )
00011c e37e     +LDI R23 , BYTE4 ( 0x3ECD154B )
                 	__GETD1N 0x3ECD154B
00011d 940e 03c2 	CALL __PUTD1S0
                 ; 0003 006B 	Information.nStep4perBlock = (int)((double)180. / distance4perStep);
00011f 940e 0283 	CALL SUBOPT_0x0
                +
000121 e0a0     +LDI R26 , LOW ( 0x43340000 )
000122 e0b0     +LDI R27 , HIGH ( 0x43340000 )
000123 e384     +LDI R24 , BYTE3 ( 0x43340000 )
000124 e493     +LDI R25 , BYTE4 ( 0x43340000 )
                 	__GETD2N 0x43340000
000125 940e 0286 	CALL SUBOPT_0x1
000127 93e0 0512 	STS  _Information,R30
000129 93f0 0513 	STS  _Information+1,R31
                 ; 0003 006C 	Information.nStep4Turn90forRight = (int)((PI*MOUSE_WIDTH/3.8)/distance4perStep);
00012b 940e 0283 	CALL SUBOPT_0x0
                +
00012d eaa3     +LDI R26 , LOW ( 0x428795A3 )
00012e e9b5     +LDI R27 , HIGH ( 0x428795A3 )
00012f e887     +LDI R24 , BYTE3 ( 0x428795A3 )
000130 e492     +LDI R25 , BYTE4 ( 0x428795A3 )
                 	__GETD2N 0x428795A3
000131 940e 0286 	CALL SUBOPT_0x1
                +
000133 93e0 0514+STS _Information + ( 2 ) , R30
000135 93f0 0515+STS _Information + ( 2 ) + 1 , R31
                 	__PUTW1MN _Information,2
                 ; 0003 006D 	Information.nStep4Turn90forLeft = (int)((PI*MOUSE_WIDTH/3.9)/distance4perStep);
000137 940e 0283 	CALL SUBOPT_0x0
                +
000139 eaa6     +LDI R26 , LOW ( 0x42841BA6 )
00013a e1bb     +LDI R27 , HIGH ( 0x42841BA6 )
00013b e884     +LDI R24 , BYTE3 ( 0x42841BA6 )
00013c e492     +LDI R25 , BYTE4 ( 0x42841BA6 )
                 	__GETD2N 0x42841BA6
00013d 940e 0286 	CALL SUBOPT_0x1
                +
00013f 93e0 0516+STS _Information + ( 4 ) , R30
000141 93f0 0517+STS _Information + ( 4 ) + 1 , R31
                 	__PUTW1MN _Information,4
                 ; 0003 006E }
000143 9624      	ADIW R28,4
000144 9508      	RET
                 ;
                 ;void Direction(int mode)
                 ; 0003 0071 {
                 _Direction:
                 ; 0003 0072      int LStepCount = 0, RStepCount = 0;
                 ; 0003 0073 
                 ; 0003 0074      TCCR1B = 0x04;
000145 940e 03c7 	CALL __SAVELOCR4
                 ;	mode -> Y+4
                 ;	LStepCount -> R16,R17
                 ;	RStepCount -> R18,R19
                +
000147 e000     +LDI R16 , LOW ( 0 )
000148 e010     +LDI R17 , HIGH ( 0 )
                 	__GETWRN 16,17,0
                +
000149 e020     +LDI R18 , LOW ( 0 )
00014a e030     +LDI R19 , HIGH ( 0 )
                 	__GETWRN 18,19,0
00014b e0e4      	LDI  R30,LOW(4)
00014c bdee      	OUT  0x2E,R30
                 ; 0003 0075      TCCR3B = 0x04;
00014d 93e0 008a 	STS  138,R30
                 ; 0003 0076 
                 ; 0003 0077      direction_control = mode;
00014f 80dc      	LDD  R13,Y+4
                 ; 0003 0078 
                 ; 0003 0079      Flag.LmotorRun = FALSE;
000150 e0e0      	LDI  R30,LOW(0)
000151 93e0 0518 	STS  _Flag,R30
                 ; 0003 007A      Flag.RmotorRun = FALSE;
                +
000153 93e0 0519+STS _Flag + ( 1 ) , R30
                 	__PUTB1MN _Flag,1
                 ; 0003 007B 
                 ; 0003 007C      switch(mode)
000155 81ec      	LDD  R30,Y+4
000156 81fd      	LDD  R31,Y+4+1
                 ; 0003 007D      {
                 ; 0003 007E      case FORWARD:
000157 30e4      	CPI  R30,LOW(0x4)
000158 e0a0      	LDI  R26,HIGH(0x4)
000159 07fa      	CPC  R31,R26
00015a f4c1      	BRNE _0x60008
                 ; 0003 007F           while(LStepCount<Information.nStep4perBlock || RStepCount<Information.nStep4perBlock)
                 _0x60009:
00015b 940e 028b 	CALL SUBOPT_0x2
00015d 170e      	CP   R16,R30
00015e 071f      	CPC  R17,R31
00015f f02c      	BRLT _0x6000C
000160 940e 028b 	CALL SUBOPT_0x2
000162 172e      	CP   R18,R30
000163 073f      	CPC  R19,R31
000164 f46c      	BRGE _0x6000B
                 _0x6000C:
                 ; 0003 0080           {
                 ; 0003 0081                if(Flag.LmotorRun)
000165 91e0 0518 	LDS  R30,_Flag
000167 30e0      	CPI  R30,0
000168 f011      	BREQ _0x6000E
                 ; 0003 0082                {
                 ; 0003 0083                     LStepCount++;
000169 940e 0290 	CALL SUBOPT_0x3
                 ; 0003 0084                     Flag.LmotorRun = FALSE;
                 ; 0003 0085                }
                 ; 0003 0086                if(Flag.RmotorRun)
                 _0x6000E:
                +
00016b 91e0 0519+LDS R30 , _Flag + ( 1 )
                 	__GETB1MN _Flag,1
00016d 30e0      	CPI  R30,0
00016e f011      	BREQ _0x6000F
                 ; 0003 0087                {
                 ; 0003 0088                     RStepCount++;
00016f 940e 0296 	CALL SUBOPT_0x4
                 ; 0003 0089                     Flag.RmotorRun = FALSE;
                 ; 0003 008A                }
                 ; 0003 008B           }
                 _0x6000F:
000171 cfe9      	RJMP _0x60009
                 _0x6000B:
                 ; 0003 008C           break;
000172 c067      	RJMP _0x60007
                 ; 0003 008D      case HALF:
                 _0x60008:
000173 30e8      	CPI  R30,LOW(0x8)
000174 e0a0      	LDI  R26,HIGH(0x8)
000175 07fa      	CPC  R31,R26
000176 f4c1      	BRNE _0x60010
                 ; 0003 008E           while(LStepCount<(Information.nStep4perBlock>>1) || RStepCount<(Information.nStep4perBlock>>1))
                 _0x60011:
000177 940e 028b 	CALL SUBOPT_0x2
000179 95f5      	ASR  R31
00017a 95e7      	ROR  R30
00017b 170e      	CP   R16,R30
00017c 071f      	CPC  R17,R31
00017d f01c      	BRLT _0x60014
00017e 172e      	CP   R18,R30
00017f 073f      	CPC  R19,R31
000180 f46c      	BRGE _0x60013
                 _0x60014:
                 ; 0003 008F           {
                 ; 0003 0090                if(Flag.LmotorRun)
000181 91e0 0518 	LDS  R30,_Flag
000183 30e0      	CPI  R30,0
000184 f011      	BREQ _0x60016
                 ; 0003 0091                {
                 ; 0003 0092                     LStepCount++;
000185 940e 0290 	CALL SUBOPT_0x3
                 ; 0003 0093                     Flag.LmotorRun = FALSE;
                 ; 0003 0094                }
                 ; 0003 0095                if(Flag.RmotorRun)
                 _0x60016:
                +
000187 91e0 0519+LDS R30 , _Flag + ( 1 )
                 	__GETB1MN _Flag,1
000189 30e0      	CPI  R30,0
00018a f011      	BREQ _0x60017
                 ; 0003 0096                {
                 ; 0003 0097                     RStepCount++;
00018b 940e 0296 	CALL SUBOPT_0x4
                 ; 0003 0098                     Flag.RmotorRun = FALSE;
                 ; 0003 0099                }
                 ; 0003 009A           }
                 _0x60017:
00018d cfe9      	RJMP _0x60011
                 _0x60013:
                 ; 0003 009B           break;
00018e c04b      	RJMP _0x60007
                 ; 0003 009C      case LEFT:
                 _0x60010:
00018f 30e5      	CPI  R30,LOW(0x5)
000190 e0a0      	LDI  R26,HIGH(0x5)
000191 07fa      	CPC  R31,R26
000192 f021      	BREQ _0x60019
                 ; 0003 009D      case RIGHT:
000193 30e6      	CPI  R30,LOW(0x6)
000194 e0a0      	LDI  R26,HIGH(0x6)
000195 07fa      	CPC  R31,R26
000196 f4e1      	BRNE _0x6001A
                 _0x60019:
                 ; 0003 009E           while(LStepCount<Information.nStep4Turn90forLeft || RStepCount<Information.nStep4Turn90forRight)
                 _0x6001B:
                +
000197 91e0 0516+LDS R30 , _Information + ( 4 )
000199 91f0 0517+LDS R31 , _Information + ( 4 ) + 1
                 	__GETW1MN _Information,4
00019b 170e      	CP   R16,R30
00019c 071f      	CPC  R17,R31
00019d f03c      	BRLT _0x6001E
                +
00019e 91e0 0514+LDS R30 , _Information + ( 2 )
0001a0 91f0 0515+LDS R31 , _Information + ( 2 ) + 1
                 	__GETW1MN _Information,2
0001a2 172e      	CP   R18,R30
0001a3 073f      	CPC  R19,R31
0001a4 f46c      	BRGE _0x6001D
                 _0x6001E:
                 ; 0003 009F           {
                 ; 0003 00A0                if(Flag.LmotorRun)
0001a5 91e0 0518 	LDS  R30,_Flag
0001a7 30e0      	CPI  R30,0
0001a8 f011      	BREQ _0x60020
                 ; 0003 00A1                {
                 ; 0003 00A2                     LStepCount++;
0001a9 940e 0290 	CALL SUBOPT_0x3
                 ; 0003 00A3                     Flag.LmotorRun = FALSE;
                 ; 0003 00A4                }
                 ; 0003 00A5                if(Flag.RmotorRun)
                 _0x60020:
                +
0001ab 91e0 0519+LDS R30 , _Flag + ( 1 )
                 	__GETB1MN _Flag,1
0001ad 30e0      	CPI  R30,0
0001ae f011      	BREQ _0x60021
                 ; 0003 00A6                {
                 ; 0003 00A7                     RStepCount++;
0001af 940e 0296 	CALL SUBOPT_0x4
                 ; 0003 00A8                     Flag.RmotorRun = FALSE;
                 ; 0003 00A9                }
                 ; 0003 00AA           }
                 _0x60021:
0001b1 cfe5      	RJMP _0x6001B
                 _0x6001D:
                 ; 0003 00AB           break;
0001b2 c027      	RJMP _0x60007
                 ; 0003 00AC      case BACK:
                 _0x6001A:
0001b3 30e7      	CPI  R30,LOW(0x7)
0001b4 e0a0      	LDI  R26,HIGH(0x7)
0001b5 07fa      	CPC  R31,R26
0001b6 f519      	BRNE _0x60007
                 ; 0003 00AD           while(LStepCount<(Information.nStep4Turn90forLeft*2) || RStepCount<(Information.nStep4Turn90forRight*2))
                 _0x60023:
                +
0001b7 91a0 0516+LDS R26 , _Information + ( 4 )
0001b9 91b0 0517+LDS R27 , _Information + ( 4 ) + 1
                 	__GETW2MN _Information,4
0001bb e0e2      	LDI  R30,LOW(2)
0001bc e0f0      	LDI  R31,HIGH(2)
0001bd 940e 0389 	CALL __MULW12
0001bf 170e      	CP   R16,R30
0001c0 071f      	CPC  R17,R31
0001c1 f05c      	BRLT _0x60026
                +
0001c2 91a0 0514+LDS R26 , _Information + ( 2 )
0001c4 91b0 0515+LDS R27 , _Information + ( 2 ) + 1
                 	__GETW2MN _Information,2
0001c6 e0e2      	LDI  R30,LOW(2)
0001c7 e0f0      	LDI  R31,HIGH(2)
0001c8 940e 0389 	CALL __MULW12
0001ca 172e      	CP   R18,R30
0001cb 073f      	CPC  R19,R31
0001cc f46c      	BRGE _0x60025
                 _0x60026:
                 ; 0003 00AE           {
                 ; 0003 00AF                if(Flag.LmotorRun)
0001cd 91e0 0518 	LDS  R30,_Flag
0001cf 30e0      	CPI  R30,0
0001d0 f011      	BREQ _0x60028
                 ; 0003 00B0                {
                 ; 0003 00B1                     LStepCount++;
0001d1 940e 0290 	CALL SUBOPT_0x3
                 ; 0003 00B2                     Flag.LmotorRun = FALSE;
                 ; 0003 00B3                }
                 ; 0003 00B4                if(Flag.RmotorRun)
                 _0x60028:
                +
0001d3 91e0 0519+LDS R30 , _Flag + ( 1 )
                 	__GETB1MN _Flag,1
0001d5 30e0      	CPI  R30,0
0001d6 f011      	BREQ _0x60029
                 ; 0003 00B5                {
                 ; 0003 00B6                     RStepCount++;
0001d7 940e 0296 	CALL SUBOPT_0x4
                 ; 0003 00B7                     Flag.RmotorRun = FALSE;
                 ; 0003 00B8                }
                 ; 0003 00B9           }
                 _0x60029:
0001d9 cfdd      	RJMP _0x60023
                 _0x60025:
                 ; 0003 00BA           break;
                 ; 0003 00BB 
                 ; 0003 00BC 
                 ; 0003 00BD      }
                 _0x60007:
                 ; 0003 00BE      TCCR1B = 0x00;
0001da e0e0      	LDI  R30,LOW(0)
0001db bdee      	OUT  0x2E,R30
                 ; 0003 00BF      TCCR3B = 0x00;
0001dc 93e0 008a 	STS  138,R30
                 ; 0003 00C0 }
0001de 940e 03cc 	CALL __LOADLOCR4
0001e0 9626      	ADIW R28,6
0001e1 9508      	RET
                 ;
                 ;// Timer 1 overflow interrupt service routine
                 ;interrupt [TIM1_OVF] void timer1_ovf_isr(void)
                 ; 0003 00C4 {
                 _timer1_ovf_isr:
0001e2 940e 029c 	CALL SUBOPT_0x5
                 ; 0003 00C5 // Place your code here
                 ; 0003 00C6      switch(direction_control)
                 ; 0003 00C7      {
                 ; 0003 00C8           case LEFT:
0001e4 30e5      	CPI  R30,LOW(0x5)
0001e5 e0a0      	LDI  R26,HIGH(0x5)
0001e6 07fa      	CPC  R31,R26
0001e7 f4a1      	BRNE _0x6002D
                 ; 0003 00C9                PORTD |= (rotateL[LeftstepCount]<<4);
0001e8 940e 02a8 	CALL SUBOPT_0x6
0001ea 29e0      	OR   R30,R0
0001eb bbe2      	OUT  0x12,R30
                 ; 0003 00CA                PORTD &= ((rotateL[LeftstepCount]<<4)+0x0f);
0001ec 940e 02a8 	CALL SUBOPT_0x6
0001ee 5fe1      	SUBI R30,-LOW(15)
0001ef 21e0      	AND  R30,R0
0001f0 bbe2      	OUT  0x12,R30
                 ; 0003 00CB                LeftstepCount--;
0001f1 01f2      	MOVW R30,R4
0001f2 9731      	SBIW R30,1
0001f3 012f      	MOVW R4,R30
                 ; 0003 00CC                if(LeftstepCount < 0)
0001f4 2400      	CLR  R0
0001f5 1440      	CP   R4,R0
0001f6 0450      	CPC  R5,R0
0001f7 f41c      	BRGE _0x6002E
                 ; 0003 00CD                     LeftstepCount = sizeof(rotateL)-1;
0001f8 e0e7      	LDI  R30,LOW(7)
0001f9 e0f0      	LDI  R31,HIGH(7)
0001fa 012f      	MOVW R4,R30
                 ; 0003 00CE                break;
                 _0x6002E:
0001fb c024      	RJMP _0x6002C
                 ; 0003 00CF           case RIGHT:
                 _0x6002D:
0001fc 30e6      	CPI  R30,LOW(0x6)
0001fd e0a0      	LDI  R26,HIGH(0x6)
0001fe 07fa      	CPC  R31,R26
0001ff f021      	BREQ _0x60030
                 ; 0003 00D0           case BACK:
000200 30e7      	CPI  R30,LOW(0x7)
000201 e0a0      	LDI  R26,HIGH(0x7)
000202 07fa      	CPC  R31,R26
000203 f409      	BRNE _0x60031
                 _0x60030:
                 ; 0003 00D1           case FORWARD:
000204 c004      	RJMP _0x60032
                 _0x60031:
000205 30e4      	CPI  R30,LOW(0x4)
000206 e0a0      	LDI  R26,HIGH(0x4)
000207 07fa      	CPC  R31,R26
000208 f409      	BRNE _0x60033
                 _0x60032:
                 ; 0003 00D2           case HALF:
000209 c004      	RJMP _0x60034
                 _0x60033:
00020a 30e8      	CPI  R30,LOW(0x8)
00020b e0a0      	LDI  R26,HIGH(0x8)
00020c 07fa      	CPC  R31,R26
00020d f491      	BRNE _0x6002C
                 _0x60034:
                 ; 0003 00D3                PORTD |= (rotateL[LeftstepCount]<<4);
00020e 940e 02a8 	CALL SUBOPT_0x6
000210 29e0      	OR   R30,R0
000211 bbe2      	OUT  0x12,R30
                 ; 0003 00D4                PORTD &= ((rotateL[LeftstepCount]<<4)+0x0f);
000212 940e 02a8 	CALL SUBOPT_0x6
000214 5fe1      	SUBI R30,-LOW(15)
000215 21e0      	AND  R30,R0
000216 bbe2      	OUT  0x12,R30
                 ; 0003 00D5                LeftstepCount++;
000217 01f2      	MOVW R30,R4
000218 9631      	ADIW R30,1
000219 012f      	MOVW R4,R30
                 ; 0003 00D6                LeftstepCount %= sizeof(rotateL);
00021a 01d2      	MOVW R26,R4
00021b e0e8      	LDI  R30,LOW(8)
00021c e0f0      	LDI  R31,HIGH(8)
00021d 940e 03a1 	CALL __MODW21
00021f 012f      	MOVW R4,R30
                 ; 0003 00D7                break;
                 ; 0003 00D8      }
                 _0x6002C:
                 ; 0003 00D9      Flag.LmotorRun = TRUE;
000220 e0e1      	LDI  R30,LOW(1)
000221 93e0 0518 	STS  _Flag,R30
                 ; 0003 00DA 
                 ; 0003 00DB      TCNT1H = VelocityLeftmotorTCNT1 >> 8;
000223 2de9      	MOV  R30,R9
000224 70f0      	ANDI R31,HIGH(0x0)
000225 bded      	OUT  0x2D,R30
                 ; 0003 00DC      TCNT1L = VelocityLeftmotorTCNT1 & 0xff;
000226 2de8      	MOV  R30,R8
000227 bdec      	OUT  0x2C,R30
                 ; 0003 00DD }
000228 c045      	RJMP _0x60042
                 ;
                 ;// Timer 3 overflow interrupt service routine
                 ;interrupt [TIM3_OVF] void timer3_ovf_isr(void)
                 ; 0003 00E1 {
                 _timer3_ovf_isr:
000229 940e 029c 	CALL SUBOPT_0x5
                 ; 0003 00E2 // Place your code here
                 ; 0003 00E3      switch(direction_control)
                 ; 0003 00E4      {
                 ; 0003 00E5           case RIGHT:
00022b 30e6      	CPI  R30,LOW(0x6)
00022c e0a0      	LDI  R26,HIGH(0x6)
00022d 07fa      	CPC  R31,R26
00022e f021      	BREQ _0x6003A
                 ; 0003 00E6           case BACK:
00022f 30e7      	CPI  R30,LOW(0x7)
000230 e0a0      	LDI  R26,HIGH(0x7)
000231 07fa      	CPC  R31,R26
000232 f4a1      	BRNE _0x6003B
                 _0x6003A:
                 ; 0003 00E7                PORTE |= (rotateR[RightstepCount]<<4);
000233 940e 02b1 	CALL SUBOPT_0x7
000235 29e0      	OR   R30,R0
000236 b9e3      	OUT  0x3,R30
                 ; 0003 00E8                PORTE &= ((rotateR[RightstepCount]<<4)+0x0f);
000237 940e 02b1 	CALL SUBOPT_0x7
000239 5fe1      	SUBI R30,-LOW(15)
00023a 21e0      	AND  R30,R0
00023b b9e3      	OUT  0x3,R30
                 ; 0003 00E9                RightstepCount--;
00023c 01f3      	MOVW R30,R6
00023d 9731      	SBIW R30,1
00023e 013f      	MOVW R6,R30
                 ; 0003 00EA                if(RightstepCount < 0)
00023f 2400      	CLR  R0
000240 1460      	CP   R6,R0
000241 0470      	CPC  R7,R0
000242 f41c      	BRGE _0x6003C
                 ; 0003 00EB                     RightstepCount = sizeof(rotateR)-1;
000243 e0e7      	LDI  R30,LOW(7)
000244 e0f0      	LDI  R31,HIGH(7)
000245 013f      	MOVW R6,R30
                 ; 0003 00EC                break;
                 _0x6003C:
000246 c01f      	RJMP _0x60038
                 ; 0003 00ED           case FORWARD:
                 _0x6003B:
000247 30e4      	CPI  R30,LOW(0x4)
000248 e0a0      	LDI  R26,HIGH(0x4)
000249 07fa      	CPC  R31,R26
00024a f021      	BREQ _0x6003E
                 ; 0003 00EE           case HALF:
00024b 30e8      	CPI  R30,LOW(0x8)
00024c e0a0      	LDI  R26,HIGH(0x8)
00024d 07fa      	CPC  R31,R26
00024e f409      	BRNE _0x6003F
                 _0x6003E:
                 ; 0003 00EF           case LEFT:
00024f c004      	RJMP _0x60040
                 _0x6003F:
000250 30e5      	CPI  R30,LOW(0x5)
000251 e0a0      	LDI  R26,HIGH(0x5)
000252 07fa      	CPC  R31,R26
000253 f491      	BRNE _0x60038
                 _0x60040:
                 ; 0003 00F0                PORTE |= (rotateR[RightstepCount]<<4);
000254 940e 02b1 	CALL SUBOPT_0x7
000256 29e0      	OR   R30,R0
000257 b9e3      	OUT  0x3,R30
                 ; 0003 00F1                PORTE &= ((rotateR[RightstepCount]<<4)+0x0f);
000258 940e 02b1 	CALL SUBOPT_0x7
00025a 5fe1      	SUBI R30,-LOW(15)
00025b 21e0      	AND  R30,R0
00025c b9e3      	OUT  0x3,R30
                 ; 0003 00F2                RightstepCount++;
00025d 01f3      	MOVW R30,R6
00025e 9631      	ADIW R30,1
00025f 013f      	MOVW R6,R30
                 ; 0003 00F3                RightstepCount %= sizeof(rotateR);
000260 01d3      	MOVW R26,R6
000261 e0e8      	LDI  R30,LOW(8)
000262 e0f0      	LDI  R31,HIGH(8)
000263 940e 03a1 	CALL __MODW21
000265 013f      	MOVW R6,R30
                 ; 0003 00F4                break;
                 ; 0003 00F5      }
                 _0x60038:
                 ; 0003 00F6      Flag.RmotorRun = TRUE;
000266 e0e1      	LDI  R30,LOW(1)
                +
000267 93e0 0519+STS _Flag + ( 1 ) , R30
                 	__PUTB1MN _Flag,1
                 ; 0003 00F7 
                 ; 0003 00F8      TCNT3H = VelocityRightmotorTCNT3 >> 8;
000269 92b0 0089 	STS  137,R11
                 ; 0003 00F9      TCNT3L = VelocityRightmotorTCNT3 & 0xff;
00026b 2dea      	MOV  R30,R10
00026c 93e0 0088 	STS  136,R30
                 ; 0003 00FA }
                 _0x60042:
00026e 91e9      	LD   R30,Y+
00026f bfef      	OUT  SREG,R30
000270 91f9      	LD   R31,Y+
000271 91e9      	LD   R30,Y+
000272 91b9      	LD   R27,Y+
000273 91a9      	LD   R26,Y+
000274 9199      	LD   R25,Y+
000275 9019      	LD   R1,Y+
000276 9009      	LD   R0,Y+
000277 9518      	RETI
                 ;#include <mega128.h>
                 	#ifndef __SLEEP_DEFINED__
                 	#endif
                 ;#include "switch.h"
                 ;#include "LED.h"
                 ;
                 ;// Declare your global variables here
                 ;struct Buttons{
                 ;    char SW1;
                 ;    char SW2;
                 ;}Button;
                 ;
                 ;// External Interrupt 0 service routine
                 ;interrupt [EXT_INT0] void ext_int0_isr(void)
                 ; 0004 000D {
                 
                 	.CSEG
                 _ext_int0_isr:
000278 93ea      	ST   -Y,R30
                 ; 0004 000E // Place your code here
                 ; 0004 000F      Button.SW1 = TRUE;
000279 e0e1      	LDI  R30,LOW(1)
00027a 93e0 0500 	STS  _Button,R30
                 ; 0004 0010 }
00027c c004      	RJMP _0x80003
                 ;
                 ;// External Interrupt 1 service routine
                 ;interrupt [EXT_INT1] void ext_int1_isr(void)
                 ; 0004 0014 {
                 _ext_int1_isr:
00027d 93ea      	ST   -Y,R30
                 ; 0004 0015 // Place your code here
                 ; 0004 0016      Button.SW2 = TRUE;
00027e e0e1      	LDI  R30,LOW(1)
                +
00027f 93e0 0501+STS _Button + ( 1 ) , R30
                 	__PUTB1MN _Button,1
                 ; 0004 0017 }
                 _0x80003:
000281 91e9      	LD   R30,Y+
000282 9518      	RETI
                 ;
                 ;void InitializeSwitch(void)
                 ; 0004 001A {
                 ; 0004 001B // 스위치 PORTD 0,1
                 ; 0004 001C      PORTD &= 0xfc;
                 ; 0004 001D      DDRD &= 0xfc;
                 ; 0004 001E 
                 ; 0004 001F      EICRA=0x0A;
                 ; 0004 0020      EICRB=0x00;
                 ; 0004 0021      EIMSK=0x03;
                 ; 0004 0022      EIFR=0x03;
                 ; 0004 0023 }
                 ;char SW1(void)
                 ; 0004 0025 {
                 ; 0004 0026      char ret;
                 ; 0004 0027 
                 ; 0004 0028      ret = Button.SW1;
                 ;	ret -> R17
                 ; 0004 0029      Button.SW1 = FALSE;
                 ; 0004 002A 
                 ; 0004 002B      return ret;
                 ; 0004 002C }
                 ;
                 ;char SW2(void)
                 ; 0004 002F {
                 ; 0004 0030      char ret;
                 ; 0004 0031 
                 ; 0004 0032      ret = Button.SW2;
                 ;	ret -> R17
                 ; 0004 0033      Button.SW2 = FALSE;
                 ; 0004 0034 
                 ; 0004 0035      return ret;
                 ; 0004 0036 }
                 
                 	.CSEG
                 	#ifndef __SLEEP_DEFINED__
                 	#endif
                 
                 	.CSEG
                 
                 	.CSEG
                 
                 	.DSEG
                 
                 	.CSEG
                 
                 	.CSEG
                 
                 	.CSEG
                 
                 	.DSEG
                 _Button:
000500           	.BYTE 0x2
                 _rotateR:
000502           	.BYTE 0x8
                 _rotateL:
00050a           	.BYTE 0x8
                 _Information:
000512           	.BYTE 0x6
                 _Flag:
000518           	.BYTE 0x2
                 __seed_G102:
00051a           	.BYTE 0x4
                 
                 	.CSEG
                 ;OPTIMIZER ADDED SUBROUTINE, CALLED 3 TIMES, CODE SIZE REDUCTION:1 WORDS
                 SUBOPT_0x0:
000283 940e 03bd 	CALL __GETD1S0
000285 9508      	RET
                 
                 ;OPTIMIZER ADDED SUBROUTINE, CALLED 3 TIMES, CODE SIZE REDUCTION:1 WORDS
                 SUBOPT_0x1:
000286 940e 0330 	CALL __DIVF21
000288 940e 02e9 	CALL __CFD1
00028a 9508      	RET
                 
                 ;OPTIMIZER ADDED SUBROUTINE, CALLED 3 TIMES, CODE SIZE REDUCTION:1 WORDS
                 SUBOPT_0x2:
00028b 91e0 0512 	LDS  R30,_Information
00028d 91f0 0513 	LDS  R31,_Information+1
00028f 9508      	RET
                 
                 ;OPTIMIZER ADDED SUBROUTINE, CALLED 4 TIMES, CODE SIZE REDUCTION:6 WORDS
                 SUBOPT_0x3:
                +
000290 5f0f     +SUBI R16 , LOW ( - 1 )
000291 4f1f     +SBCI R17 , HIGH ( - 1 )
                 	__ADDWRN 16,17,1
000292 e0e0      	LDI  R30,LOW(0)
000293 93e0 0518 	STS  _Flag,R30
000295 9508      	RET
                 
                 ;OPTIMIZER ADDED SUBROUTINE, CALLED 4 TIMES, CODE SIZE REDUCTION:6 WORDS
                 SUBOPT_0x4:
                +
000296 5f2f     +SUBI R18 , LOW ( - 1 )
000297 4f3f     +SBCI R19 , HIGH ( - 1 )
                 	__ADDWRN 18,19,1
000298 e0e0      	LDI  R30,LOW(0)
                +
000299 93e0 0519+STS _Flag + ( 1 ) , R30
                 	__PUTB1MN _Flag,1
00029b 9508      	RET
                 
                 ;OPTIMIZER ADDED SUBROUTINE, CALLED 2 TIMES, CODE SIZE REDUCTION:8 WORDS
                 SUBOPT_0x5:
00029c 920a      	ST   -Y,R0
00029d 921a      	ST   -Y,R1
00029e 939a      	ST   -Y,R25
00029f 93aa      	ST   -Y,R26
0002a0 93ba      	ST   -Y,R27
0002a1 93ea      	ST   -Y,R30
0002a2 93fa      	ST   -Y,R31
0002a3 b7ef      	IN   R30,SREG
0002a4 93ea      	ST   -Y,R30
0002a5 2ded      	MOV  R30,R13
0002a6 e0f0      	LDI  R31,0
0002a7 9508      	RET
                 
                 ;OPTIMIZER ADDED SUBROUTINE, CALLED 4 TIMES, CODE SIZE REDUCTION:15 WORDS
                 SUBOPT_0x6:
0002a8 b202      	IN   R0,18
0002a9 e0aa      	LDI  R26,LOW(_rotateL)
0002aa e0b5      	LDI  R27,HIGH(_rotateL)
0002ab 0da4      	ADD  R26,R4
0002ac 1db5      	ADC  R27,R5
0002ad 91ec      	LD   R30,X
0002ae 95e2      	SWAP R30
0002af 7fe0      	ANDI R30,0xF0
0002b0 9508      	RET
                 
                 ;OPTIMIZER ADDED SUBROUTINE, CALLED 4 TIMES, CODE SIZE REDUCTION:15 WORDS
                 SUBOPT_0x7:
0002b1 b003      	IN   R0,3
0002b2 e0a2      	LDI  R26,LOW(_rotateR)
0002b3 e0b5      	LDI  R27,HIGH(_rotateR)
0002b4 0da6      	ADD  R26,R6
0002b5 1db7      	ADC  R27,R7
0002b6 91ec      	LD   R30,X
0002b7 95e2      	SWAP R30
0002b8 7fe0      	ANDI R30,0xF0
0002b9 9508      	RET
                 
                 
                 	.CSEG
                 __ROUND_REPACK:
0002ba 2355      	TST  R21
0002bb f442      	BRPL __REPACK
0002bc 3850      	CPI  R21,0x80
0002bd f411      	BRNE __ROUND_REPACK0
0002be ffe0      	SBRS R30,0
0002bf c004      	RJMP __REPACK
                 __ROUND_REPACK0:
0002c0 9631      	ADIW R30,1
0002c1 1f69      	ADC  R22,R25
0002c2 1f79      	ADC  R23,R25
0002c3 f06b      	BRVS __REPACK1
                 
                 __REPACK:
0002c4 e850      	LDI  R21,0x80
0002c5 2757      	EOR  R21,R23
0002c6 f411      	BRNE __REPACK0
0002c7 935f      	PUSH R21
0002c8 c055      	RJMP __ZERORES
                 __REPACK0:
0002c9 3f5f      	CPI  R21,0xFF
0002ca f031      	BREQ __REPACK1
0002cb 0f66      	LSL  R22
0002cc 0c00      	LSL  R0
0002cd 9557      	ROR  R21
0002ce 9567      	ROR  R22
0002cf 2f75      	MOV  R23,R21
0002d0 9508      	RET
                 __REPACK1:
0002d1 935f      	PUSH R21
0002d2 2000      	TST  R0
0002d3 f00a      	BRMI __REPACK2
0002d4 c055      	RJMP __MAXRES
                 __REPACK2:
0002d5 c04e      	RJMP __MINRES
                 
                 __UNPACK:
0002d6 e850      	LDI  R21,0x80
0002d7 2e19      	MOV  R1,R25
0002d8 2215      	AND  R1,R21
0002d9 0f88      	LSL  R24
0002da 1f99      	ROL  R25
0002db 2795      	EOR  R25,R21
0002dc 0f55      	LSL  R21
0002dd 9587      	ROR  R24
                 
                 __UNPACK1:
0002de e850      	LDI  R21,0x80
0002df 2e07      	MOV  R0,R23
0002e0 2205      	AND  R0,R21
0002e1 0f66      	LSL  R22
0002e2 1f77      	ROL  R23
0002e3 2775      	EOR  R23,R21
0002e4 0f55      	LSL  R21
0002e5 9567      	ROR  R22
0002e6 9508      	RET
                 
                 __CFD1U:
0002e7 9468      	SET
0002e8 c001      	RJMP __CFD1U0
                 __CFD1:
0002e9 94e8      	CLT
                 __CFD1U0:
0002ea 935f      	PUSH R21
0002eb dff2      	RCALL __UNPACK1
0002ec 3870      	CPI  R23,0x80
0002ed f018      	BRLO __CFD10
0002ee 3f7f      	CPI  R23,0xFF
0002ef f408      	BRCC __CFD10
0002f0 c02d      	RJMP __ZERORES
                 __CFD10:
0002f1 e156      	LDI  R21,22
0002f2 1b57      	SUB  R21,R23
0002f3 f4aa      	BRPL __CFD11
0002f4 9551      	NEG  R21
0002f5 3058      	CPI  R21,8
0002f6 f40e      	BRTC __CFD19
0002f7 3059      	CPI  R21,9
                 __CFD19:
0002f8 f030      	BRLO __CFD17
0002f9 efef      	SER  R30
0002fa efff      	SER  R31
0002fb ef6f      	SER  R22
0002fc e77f      	LDI  R23,0x7F
0002fd f977      	BLD  R23,7
0002fe c01a      	RJMP __CFD15
                 __CFD17:
0002ff 2777      	CLR  R23
000300 2355      	TST  R21
000301 f0b9      	BREQ __CFD15
                 __CFD18:
000302 0fee      	LSL  R30
000303 1fff      	ROL  R31
000304 1f66      	ROL  R22
000305 1f77      	ROL  R23
000306 955a      	DEC  R21
000307 f7d1      	BRNE __CFD18
000308 c010      	RJMP __CFD15
                 __CFD11:
000309 2777      	CLR  R23
                 __CFD12:
00030a 3058      	CPI  R21,8
00030b f028      	BRLO __CFD13
00030c 2fef      	MOV  R30,R31
00030d 2ff6      	MOV  R31,R22
00030e 2f67      	MOV  R22,R23
00030f 5058      	SUBI R21,8
000310 cff9      	RJMP __CFD12
                 __CFD13:
000311 2355      	TST  R21
000312 f031      	BREQ __CFD15
                 __CFD14:
000313 9576      	LSR  R23
000314 9567      	ROR  R22
000315 95f7      	ROR  R31
000316 95e7      	ROR  R30
000317 955a      	DEC  R21
000318 f7d1      	BRNE __CFD14
                 __CFD15:
000319 2000      	TST  R0
00031a f40a      	BRPL __CFD16
00031b d05d      	RCALL __ANEGD1
                 __CFD16:
00031c 915f      	POP  R21
00031d 9508      	RET
                 
                 __ZERORES:
00031e 27ee      	CLR  R30
00031f 27ff      	CLR  R31
000320 2766      	CLR  R22
000321 2777      	CLR  R23
000322 915f      	POP  R21
000323 9508      	RET
                 
                 __MINRES:
000324 efef      	SER  R30
000325 efff      	SER  R31
000326 e76f      	LDI  R22,0x7F
000327 ef7f      	SER  R23
000328 915f      	POP  R21
000329 9508      	RET
                 
                 __MAXRES:
00032a efef      	SER  R30
00032b efff      	SER  R31
00032c e76f      	LDI  R22,0x7F
00032d e77f      	LDI  R23,0x7F
00032e 915f      	POP  R21
00032f 9508      	RET
                 
                 __DIVF21:
000330 935f      	PUSH R21
000331 dfa4      	RCALL __UNPACK
000332 3870      	CPI  R23,0x80
000333 f421      	BRNE __DIVF210
000334 2011      	TST  R1
                 __DIVF211:
000335 f40a      	BRPL __DIVF219
000336 cfed      	RJMP __MINRES
                 __DIVF219:
000337 cff2      	RJMP __MAXRES
                 __DIVF210:
000338 3890      	CPI  R25,0x80
000339 f409      	BRNE __DIVF218
                 __DIVF217:
00033a cfe3      	RJMP __ZERORES
                 __DIVF218:
00033b 2401      	EOR  R0,R1
00033c 9408      	SEC
00033d 0b97      	SBC  R25,R23
00033e f41b      	BRVC __DIVF216
00033f f3d4      	BRLT __DIVF217
000340 2000      	TST  R0
000341 cff3      	RJMP __DIVF211
                 __DIVF216:
000342 2f79      	MOV  R23,R25
000343 931f      	PUSH R17
000344 932f      	PUSH R18
000345 933f      	PUSH R19
000346 934f      	PUSH R20
000347 2411      	CLR  R1
000348 2711      	CLR  R17
000349 2722      	CLR  R18
00034a 2733      	CLR  R19
00034b 2744      	CLR  R20
00034c 2755      	CLR  R21
00034d e290      	LDI  R25,32
                 __DIVF212:
00034e 17ae      	CP   R26,R30
00034f 07bf      	CPC  R27,R31
000350 0786      	CPC  R24,R22
000351 0741      	CPC  R20,R17
000352 f030      	BRLO __DIVF213
000353 1bae      	SUB  R26,R30
000354 0bbf      	SBC  R27,R31
000355 0b86      	SBC  R24,R22
000356 0b41      	SBC  R20,R17
000357 9408      	SEC
000358 c001      	RJMP __DIVF214
                 __DIVF213:
000359 9488      	CLC
                 __DIVF214:
00035a 1f55      	ROL  R21
00035b 1f22      	ROL  R18
00035c 1f33      	ROL  R19
00035d 1c11      	ROL  R1
00035e 1faa      	ROL  R26
00035f 1fbb      	ROL  R27
000360 1f88      	ROL  R24
000361 1f44      	ROL  R20
000362 959a      	DEC  R25
000363 f751      	BRNE __DIVF212
000364 01f9      	MOVW R30,R18
000365 2d61      	MOV  R22,R1
000366 914f      	POP  R20
000367 913f      	POP  R19
000368 912f      	POP  R18
000369 911f      	POP  R17
00036a 2366      	TST  R22
00036b f032      	BRMI __DIVF215
00036c 0f55      	LSL  R21
00036d 1fee      	ROL  R30
00036e 1fff      	ROL  R31
00036f 1f66      	ROL  R22
000370 957a      	DEC  R23
000371 f243      	BRVS __DIVF217
                 __DIVF215:
000372 df47      	RCALL __ROUND_REPACK
000373 915f      	POP  R21
000374 9508      	RET
                 
                 __ANEGW1:
000375 95f1      	NEG  R31
000376 95e1      	NEG  R30
000377 40f0      	SBCI R31,0
000378 9508      	RET
                 
                 __ANEGD1:
000379 95f0      	COM  R31
00037a 9560      	COM  R22
00037b 9570      	COM  R23
00037c 95e1      	NEG  R30
00037d 4fff      	SBCI R31,-1
00037e 4f6f      	SBCI R22,-1
00037f 4f7f      	SBCI R23,-1
000380 9508      	RET
                 
                 __MULW12U:
000381 9ffa      	MUL  R31,R26
000382 2df0      	MOV  R31,R0
000383 9feb      	MUL  R30,R27
000384 0df0      	ADD  R31,R0
000385 9fea      	MUL  R30,R26
000386 2de0      	MOV  R30,R0
000387 0df1      	ADD  R31,R1
000388 9508      	RET
                 
                 __MULW12:
000389 d025      	RCALL __CHKSIGNW
00038a dff6      	RCALL __MULW12U
00038b f40e      	BRTC __MULW121
00038c dfe8      	RCALL __ANEGW1
                 __MULW121:
00038d 9508      	RET
                 
                 __DIVW21U:
00038e 2400      	CLR  R0
00038f 2411      	CLR  R1
000390 e190      	LDI  R25,16
                 __DIVW21U1:
000391 0faa      	LSL  R26
000392 1fbb      	ROL  R27
000393 1c00      	ROL  R0
000394 1c11      	ROL  R1
000395 1a0e      	SUB  R0,R30
000396 0a1f      	SBC  R1,R31
000397 f418      	BRCC __DIVW21U2
000398 0e0e      	ADD  R0,R30
000399 1e1f      	ADC  R1,R31
00039a c001      	RJMP __DIVW21U3
                 __DIVW21U2:
00039b 60a1      	SBR  R26,1
                 __DIVW21U3:
00039c 959a      	DEC  R25
00039d f799      	BRNE __DIVW21U1
00039e 01fd      	MOVW R30,R26
00039f 01d0      	MOVW R26,R0
0003a0 9508      	RET
                 
                 __MODW21:
0003a1 94e8      	CLT
0003a2 ffb7      	SBRS R27,7
0003a3 c004      	RJMP __MODW211
0003a4 95a0      	COM  R26
0003a5 95b0      	COM  R27
0003a6 9611      	ADIW R26,1
0003a7 9468      	SET
                 __MODW211:
0003a8 fdf7      	SBRC R31,7
0003a9 dfcb      	RCALL __ANEGW1
0003aa dfe3      	RCALL __DIVW21U
0003ab 01fd      	MOVW R30,R26
0003ac f40e      	BRTC __MODW212
0003ad dfc7      	RCALL __ANEGW1
                 __MODW212:
0003ae 9508      	RET
                 
                 __CHKSIGNW:
0003af 94e8      	CLT
0003b0 fff7      	SBRS R31,7
0003b1 c002      	RJMP __CHKSW1
0003b2 dfc2      	RCALL __ANEGW1
0003b3 9468      	SET
                 __CHKSW1:
0003b4 ffb7      	SBRS R27,7
0003b5 c006      	RJMP __CHKSW2
0003b6 95a0      	COM  R26
0003b7 95b0      	COM  R27
0003b8 9611      	ADIW R26,1
0003b9 f800      	BLD  R0,0
0003ba 9403      	INC  R0
0003bb fa00      	BST  R0,0
                 __CHKSW2:
0003bc 9508      	RET
                 
                 __GETD1S0:
0003bd 81e8      	LD   R30,Y
0003be 81f9      	LDD  R31,Y+1
0003bf 816a      	LDD  R22,Y+2
0003c0 817b      	LDD  R23,Y+3
0003c1 9508      	RET
                 
                 __PUTD1S0:
0003c2 83e8      	ST   Y,R30
0003c3 83f9      	STD  Y+1,R31
0003c4 836a      	STD  Y+2,R22
0003c5 837b      	STD  Y+3,R23
0003c6 9508      	RET
                 
                 __SAVELOCR4:
0003c7 933a      	ST   -Y,R19
                 __SAVELOCR3:
0003c8 932a      	ST   -Y,R18
                 __SAVELOCR2:
0003c9 931a      	ST   -Y,R17
0003ca 930a      	ST   -Y,R16
0003cb 9508      	RET
                 
                 __LOADLOCR4:
0003cc 813b      	LDD  R19,Y+3
                 __LOADLOCR3:
0003cd 812a      	LDD  R18,Y+2
                 __LOADLOCR2:
0003ce 8119      	LDD  R17,Y+1
0003cf 8108      	LD   R16,Y
0003d0 9508      	RET
                 
                 ;END OF CODE MARKER
                 __END_OF_CODE:


RESOURCE USE INFORMATION
------------------------

Notice:
The register and instruction counts are symbol table hit counts,
and hence implicitly used resources are not counted, eg, the
'lpm' instruction without operands implicitly uses r0 and z,
none of which are counted.

x,y,z are separate entities in the symbol table and are
counted separately from r26..r31 here.

.dseg memory usage only counts static data declared with .byte

ATmega128L register use summary:
r0 :  40 r1 :  15 r2 :   0 r3 :   0 r4 :  10 r5 :   3 r6 :  10 r7 :   3 
r8 :   2 r9 :   1 r10:   2 r11:   1 r12:   0 r13:   2 r14:   0 r15:   0 
r16:   8 r17:  13 r18:  13 r19:  12 r20:   6 r21:  38 r22:  25 r23:  28 
r24:  16 r25:  19 r26:  60 r27:  23 r28:   4 r29:   1 r30: 249 r31:  75 
x  :   5 y  :  40 z  :   7 
Registers used: 30 out of 35 (85.7%)

ATmega128L instruction use summary:
.lds  :   0 .lds.l:   0 .sts  :   0 .sts.l:   0 adc   :   5 add   :   5 
adiw  :   7 and   :   6 andi  :  10 asr   :   1 bclr  :   0 bld   :   2 
brbc  :   0 brbs  :   0 brcc  :   2 brcs  :   0 break :   0 breq  :  16 
brge  :   6 brhc  :   0 brhs  :   0 brid  :   0 brie  :   0 brlo  :   4 
brlt  :   5 brmi  :   2 brne  :  22 brpl  :   4 brsh  :   0 brtc  :   3 
brts  :   0 brvc  :   1 brvs  :   2 bset  :   0 bst   :   1 call  :  40 
cbi   :   0 cbr   :   0 clc   :   1 clh   :   0 cli   :   1 cln   :   0 
clr   :  22 cls   :   0 clt   :   3 clv   :   0 clz   :   0 com   :   7 
cp    :  11 cpc   :  28 cpi   :  32 cpse  :   0 dec   :   6 des   :   0 
elpm  :   0 eor   :   4 fmul  :   0 fmuls :   0 fmulsu:   0 icall :   0 
ijmp  :   0 in    :  10 inc   :   1 jmp   :  36 ld    :  13 ldd   :   9 
ldi   :  98 lds   :  22 lpm   :   7 lsl   :   9 lsr   :   1 mov   :  14 
movw  :  23 mul   :   3 muls  :   0 mulsu :   0 neg   :   4 nop   :   0 
or    :   4 ori   :   4 out   :  42 pop   :   9 push  :   8 rcall :  12 
ret   :  30 reti  :   2 rjmp  :  34 rol   :  19 ror   :   8 sbc   :   5 
sbci  :   6 sbi   :   0 sbic  :   0 sbis  :   0 sbiw  :   6 sbr   :   1 
sbrc  :   1 sbrs  :   4 sec   :   2 seh   :   0 sei   :   1 sen   :   0 
ser   :   8 ses   :   0 set   :   3 sev   :   0 sez   :   0 sleep :   0 
spm   :   0 st    :  20 std   :   3 sts   :  39 sub   :   3 subi  :   7 
swap  :   2 tst   :   8 wdr   :   0 
Instructions used: 72 out of 117 (61.5%)

ATmega128L memory use summary [bytes]:
Segment   Begin    End      Code   Data   Used    Size   Use%
---------------------------------------------------------------
[.cseg] 0x000000 0x0007a2   1874     80   1954  131072   1.5%
[.dseg] 0x000100 0x00051e      0     30     30    4351   0.7%
[.eseg] 0x000000 0x000000      0      0      0    4096   0.0%

Assembly complete, 0 errors, 7 warnings
